dimanche 21 décembre 2014, 03:27:03 (UTC+0100)
~~~~~~~~~~~ modele cinq ~~~~~~~~~~~~~
./Bin/initialisation: 27: ./Bin/initialisation: HInit: not found
~~~~~~~~~~~ modele cinquante ~~~~~~~~~~~~~
./Bin/initialisation: 27: ./Bin/initialisation: HInit: not found
~~~~~~~~~~~ modele deux ~~~~~~~~~~~~~
./Bin/initialisation: 27: ./Bin/initialisation: HInit: not found
~~~~~~~~~~~ modele diviser ~~~~~~~~~~~~~
./Bin/initialisation: 27: ./Bin/initialisation: HInit: not found
~~~~~~~~~~~ modele dix ~~~~~~~~~~~~~
./Bin/initialisation: 27: ./Bin/initialisation: HInit: not found
~~~~~~~~~~~ modele douze ~~~~~~~~~~~~~
./Bin/initialisation: 27: ./Bin/initialisation: HInit: not found
~~~~~~~~~~~ modele egal ~~~~~~~~~~~~~
./Bin/initialisation: 27: ./Bin/initialisation: HInit: not found
~~~~~~~~~~~ modele et ~~~~~~~~~~~~~
./Bin/initialisation: 27: ./Bin/initialisation: HInit: not found
~~~~~~~~~~~ modele fois ~~~~~~~~~~~~~
./Bin/initialisation: 27: ./Bin/initialisation: HInit: not found
~~~~~~~~~~~ modele huit ~~~~~~~~~~~~~
./Bin/initialisation: 27: ./Bin/initialisation: HInit: not found
~~~~~~~~~~~ modele moins ~~~~~~~~~~~~~
./Bin/initialisation: 27: ./Bin/initialisation: HInit: not found
~~~~~~~~~~~ modele multiplier ~~~~~~~~~~~~~
./Bin/initialisation: 27: ./Bin/initialisation: HInit: not found
~~~~~~~~~~~ modele neuf ~~~~~~~~~~~~~
./Bin/initialisation: 27: ./Bin/initialisation: HInit: not found
~~~~~~~~~~~ modele onze ~~~~~~~~~~~~~
./Bin/initialisation: 27: ./Bin/initialisation: HInit: not found
~~~~~~~~~~~ modele par ~~~~~~~~~~~~~
./Bin/initialisation: 27: ./Bin/initialisation: HInit: not found
~~~~~~~~~~~ modele plus ~~~~~~~~~~~~~
./Bin/initialisation: 27: ./Bin/initialisation: HInit: not found
~~~~~~~~~~~ modele quarante ~~~~~~~~~~~~~
./Bin/initialisation: 27: ./Bin/initialisation: HInit: not found
~~~~~~~~~~~ modele quatorze ~~~~~~~~~~~~~
./Bin/initialisation: 27: ./Bin/initialisation: HInit: not found
~~~~~~~~~~~ modele quatre ~~~~~~~~~~~~~
./Bin/initialisation: 27: ./Bin/initialisation: HInit: not found
~~~~~~~~~~~ modele quinze ~~~~~~~~~~~~~
./Bin/initialisation: 27: ./Bin/initialisation: HInit: not found
~~~~~~~~~~~ modele seize ~~~~~~~~~~~~~
./Bin/initialisation: 27: ./Bin/initialisation: HInit: not found
~~~~~~~~~~~ modele sept ~~~~~~~~~~~~~
./Bin/initialisation: 27: ./Bin/initialisation: HInit: not found
~~~~~~~~~~~ modele six ~~~~~~~~~~~~~
./Bin/initialisation: 27: ./Bin/initialisation: HInit: not found
~~~~~~~~~~~ modele soixante ~~~~~~~~~~~~~
./Bin/initialisation: 27: ./Bin/initialisation: HInit: not found
~~~~~~~~~~~ modele sur ~~~~~~~~~~~~~
./Bin/initialisation: 27: ./Bin/initialisation: HInit: not found
~~~~~~~~~~~ modele treize ~~~~~~~~~~~~~
./Bin/initialisation: 27: ./Bin/initialisation: HInit: not found
~~~~~~~~~~~ modele trente ~~~~~~~~~~~~~
./Bin/initialisation: 27: ./Bin/initialisation: HInit: not found
~~~~~~~~~~~ modele trois ~~~~~~~~~~~~~
./Bin/initialisation: 27: ./Bin/initialisation: HInit: not found
~~~~~~~~~~~ modele un ~~~~~~~~~~~~~
./Bin/initialisation: 27: ./Bin/initialisation: HInit: not found
~~~~~~~~~~~ modele vingt ~~~~~~~~~~~~~
./Bin/initialisation: 27: ./Bin/initialisation: HInit: not found
~~~~~~~~~~~ modele zero ~~~~~~~~~~~~~
./Bin/initialisation: 27: ./Bin/initialisation: HInit: not found
~~~~~~~~~~~ modele pause ~~~~~~~~~~~~~
./Bin/initialisation: 27: ./Bin/initialisation: HInit: not found
dimanche 21 décembre 2014, 03:27:03 (UTC+0100)
dimanche 21 décembre 2014, 03:27:23 (UTC+0100)
~~~ modele cinq deja initialise ! ~~~
~~~ modele cinquante deja initialise ! ~~~
~~~ modele deux deja initialise ! ~~~
~~~ modele diviser deja initialise ! ~~~
~~~ modele dix deja initialise ! ~~~
~~~ modele douze deja initialise ! ~~~
~~~ modele egal deja initialise ! ~~~
~~~ modele et deja initialise ! ~~~
~~~ modele fois deja initialise ! ~~~
~~~ modele huit deja initialise ! ~~~
~~~ modele moins deja initialise ! ~~~
~~~ modele multiplier deja initialise ! ~~~
~~~ modele neuf deja initialise ! ~~~
~~~ modele onze deja initialise ! ~~~
~~~ modele par deja initialise ! ~~~
~~~ modele plus deja initialise ! ~~~
~~~ modele quarante deja initialise ! ~~~
~~~ modele quatorze deja initialise ! ~~~
~~~ modele quatre deja initialise ! ~~~
~~~ modele quinze deja initialise ! ~~~
~~~ modele seize deja initialise ! ~~~
~~~ modele sept deja initialise ! ~~~
~~~ modele six deja initialise ! ~~~
~~~ modele soixante deja initialise ! ~~~
~~~ modele sur deja initialise ! ~~~
~~~ modele treize deja initialise ! ~~~
~~~ modele trente deja initialise ! ~~~
~~~ modele trois deja initialise ! ~~~
~~~ modele un deja initialise ! ~~~
~~~ modele vingt deja initialise ! ~~~
~~~ modele zero deja initialise ! ~~~
~~~ modele pause deja initialise ! ~~~
dimanche 21 décembre 2014, 03:27:23 (UTC+0100)
