mer. nov. 26 11:53:04 CET 2014
~~~~~~~~~~~ modele cinq ~~~~~~~~~~~~~
HInit -A -C Modeles/htk.conf -o Modeles/init/cinq -l cinq -L Labels/ -i 30 -T 1 -m 3 Modeles/gabarits/cinq -S Listes/wav.all.lst 
Initialising  HMM Modeles/gabarits/cinq . . . 
 States   :   2  3  4  5 (width)
 Mixes  s1:   1  1  1  1 ( 39  )
 Num Using:   0  0  0  0
 Parm Kind:  MFCC_E_D_A
 Number of owners = 1
 SegLab   :  cinq
 maxIter  :  30
 epsilon  :  0.000100
 minSeg   :  3
 Updating :  Means Variances MixWeights/DProbs TransProbs

 - system is PLAIN
10 Observation Sequences Loaded
Starting Estimation Process
Iteration 1: Average LogP = -3628.07495
Iteration 2: Average LogP = -3574.25903  Change =    53.81597
Iteration 3: Average LogP = -3533.13940  Change =    41.11958
Iteration 4: Average LogP = -3519.58911  Change =    13.55034
Iteration 5: Average LogP = -3514.22412  Change =     5.36489
Iteration 6: Average LogP = -3510.09619  Change =     4.12803
Iteration 7: Average LogP = -3509.17139  Change =     0.92471
Iteration 8: Average LogP = -3509.07104  Change =     0.10029
Iteration 9: Average LogP = -3509.07104  Change =    -0.00005
Estimation converged at iteration 10
Output written to directory current
~~~~~~~~~~~ modele cinquante ~~~~~~~~~~~~~
HInit -A -C Modeles/htk.conf -o Modeles/init/cinquante -l cinquante -L Labels/ -i 30 -T 1 -m 3 Modeles/gabarits/cinquante -S Listes/wav.all.lst 
Initialising  HMM Modeles/gabarits/cinquante . . . 
 States   :   2  3  4  5  6  7 (width)
 Mixes  s1:   1  1  1  1  1  1 ( 39  )
 Num Using:   0  0  0  0  0  0
 Parm Kind:  MFCC_E_D_A
 Number of owners = 1
 SegLab   :  cinquante
 maxIter  :  30
 epsilon  :  0.000100
 minSeg   :  3
 Updating :  Means Variances MixWeights/DProbs TransProbs

 - system is PLAIN
10 Observation Sequences Loaded
Starting Estimation Process
Iteration 1: Average LogP = -5570.98242
Iteration 2: Average LogP = -5505.84863  Change =    65.13398
Iteration 3: Average LogP = -5481.77490  Change =    24.07363
Iteration 4: Average LogP = -5474.60107  Change =     7.17373
Iteration 5: Average LogP = -5471.44580  Change =     3.15537
Iteration 6: Average LogP = -5471.33008  Change =     0.11572
Iteration 7: Average LogP = -5471.22754  Change =     0.10273
Iteration 8: Average LogP = -5471.17969  Change =     0.04785
Iteration 9: Average LogP = -5471.17969  Change =     0.00000
Estimation converged at iteration 10
Output written to directory current
~~~~~~~~~~~ modele deux ~~~~~~~~~~~~~
HInit -A -C Modeles/htk.conf -o Modeles/init/deux -l deux -L Labels/ -i 30 -T 1 -m 3 Modeles/gabarits/deux -S Listes/wav.all.lst 
Initialising  HMM Modeles/gabarits/deux . . . 
 States   :   2  3 (width)
 Mixes  s1:   1  1 ( 39  )
 Num Using:   0  0
 Parm Kind:  MFCC_E_D_A
 Number of owners = 1
 SegLab   :  deux
 maxIter  :  30
 epsilon  :  0.000100
 minSeg   :  3
 Updating :  Means Variances MixWeights/DProbs TransProbs

 - system is PLAIN
10 Observation Sequences Loaded
Starting Estimation Process
Iteration 1: Average LogP = -2018.30310
Iteration 2: Average LogP = -2011.51624  Change =     6.78689
Iteration 3: Average LogP = -2011.51624  Change =     0.00002
Estimation converged at iteration 4
Output written to directory current
~~~~~~~~~~~ modele diviser ~~~~~~~~~~~~~
HInit -A -C Modeles/htk.conf -o Modeles/init/diviser -l diviser -L Labels/ -i 30 -T 1 -m 3 Modeles/gabarits/diviser -S Listes/wav.all.lst 
Initialising  HMM Modeles/gabarits/diviser . . . 
 States   :   2  3  4  5  6  7 (width)
 Mixes  s1:   1  1  1  1  1  1 ( 39  )
 Num Using:   0  0  0  0  0  0
 Parm Kind:  MFCC_E_D_A
 Number of owners = 1
 SegLab   :  diviser
 maxIter  :  30
 epsilon  :  0.000100
 minSeg   :  3
 Updating :  Means Variances MixWeights/DProbs TransProbs

 - system is PLAIN
10 Observation Sequences Loaded
Starting Estimation Process
Iteration 1: Average LogP = -4482.70996
Iteration 2: Average LogP = -4439.34814  Change =    43.36191
Iteration 3: Average LogP = -4426.17285  Change =    13.17549
Iteration 4: Average LogP = -4415.26807  Change =    10.90488
Iteration 5: Average LogP = -4402.79883  Change =    12.46924
Iteration 6: Average LogP = -4372.09912  Change =    30.69961
Iteration 7: Average LogP = -4336.40918  Change =    35.69014
Iteration 8: Average LogP = -4329.46631  Change =     6.94277
Iteration 9: Average LogP = -4328.84619  Change =     0.62021
Iteration 10: Average LogP = -4328.53662  Change =     0.30947
Iteration 11: Average LogP = -4328.48535  Change =     0.05107
Iteration 12: Average LogP = -4328.48535  Change =    -0.00020
Iteration 13: Average LogP = -4328.48535  Change =    -0.00020
Iteration 14: Average LogP = -4328.48535  Change =    -0.00020
Iteration 15: Average LogP = -4328.48535  Change =    -0.00020
Iteration 16: Average LogP = -4328.48535  Change =    -0.00020
Iteration 17: Average LogP = -4328.48535  Change =    -0.00020
Iteration 18: Average LogP = -4328.48535  Change =    -0.00020
Iteration 19: Average LogP = -4328.48535  Change =    -0.00020
Iteration 20: Average LogP = -4328.48535  Change =    -0.00020
Iteration 21: Average LogP = -4328.48535  Change =    -0.00020
Iteration 22: Average LogP = -4328.48535  Change =    -0.00020
Iteration 23: Average LogP = -4328.48535  Change =    -0.00020
Iteration 24: Average LogP = -4328.48535  Change =    -0.00020
Iteration 25: Average LogP = -4328.48535  Change =    -0.00020
Iteration 26: Average LogP = -4328.48535  Change =    -0.00020
Iteration 27: Average LogP = -4328.48535  Change =    -0.00020
Iteration 28: Average LogP = -4328.48535  Change =    -0.00020
Iteration 29: Average LogP = -4328.48535  Change =    -0.00020
Iteration 30: Average LogP = -4328.48535  Change =    -0.00020
Estimation aborted at iteration 31
Output written to directory current
~~~~~~~~~~~ modele dix ~~~~~~~~~~~~~
HInit -A -C Modeles/htk.conf -o Modeles/init/dix -l dix -L Labels/ -i 30 -T 1 -m 3 Modeles/gabarits/dix -S Listes/wav.all.lst 
Initialising  HMM Modeles/gabarits/dix . . . 
 States   :   2  3  4 (width)
 Mixes  s1:   1  1  1 ( 39  )
 Num Using:   0  0  0
 Parm Kind:  MFCC_E_D_A
 Number of owners = 1
 SegLab   :  dix
 maxIter  :  30
 epsilon  :  0.000100
 minSeg   :  3
 Updating :  Means Variances MixWeights/DProbs TransProbs

 - system is PLAIN
10 Observation Sequences Loaded
Starting Estimation Process
Iteration 1: Average LogP = -3913.58911
Iteration 2: Average LogP = -3842.02856  Change =    71.56060
Iteration 3: Average LogP = -3805.08398  Change =    36.94458
Iteration 4: Average LogP = -3800.91211  Change =     4.17188
Iteration 5: Average LogP = -3798.43994  Change =     2.47227
Iteration 6: Average LogP = -3792.42920  Change =     6.01064
Iteration 7: Average LogP = -3788.91479  Change =     3.51436
Iteration 8: Average LogP = -3788.82568  Change =     0.08901
Iteration 9: Average LogP = -3788.82568  Change =    -0.00010
Estimation converged at iteration 10
Output written to directory current
~~~~~~~~~~~ modele douze ~~~~~~~~~~~~~
HInit -A -C Modeles/htk.conf -o Modeles/init/douze -l douze -L Labels/ -i 30 -T 1 -m 3 Modeles/gabarits/douze -S Listes/wav.all.lst 
Initialising  HMM Modeles/gabarits/douze . . . 
 States   :   2  3  4  5 (width)
 Mixes  s1:   1  1  1  1 ( 39  )
 Num Using:   0  0  0  0
 Parm Kind:  MFCC_E_D_A
 Number of owners = 1
 SegLab   :  douze
 maxIter  :  30
 epsilon  :  0.000100
 minSeg   :  3
 Updating :  Means Variances MixWeights/DProbs TransProbs

 - system is PLAIN
10 Observation Sequences Loaded
Starting Estimation Process
Iteration 1: Average LogP = -4504.24512
Iteration 2: Average LogP = -4430.94141  Change =    73.30371
Iteration 3: Average LogP = -4394.02051  Change =    36.92070
Iteration 4: Average LogP = -4339.70996  Change =    54.31074
Iteration 5: Average LogP = -4327.85645  Change =    11.85371
Iteration 6: Average LogP = -4319.66309  Change =     8.19355
Iteration 7: Average LogP = -4310.59668  Change =     9.06660
Iteration 8: Average LogP = -4302.18799  Change =     8.40879
Iteration 9: Average LogP = -4299.90088  Change =     2.28721
Iteration 10: Average LogP = -4294.75000  Change =     5.15088
Iteration 11: Average LogP = -4293.30664  Change =     1.44336
Iteration 12: Average LogP = -4292.13672  Change =     1.16992
Iteration 13: Average LogP = -4291.89746  Change =     0.23906
Iteration 14: Average LogP = -4291.72754  Change =     0.17012
Iteration 15: Average LogP = -4291.57910  Change =     0.14824
Iteration 16: Average LogP = -4291.57910  Change =    -0.00020
Iteration 17: Average LogP = -4291.57910  Change =    -0.00020
Iteration 18: Average LogP = -4291.57910  Change =    -0.00020
Iteration 19: Average LogP = -4291.57910  Change =    -0.00020
Iteration 20: Average LogP = -4291.57910  Change =    -0.00020
Iteration 21: Average LogP = -4291.57910  Change =    -0.00020
Iteration 22: Average LogP = -4291.57910  Change =    -0.00020
Iteration 23: Average LogP = -4291.57910  Change =    -0.00020
Iteration 24: Average LogP = -4291.57910  Change =    -0.00020
Iteration 25: Average LogP = -4291.57910  Change =    -0.00020
Iteration 26: Average LogP = -4291.57910  Change =    -0.00020
Iteration 27: Average LogP = -4291.57910  Change =    -0.00020
Iteration 28: Average LogP = -4291.57910  Change =    -0.00020
Iteration 29: Average LogP = -4291.57910  Change =    -0.00020
Iteration 30: Average LogP = -4291.57910  Change =    -0.00020
Estimation aborted at iteration 31
Output written to directory current
~~~~~~~~~~~ modele egal ~~~~~~~~~~~~~
HInit -A -C Modeles/htk.conf -o Modeles/init/egal -l egal -L Labels/ -i 30 -T 1 -m 3 Modeles/gabarits/egal -S Listes/wav.all.lst 
Initialising  HMM Modeles/gabarits/egal . . . 
 States   :   2  3  4  5 (width)
 Mixes  s1:   1  1  1  1 ( 39  )
 Num Using:   0  0  0  0
 Parm Kind:  MFCC_E_D_A
 Number of owners = 1
 SegLab   :  egal
 maxIter  :  30
 epsilon  :  0.000100
 minSeg   :  3
 Updating :  Means Variances MixWeights/DProbs TransProbs

 - system is PLAIN
10 Observation Sequences Loaded
Starting Estimation Process
Iteration 1: Average LogP = -3842.13989
Iteration 2: Average LogP = -3813.42700  Change =    28.71294
Iteration 3: Average LogP = -3807.30981  Change =     6.11724
Iteration 4: Average LogP = -3801.67041  Change =     5.63950
Iteration 5: Average LogP = -3795.47583  Change =     6.19463
Iteration 6: Average LogP = -3793.45068  Change =     2.02505
Iteration 7: Average LogP = -3789.85864  Change =     3.59209
Iteration 8: Average LogP = -3788.27148  Change =     1.58716
Iteration 9: Average LogP = -3787.79688  Change =     0.47461
Iteration 10: Average LogP = -3787.58130  Change =     0.21562
Iteration 11: Average LogP = -3787.53174  Change =     0.04966
Iteration 12: Average LogP = -3787.53198  Change =    -0.00029
Iteration 13: Average LogP = -3787.53174  Change =     0.00034
Iteration 14: Average LogP = -3787.53198  Change =    -0.00029
Iteration 15: Average LogP = -3787.53174  Change =     0.00034
Iteration 16: Average LogP = -3787.53174  Change =     0.00010
Estimation converged at iteration 17
Output written to directory current
~~~~~~~~~~~ modele et ~~~~~~~~~~~~~
HInit -A -C Modeles/htk.conf -o Modeles/init/et -l et -L Labels/ -i 30 -T 1 -m 3 Modeles/gabarits/et -S Listes/wav.all.lst 
Initialising  HMM Modeles/gabarits/et . . . 
 States   :   2 (width)
 Mixes  s1:   1 ( 39  )
 Num Using:   0
 Parm Kind:  MFCC_E_D_A
 Number of owners = 1
 SegLab   :  et
 maxIter  :  30
 epsilon  :  0.000100
 minSeg   :  3
 Updating :  Means Variances MixWeights/DProbs TransProbs

 - system is PLAIN
10 Observation Sequences Loaded
Starting Estimation Process
Iteration 1: Average LogP = -1377.21118
Iteration 2: Average LogP = -1376.72827  Change =     0.48286
Iteration 3: Average LogP = -1376.72827  Change =    -0.00005
Estimation converged at iteration 4
Output written to directory current
~~~~~~~~~~~ modele fois ~~~~~~~~~~~~~
HInit -A -C Modeles/htk.conf -o Modeles/init/fois -l fois -L Labels/ -i 30 -T 1 -m 3 Modeles/gabarits/fois -S Listes/wav.all.lst 
Initialising  HMM Modeles/gabarits/fois . . . 
 States   :   2  3  4 (width)
 Mixes  s1:   1  1  1 ( 39  )
 Num Using:   0  0  0
 Parm Kind:  MFCC_E_D_A
 Number of owners = 1
 SegLab   :  fois
 maxIter  :  30
 epsilon  :  0.000100
 minSeg   :  3
 Updating :  Means Variances MixWeights/DProbs TransProbs

 - system is PLAIN
10 Observation Sequences Loaded
Starting Estimation Process
Iteration 1: Average LogP = -2715.31104
Iteration 2: Average LogP = -2666.82275  Change =    48.48838
Iteration 3: Average LogP = -2660.96216  Change =     5.86064
Iteration 4: Average LogP = -2659.37866  Change =     1.58345
Iteration 5: Average LogP = -2658.28149  Change =     1.09722
Iteration 6: Average LogP = -2658.01440  Change =     0.26704
Iteration 7: Average LogP = -2657.97021  Change =     0.04409
Iteration 8: Average LogP = -2657.97021  Change =    -0.00010
Estimation converged at iteration 9
Output written to directory current
~~~~~~~~~~~ modele huit ~~~~~~~~~~~~~
HInit -A -C Modeles/htk.conf -o Modeles/init/huit -l huit -L Labels/ -i 30 -T 1 -m 3 Modeles/gabarits/huit -S Listes/wav.all.lst 
Initialising  HMM Modeles/gabarits/huit . . . 
 States   :   2  3  4  5 (width)
 Mixes  s1:   1  1  1  1 ( 39  )
 Num Using:   0  0  0  0
 Parm Kind:  MFCC_E_D_A
 Number of owners = 1
 SegLab   :  huit
 maxIter  :  30
 epsilon  :  0.000100
 minSeg   :  3
 Updating :  Means Variances MixWeights/DProbs TransProbs

 - system is PLAIN
10 Observation Sequences Loaded
Starting Estimation Process
Iteration 1: Average LogP = -3641.64722
Iteration 2: Average LogP = -3531.00586  Change =   110.64136
Iteration 3: Average LogP = -3509.89917  Change =    21.10664
Iteration 4: Average LogP = -3508.57153  Change =     1.32769
Iteration 5: Average LogP = -3507.48755  Change =     1.08403
Iteration 6: Average LogP = -3497.08936  Change =    10.39810
Iteration 7: Average LogP = -3479.50781  Change =    17.58154
Iteration 8: Average LogP = -3473.65112  Change =     5.85664
Iteration 9: Average LogP = -3468.54224  Change =     5.10894
Iteration 10: Average LogP = -3467.96167  Change =     0.58052
Iteration 11: Average LogP = -3467.96167  Change =    -0.00005
Estimation converged at iteration 12
Output written to directory current
~~~~~~~~~~~ modele moins ~~~~~~~~~~~~~
HInit -A -C Modeles/htk.conf -o Modeles/init/moins -l moins -L Labels/ -i 30 -T 1 -m 3 Modeles/gabarits/moins -S Listes/wav.all.lst 
Initialising  HMM Modeles/gabarits/moins . . . 
 States   :   2  3  4  5 (width)
 Mixes  s1:   1  1  1  1 ( 39  )
 Num Using:   0  0  0  0
 Parm Kind:  MFCC_E_D_A
 Number of owners = 1
 SegLab   :  moins
 maxIter  :  30
 epsilon  :  0.000100
 minSeg   :  3
 Updating :  Means Variances MixWeights/DProbs TransProbs

 - system is PLAIN
10 Observation Sequences Loaded
Starting Estimation Process
Iteration 1: Average LogP = -2387.61353
Iteration 2: Average LogP = -2363.82861  Change =    23.78481
Iteration 3: Average LogP = -2336.61963  Change =    27.20908
Iteration 4: Average LogP = -2291.80322  Change =    44.81631
Iteration 5: Average LogP = -2280.43115  Change =    11.37217
Iteration 6: Average LogP = -2278.51318  Change =     1.91787
Iteration 7: Average LogP = -2277.29980  Change =     1.21338
Iteration 8: Average LogP = -2277.20557  Change =     0.09434
Iteration 9: Average LogP = -2277.20557  Change =     0.00010
Estimation converged at iteration 10
Output written to directory current
~~~~~~~~~~~ modele multiplier ~~~~~~~~~~~~~
HInit -A -C Modeles/htk.conf -o Modeles/init/multiplier -l multiplier -L Labels/ -i 30 -T 1 -m 3 Modeles/gabarits/multiplier -S Listes/wav.all.lst 
Initialising  HMM Modeles/gabarits/multiplier . . . 
 States   :   2  3  4  5  6  7  8  9 10 11 12 13 (width)
 Mixes  s1:   1  1  1  1  1  1  1  1  1  1  1  1 ( 39  )
 Num Using:   0  0  0  0  0  0  0  0  0  0  0  0
 Parm Kind:  MFCC_E_D_A
 Number of owners = 1
 SegLab   :  multiplier
 maxIter  :  30
 epsilon  :  0.000100
 minSeg   :  3
 Updating :  Means Variances MixWeights/DProbs TransProbs

 - system is PLAIN
10 Observation Sequences Loaded
Starting Estimation Process
Iteration 1: Average LogP = -5745.86963
Iteration 2: Average LogP = -5670.67188  Change =    75.19775
Iteration 3: Average LogP = -5648.92432  Change =    21.74766
Iteration 4: Average LogP = -5627.83936  Change =    21.08486
Iteration 5: Average LogP = -5599.10400  Change =    28.73545
Iteration 6: Average LogP = -5580.50684  Change =    18.59736
Iteration 7: Average LogP = -5572.68848  Change =     7.81855
Iteration 8: Average LogP = -5558.11279  Change =    14.57559
Iteration 9: Average LogP = -5532.86816  Change =    25.24443
Iteration 10: Average LogP = -5520.49170  Change =    12.37637
Iteration 11: Average LogP = -5518.26709  Change =     2.22451
Iteration 12: Average LogP = -5516.82373  Change =     1.44326
Iteration 13: Average LogP = -5516.74463  Change =     0.07920
Iteration 14: Average LogP = -5516.74463  Change =     0.00010
Estimation converged at iteration 15
Output written to directory current
~~~~~~~~~~~ modele neuf ~~~~~~~~~~~~~
HInit -A -C Modeles/htk.conf -o Modeles/init/neuf -l neuf -L Labels/ -i 30 -T 1 -m 3 Modeles/gabarits/neuf -S Listes/wav.all.lst 
Initialising  HMM Modeles/gabarits/neuf . . . 
 States   :   2  3  4 (width)
 Mixes  s1:   1  1  1 ( 39  )
 Num Using:   0  0  0
 Parm Kind:  MFCC_E_D_A
 Number of owners = 1
 SegLab   :  neuf
 maxIter  :  30
 epsilon  :  0.000100
 minSeg   :  3
 Updating :  Means Variances MixWeights/DProbs TransProbs

 - system is PLAIN
10 Observation Sequences Loaded
Starting Estimation Process
Iteration 1: Average LogP = -3855.19775
Iteration 2: Average LogP = -3777.68896  Change =    77.50869
Iteration 3: Average LogP = -3711.46045  Change =    66.22842
Iteration 4: Average LogP = -3685.57495  Change =    25.88545
Iteration 5: Average LogP = -3684.05981  Change =     1.51519
Iteration 6: Average LogP = -3684.05981  Change =     0.00005
Estimation converged at iteration 7
Output written to directory current
~~~~~~~~~~~ modele onze ~~~~~~~~~~~~~
HInit -A -C Modeles/htk.conf -o Modeles/init/onze -l onze -L Labels/ -i 30 -T 1 -m 3 Modeles/gabarits/onze -S Listes/wav.all.lst 
Initialising  HMM Modeles/gabarits/onze . . . 
 States   :   2  3  4 (width)
 Mixes  s1:   1  1  1 ( 39  )
 Num Using:   0  0  0
 Parm Kind:  MFCC_E_D_A
 Number of owners = 1
 SegLab   :  onze
 maxIter  :  30
 epsilon  :  0.000100
 minSeg   :  3
 Updating :  Means Variances MixWeights/DProbs TransProbs

 - system is PLAIN
10 Observation Sequences Loaded
Starting Estimation Process
Iteration 1: Average LogP = -3612.56641
Iteration 2: Average LogP = -3595.63232  Change =    16.93398
Iteration 3: Average LogP = -3594.46729  Change =     1.16514
Iteration 4: Average LogP = -3592.32568  Change =     2.14150
Iteration 5: Average LogP = -3592.10107  Change =     0.22451
Iteration 6: Average LogP = -3592.03564  Change =     0.06553
Iteration 7: Average LogP = -3592.03564  Change =     0.00010
Estimation converged at iteration 8
Output written to directory current
~~~~~~~~~~~ modele par ~~~~~~~~~~~~~
HInit -A -C Modeles/htk.conf -o Modeles/init/par -l par -L Labels/ -i 30 -T 1 -m 3 Modeles/gabarits/par -S Listes/wav.all.lst 
Initialising  HMM Modeles/gabarits/par . . . 
 States   :   2  3  4  5 (width)
 Mixes  s1:   1  1  1  1 ( 39  )
 Num Using:   0  0  0  0
 Parm Kind:  MFCC_E_D_A
 Number of owners = 1
 SegLab   :  par
 maxIter  :  30
 epsilon  :  0.000100
 minSeg   :  3
 Updating :  Means Variances MixWeights/DProbs TransProbs

 - system is PLAIN
10 Observation Sequences Loaded
Starting Estimation Process
Iteration 1: Average LogP = -2456.40820
Iteration 2: Average LogP = -2427.31006  Change =    29.09805
Iteration 3: Average LogP = -2422.83789  Change =     4.47217
Iteration 4: Average LogP = -2421.72388  Change =     1.11406
Iteration 5: Average LogP = -2421.51733  Change =     0.20649
Iteration 6: Average LogP = -2421.51733  Change =    -0.00005
Estimation converged at iteration 7
Output written to directory current
~~~~~~~~~~~ modele plus ~~~~~~~~~~~~~
HInit -A -C Modeles/htk.conf -o Modeles/init/plus -l plus -L Labels/ -i 30 -T 1 -m 3 Modeles/gabarits/plus -S Listes/wav.all.lst 
Initialising  HMM Modeles/gabarits/plus . . . 
 States   :   2  3  4  5  6 (width)
 Mixes  s1:   1  1  1  1  1 ( 39  )
 Num Using:   0  0  0  0  0
 Parm Kind:  MFCC_E_D_A
 Number of owners = 1
 SegLab   :  plus
 maxIter  :  30
 epsilon  :  0.000100
 minSeg   :  3
 Updating :  Means Variances MixWeights/DProbs TransProbs

 - system is PLAIN
10 Observation Sequences Loaded
Starting Estimation Process
Iteration 1: Average LogP = -3160.00024
Iteration 2: Average LogP = -3110.22070  Change =    49.77954
Iteration 3: Average LogP = -3106.91406  Change =     3.30664
Iteration 4: Average LogP = -3105.72217  Change =     1.19180
Iteration 5: Average LogP = -3105.56763  Change =     0.15459
Iteration 6: Average LogP = -3105.49536  Change =     0.07231
Iteration 7: Average LogP = -3105.49536  Change =     0.00005
Estimation converged at iteration 8
Output written to directory current
~~~~~~~~~~~ modele quarante ~~~~~~~~~~~~~
HInit -A -C Modeles/htk.conf -o Modeles/init/quarante -l quarante -L Labels/ -i 30 -T 1 -m 3 Modeles/gabarits/quarante -S Listes/wav.all.lst 
Initialising  HMM Modeles/gabarits/quarante . . . 
 States   :   2  3  4  5  6  7  8 (width)
 Mixes  s1:   1  1  1  1  1  1  1 ( 39  )
 Num Using:   0  0  0  0  0  0  0
 Parm Kind:  MFCC_E_D_A
 Number of owners = 1
 SegLab   :  quarante
 maxIter  :  30
 epsilon  :  0.000100
 minSeg   :  3
 Updating :  Means Variances MixWeights/DProbs TransProbs

 - system is PLAIN
10 Observation Sequences Loaded
Starting Estimation Process
Iteration 1: Average LogP = -4558.78125
Iteration 2: Average LogP = -4464.44189  Change =    94.33945
Iteration 3: Average LogP = -4417.56445  Change =    46.87744
Iteration 4: Average LogP = -4408.02002  Change =     9.54453
Iteration 5: Average LogP = -4402.43213  Change =     5.58799
Iteration 6: Average LogP = -4398.61035  Change =     3.82158
Iteration 7: Average LogP = -4389.68457  Change =     8.92559
Iteration 8: Average LogP = -4383.94531  Change =     5.73926
Iteration 9: Average LogP = -4381.27246  Change =     2.67305
Iteration 10: Average LogP = -4381.18457  Change =     0.08770
Iteration 11: Average LogP = -4381.01465  Change =     0.16973
Iteration 12: Average LogP = -4381.01465  Change =    -0.00020
Iteration 13: Average LogP = -4381.01465  Change =    -0.00020
Iteration 14: Average LogP = -4381.01465  Change =    -0.00020
Iteration 15: Average LogP = -4381.01465  Change =    -0.00020
Iteration 16: Average LogP = -4381.01465  Change =    -0.00020
Iteration 17: Average LogP = -4381.01465  Change =    -0.00020
Iteration 18: Average LogP = -4381.01465  Change =    -0.00020
Iteration 19: Average LogP = -4381.01465  Change =    -0.00020
Iteration 20: Average LogP = -4381.01465  Change =    -0.00020
Iteration 21: Average LogP = -4381.01465  Change =    -0.00020
Iteration 22: Average LogP = -4381.01465  Change =    -0.00020
Iteration 23: Average LogP = -4381.01465  Change =    -0.00020
Iteration 24: Average LogP = -4381.01465  Change =    -0.00020
Iteration 25: Average LogP = -4381.01465  Change =    -0.00020
Iteration 26: Average LogP = -4381.01465  Change =    -0.00020
Iteration 27: Average LogP = -4381.01465  Change =    -0.00020
Iteration 28: Average LogP = -4381.01465  Change =    -0.00020
Iteration 29: Average LogP = -4381.01465  Change =    -0.00020
Iteration 30: Average LogP = -4381.01465  Change =    -0.00020
Estimation aborted at iteration 31
Output written to directory current
~~~~~~~~~~~ modele quatorze ~~~~~~~~~~~~~
HInit -A -C Modeles/htk.conf -o Modeles/init/quatorze -l quatorze -L Labels/ -i 30 -T 1 -m 3 Modeles/gabarits/quatorze -S Listes/wav.all.lst 
Initialising  HMM Modeles/gabarits/quatorze . . . 
 States   :   2  3  4  5  6  7  8 (width)
 Mixes  s1:   1  1  1  1  1  1  1 ( 39  )
 Num Using:   0  0  0  0  0  0  0
 Parm Kind:  MFCC_E_D_A
 Number of owners = 1
 SegLab   :  quatorze
 maxIter  :  30
 epsilon  :  0.000100
 minSeg   :  3
 Updating :  Means Variances MixWeights/DProbs TransProbs

 - system is PLAIN
10 Observation Sequences Loaded
Starting Estimation Process
Iteration 1: Average LogP = -4828.83594
Iteration 2: Average LogP = -4722.23145  Change =   106.60430
Iteration 3: Average LogP = -4699.88770  Change =    22.34355
Iteration 4: Average LogP = -4678.62842  Change =    21.25918
Iteration 5: Average LogP = -4642.02637  Change =    36.60225
Iteration 6: Average LogP = -4626.32520  Change =    15.70098
Iteration 7: Average LogP = -4622.48340  Change =     3.84199
Iteration 8: Average LogP = -4621.83350  Change =     0.64980
Iteration 9: Average LogP = -4621.56982  Change =     0.26357
Iteration 10: Average LogP = -4621.52148  Change =     0.04834
Iteration 11: Average LogP = -4621.52148  Change =     0.00000
Estimation converged at iteration 12
Output written to directory current
~~~~~~~~~~~ modele quatre ~~~~~~~~~~~~~
HInit -A -C Modeles/htk.conf -o Modeles/init/quatre -l quatre -L Labels/ -i 30 -T 1 -m 3 Modeles/gabarits/quatre -S Listes/wav.all.lst 
Initialising  HMM Modeles/gabarits/quatre . . . 
 States   :   2  3  4  5  6  7 (width)
 Mixes  s1:   1  1  1  1  1  1 ( 39  )
 Num Using:   0  0  0  0  0  0
 Parm Kind:  MFCC_E_D_A
 Number of owners = 1
 SegLab   :  quatre
 maxIter  :  30
 epsilon  :  0.000100
 minSeg   :  3
 Updating :  Means Variances MixWeights/DProbs TransProbs

 - system is PLAIN
10 Observation Sequences Loaded
Starting Estimation Process
Iteration 1: Average LogP = -2797.81812
Iteration 2: Average LogP = -2757.32544  Change =    40.49272
Iteration 3: Average LogP = -2736.20581  Change =    21.11958
Iteration 4: Average LogP = -2715.69092  Change =    20.51479
Iteration 5: Average LogP = -2698.85718  Change =    16.83369
Iteration 6: Average LogP = -2695.60107  Change =     3.25601
Iteration 7: Average LogP = -2693.46533  Change =     2.13584
Iteration 8: Average LogP = -2690.81812  Change =     2.64717
Iteration 9: Average LogP = -2690.04810  Change =     0.77007
Iteration 10: Average LogP = -2688.84375  Change =     1.20435
Iteration 11: Average LogP = -2688.03760  Change =     0.80605
Iteration 12: Average LogP = -2687.50635  Change =     0.53115
Iteration 13: Average LogP = -2687.50635  Change =    -0.00010
Estimation converged at iteration 14
Output written to directory current
~~~~~~~~~~~ modele quinze ~~~~~~~~~~~~~
HInit -A -C Modeles/htk.conf -o Modeles/init/quinze -l quinze -L Labels/ -i 30 -T 1 -m 3 Modeles/gabarits/quinze -S Listes/wav.all.lst 
Initialising  HMM Modeles/gabarits/quinze . . . 
 States   :   2  3  4 (width)
 Mixes  s1:   1  1  1 ( 39  )
 Num Using:   0  0  0
 Parm Kind:  MFCC_E_D_A
 Number of owners = 1
 SegLab   :  quinze
 maxIter  :  30
 epsilon  :  0.000100
 minSeg   :  3
 Updating :  Means Variances MixWeights/DProbs TransProbs

 - system is PLAIN
10 Observation Sequences Loaded
Starting Estimation Process
Iteration 1: Average LogP = -3931.97144
Iteration 2: Average LogP = -3892.95776  Change =    39.01362
Iteration 3: Average LogP = -3888.52856  Change =     4.42925
Iteration 4: Average LogP = -3887.69678  Change =     0.83169
Iteration 5: Average LogP = -3887.42529  Change =     0.27139
Iteration 6: Average LogP = -3887.40356  Change =     0.02178
Iteration 7: Average LogP = -3887.37451  Change =     0.02896
Iteration 8: Average LogP = -3887.37451  Change =    -0.00010
Estimation converged at iteration 9
Output written to directory current
~~~~~~~~~~~ modele seize ~~~~~~~~~~~~~
HInit -A -C Modeles/htk.conf -o Modeles/init/seize -l seize -L Labels/ -i 30 -T 1 -m 3 Modeles/gabarits/seize -S Listes/wav.all.lst 
Initialising  HMM Modeles/gabarits/seize . . . 
 States   :   2  3  4 (width)
 Mixes  s1:   1  1  1 ( 39  )
 Num Using:   0  0  0
 Parm Kind:  MFCC_E_D_A
 Number of owners = 1
 SegLab   :  seize
 maxIter  :  30
 epsilon  :  0.000100
 minSeg   :  3
 Updating :  Means Variances MixWeights/DProbs TransProbs

 - system is PLAIN
10 Observation Sequences Loaded
Starting Estimation Process
Iteration 1: Average LogP = -4134.42236
Iteration 2: Average LogP = -4097.60107  Change =    36.82119
Iteration 3: Average LogP = -4090.62842  Change =     6.97256
Iteration 4: Average LogP = -4087.87036  Change =     2.75811
Iteration 5: Average LogP = -4086.76636  Change =     1.10396
Iteration 6: Average LogP = -4086.10742  Change =     0.65894
Iteration 7: Average LogP = -4085.98706  Change =     0.12031
Iteration 8: Average LogP = -4085.72144  Change =     0.26558
Iteration 9: Average LogP = -4085.72144  Change =    -0.00005
Estimation converged at iteration 10
Output written to directory current
~~~~~~~~~~~ modele sept ~~~~~~~~~~~~~
HInit -A -C Modeles/htk.conf -o Modeles/init/sept -l sept -L Labels/ -i 30 -T 1 -m 3 Modeles/gabarits/sept -S Listes/wav.all.lst 
Initialising  HMM Modeles/gabarits/sept . . . 
 States   :   2  3  4 (width)
 Mixes  s1:   1  1  1 ( 39  )
 Num Using:   0  0  0
 Parm Kind:  MFCC_E_D_A
 Number of owners = 1
 SegLab   :  sept
 maxIter  :  30
 epsilon  :  0.000100
 minSeg   :  3
 Updating :  Means Variances MixWeights/DProbs TransProbs

 - system is PLAIN
10 Observation Sequences Loaded
Starting Estimation Process
Iteration 1: Average LogP = -3787.41211
Iteration 2: Average LogP = -3725.90308  Change =    61.50898
Iteration 3: Average LogP = -3636.52148  Change =    89.38159
Iteration 4: Average LogP = -3632.69604  Change =     3.82539
Iteration 5: Average LogP = -3630.31836  Change =     2.37769
Iteration 6: Average LogP = -3629.70630  Change =     0.61211
Iteration 7: Average LogP = -3628.89526  Change =     0.81099
Iteration 8: Average LogP = -3627.63818  Change =     1.25698
Iteration 9: Average LogP = -3627.25830  Change =     0.37998
Iteration 10: Average LogP = -3627.01294  Change =     0.24541
Iteration 11: Average LogP = -3626.67847  Change =     0.33442
Iteration 12: Average LogP = -3626.36768  Change =     0.31089
Iteration 13: Average LogP = -3626.23633  Change =     0.13135
Iteration 14: Average LogP = -3626.09521  Change =     0.14102
Iteration 15: Average LogP = -3626.09497  Change =     0.00029
Iteration 16: Average LogP = -3626.09497  Change =     0.00005
Estimation converged at iteration 17
Output written to directory current
~~~~~~~~~~~ modele six ~~~~~~~~~~~~~
HInit -A -C Modeles/htk.conf -o Modeles/init/six -l six -L Labels/ -i 30 -T 1 -m 3 Modeles/gabarits/six -S Listes/wav.all.lst 
Initialising  HMM Modeles/gabarits/six . . . 
 States   :   2  3  4 (width)
 Mixes  s1:   1  1  1 ( 39  )
 Num Using:   0  0  0
 Parm Kind:  MFCC_E_D_A
 Number of owners = 1
 SegLab   :  six
 maxIter  :  30
 epsilon  :  0.000100
 minSeg   :  3
 Updating :  Means Variances MixWeights/DProbs TransProbs

 - system is PLAIN
10 Observation Sequences Loaded
Starting Estimation Process
Iteration 1: Average LogP = -4063.98193
Iteration 2: Average LogP = -3977.03711  Change =    86.94482
Iteration 3: Average LogP = -3888.81128  Change =    88.22578
Iteration 4: Average LogP = -3864.69067  Change =    24.12065
Iteration 5: Average LogP = -3864.69067  Change =     0.00005
Estimation converged at iteration 6
Output written to directory current
~~~~~~~~~~~ modele soixante ~~~~~~~~~~~~~
HInit -A -C Modeles/htk.conf -o Modeles/init/soixante -l soixante -L Labels/ -i 30 -T 1 -m 3 Modeles/gabarits/soixante -S Listes/wav.all.lst 
Initialising  HMM Modeles/gabarits/soixante . . . 
 States   :   2  3  4  5  6  7  8 (width)
 Mixes  s1:   1  1  1  1  1  1  1 ( 39  )
 Num Using:   0  0  0  0  0  0  0
 Parm Kind:  MFCC_E_D_A
 Number of owners = 1
 SegLab   :  soixante
 maxIter  :  30
 epsilon  :  0.000100
 minSeg   :  3
 Updating :  Means Variances MixWeights/DProbs TransProbs

 - system is PLAIN
10 Observation Sequences Loaded
Starting Estimation Process
Iteration 1: Average LogP = -5500.99805
Iteration 2: Average LogP = -5402.65918  Change =    98.33906
Iteration 3: Average LogP = -5372.10840  Change =    30.55059
Iteration 4: Average LogP = -5360.65527  Change =    11.45332
Iteration 5: Average LogP = -5349.63477  Change =    11.02051
Iteration 6: Average LogP = -5343.02441  Change =     6.61016
Iteration 7: Average LogP = -5337.28662  Change =     5.73770
Iteration 8: Average LogP = -5335.48438  Change =     1.80225
Iteration 9: Average LogP = -5334.25342  Change =     1.23086
Iteration 10: Average LogP = -5333.28955  Change =     0.96396
Iteration 11: Average LogP = -5332.77246  Change =     0.51689
Iteration 12: Average LogP = -5332.77246  Change =    -0.00020
Iteration 13: Average LogP = -5332.77246  Change =    -0.00020
Iteration 14: Average LogP = -5332.77246  Change =    -0.00020
Iteration 15: Average LogP = -5332.77246  Change =    -0.00020
Iteration 16: Average LogP = -5332.77246  Change =    -0.00020
Iteration 17: Average LogP = -5332.77246  Change =    -0.00020
Iteration 18: Average LogP = -5332.77246  Change =    -0.00020
Iteration 19: Average LogP = -5332.77246  Change =    -0.00020
Iteration 20: Average LogP = -5332.77246  Change =    -0.00020
Iteration 21: Average LogP = -5332.77246  Change =    -0.00020
Iteration 22: Average LogP = -5332.77246  Change =    -0.00020
Iteration 23: Average LogP = -5332.77246  Change =    -0.00020
Iteration 24: Average LogP = -5332.77246  Change =    -0.00020
Iteration 25: Average LogP = -5332.77246  Change =    -0.00020
Iteration 26: Average LogP = -5332.77246  Change =    -0.00020
Iteration 27: Average LogP = -5332.77246  Change =    -0.00020
Iteration 28: Average LogP = -5332.77246  Change =    -0.00020
Iteration 29: Average LogP = -5332.77246  Change =    -0.00020
Iteration 30: Average LogP = -5332.77246  Change =    -0.00020
Estimation aborted at iteration 31
Output written to directory current
~~~~~~~~~~~ modele sur ~~~~~~~~~~~~~
HInit -A -C Modeles/htk.conf -o Modeles/init/sur -l sur -L Labels/ -i 30 -T 1 -m 3 Modeles/gabarits/sur -S Listes/wav.all.lst 
Initialising  HMM Modeles/gabarits/sur . . . 
 States   :   2  3  4 (width)
 Mixes  s1:   1  1  1 ( 39  )
 Num Using:   0  0  0
 Parm Kind:  MFCC_E_D_A
 Number of owners = 1
 SegLab   :  sur
 maxIter  :  30
 epsilon  :  0.000100
 minSeg   :  3
 Updating :  Means Variances MixWeights/DProbs TransProbs

 - system is PLAIN
10 Observation Sequences Loaded
Starting Estimation Process
Iteration 1: Average LogP = -3394.64771
Iteration 2: Average LogP = -3354.10938  Change =    40.53833
Iteration 3: Average LogP = -3347.58789  Change =     6.52148
Iteration 4: Average LogP = -3346.65552  Change =     0.93242
Iteration 5: Average LogP = -3346.54102  Change =     0.11450
Iteration 6: Average LogP = -3346.54102  Change =     0.00000
Estimation converged at iteration 7
Output written to directory current
~~~~~~~~~~~ modele treize ~~~~~~~~~~~~~
HInit -A -C Modeles/htk.conf -o Modeles/init/treize -l treize -L Labels/ -i 30 -T 1 -m 3 Modeles/gabarits/treize -S Listes/wav.all.lst 
Initialising  HMM Modeles/gabarits/treize . . . 
 States   :   2  3  4  5  6 (width)
 Mixes  s1:   1  1  1  1  1 ( 39  )
 Num Using:   0  0  0  0  0
 Parm Kind:  MFCC_E_D_A
 Number of owners = 1
 SegLab   :  treize
 maxIter  :  30
 epsilon  :  0.000100
 minSeg   :  3
 Updating :  Means Variances MixWeights/DProbs TransProbs

 - system is PLAIN
10 Observation Sequences Loaded
Starting Estimation Process
Iteration 1: Average LogP = -3639.39380
Iteration 2: Average LogP = -3598.98779  Change =    40.40591
Iteration 3: Average LogP = -3579.33643  Change =    19.65146
Iteration 4: Average LogP = -3555.72852  Change =    23.60791
Iteration 5: Average LogP = -3519.62036  Change =    36.10820
Iteration 6: Average LogP = -3516.25928  Change =     3.36099
Iteration 7: Average LogP = -3515.72925  Change =     0.52998
Iteration 8: Average LogP = -3515.68896  Change =     0.04019
Iteration 9: Average LogP = -3515.68896  Change =    -0.00010
Estimation converged at iteration 10
Output written to directory current
~~~~~~~~~~~ modele trente ~~~~~~~~~~~~~
HInit -A -C Modeles/htk.conf -o Modeles/init/trente -l trente -L Labels/ -i 30 -T 1 -m 3 Modeles/gabarits/trente -S Listes/wav.all.lst 
Initialising  HMM Modeles/gabarits/trente . . . 
 States   :   2  3  4  5  6  7 (width)
 Mixes  s1:   1  1  1  1  1  1 ( 39  )
 Num Using:   0  0  0  0  0  0
 Parm Kind:  MFCC_E_D_A
 Number of owners = 1
 SegLab   :  trente
 maxIter  :  30
 epsilon  :  0.000100
 minSeg   :  3
 Updating :  Means Variances MixWeights/DProbs TransProbs

 - system is PLAIN
10 Observation Sequences Loaded
Starting Estimation Process
Iteration 1: Average LogP = -3635.65869
Iteration 2: Average LogP = -3570.84424  Change =    64.81455
Iteration 3: Average LogP = -3507.08154  Change =    63.76260
Iteration 4: Average LogP = -3495.09180  Change =    11.98975
Iteration 5: Average LogP = -3493.54761  Change =     1.54414
Iteration 6: Average LogP = -3493.38916  Change =     0.15854
Iteration 7: Average LogP = -3493.38916  Change =     0.00010
Estimation converged at iteration 8
Output written to directory current
~~~~~~~~~~~ modele trois ~~~~~~~~~~~~~
HInit -A -C Modeles/htk.conf -o Modeles/init/trois -l trois -L Labels/ -i 30 -T 1 -m 3 Modeles/gabarits/trois -S Listes/wav.all.lst 
Initialising  HMM Modeles/gabarits/trois . . . 
 States   :   2  3  4  5  6 (width)
 Mixes  s1:   1  1  1  1  1 ( 39  )
 Num Using:   0  0  0  0  0
 Parm Kind:  MFCC_E_D_A
 Number of owners = 1
 SegLab   :  trois
 maxIter  :  30
 epsilon  :  0.000100
 minSeg   :  3
 Updating :  Means Variances MixWeights/DProbs TransProbs

 - system is PLAIN
10 Observation Sequences Loaded
Starting Estimation Process
Iteration 1: Average LogP = -2481.90381
Iteration 2: Average LogP = -2454.08667  Change =    27.81709
Iteration 3: Average LogP = -2452.94824  Change =     1.13843
Iteration 4: Average LogP = -2452.74487  Change =     0.20332
Iteration 5: Average LogP = -2452.00391  Change =     0.74097
Iteration 6: Average LogP = -2451.59692  Change =     0.40703
Iteration 7: Average LogP = -2450.29346  Change =     1.30356
Iteration 8: Average LogP = -2449.71460  Change =     0.57881
Iteration 9: Average LogP = -2448.98706  Change =     0.72749
Iteration 10: Average LogP = -2448.86401  Change =     0.12300
Iteration 11: Average LogP = -2448.86401  Change =    -0.00005
Estimation converged at iteration 12
Output written to directory current
~~~~~~~~~~~ modele un ~~~~~~~~~~~~~
HInit -A -C Modeles/htk.conf -o Modeles/init/un -l un -L Labels/ -i 30 -T 1 -m 3 Modeles/gabarits/un -S Listes/wav.all.lst 
Initialising  HMM Modeles/gabarits/un . . . 
 States   :   2 (width)
 Mixes  s1:   1 ( 39  )
 Num Using:   0
 Parm Kind:  MFCC_E_D_A
 Number of owners = 1
 SegLab   :  un
 maxIter  :  30
 epsilon  :  0.000100
 minSeg   :  3
 Updating :  Means Variances MixWeights/DProbs TransProbs

 - system is PLAIN
10 Observation Sequences Loaded
Starting Estimation Process
Iteration 1: Average LogP = -1543.02893
Iteration 2: Average LogP = -1542.37683  Change =     0.65208
Iteration 3: Average LogP = -1542.37683  Change =    -0.00002
Estimation converged at iteration 4
Output written to directory current
~~~~~~~~~~~ modele vingt ~~~~~~~~~~~~~
HInit -A -C Modeles/htk.conf -o Modeles/init/vingt -l vingt -L Labels/ -i 30 -T 1 -m 3 Modeles/gabarits/vingt -S Listes/wav.all.lst 
Initialising  HMM Modeles/gabarits/vingt . . . 
 States   :   2  3 (width)
 Mixes  s1:   1  1 ( 39  )
 Num Using:   0  0
 Parm Kind:  MFCC_E_D_A
 Number of owners = 1
 SegLab   :  vingt
 maxIter  :  30
 epsilon  :  0.000100
 minSeg   :  3
 Updating :  Means Variances MixWeights/DProbs TransProbs

 - system is PLAIN
10 Observation Sequences Loaded
Starting Estimation Process
Iteration 1: Average LogP = -3241.65454
Iteration 2: Average LogP = -3195.72095  Change =    45.93364
Iteration 3: Average LogP = -3150.06885  Change =    45.65200
Iteration 4: Average LogP = -3144.10986  Change =     5.95908
Iteration 5: Average LogP = -3143.26660  Change =     0.84326
Iteration 6: Average LogP = -3140.79272  Change =     2.47383
Iteration 7: Average LogP = -3140.79297  Change =    -0.00024
Iteration 8: Average LogP = -3140.79297  Change =     0.00000
Estimation converged at iteration 9
Output written to directory current
~~~~~~~~~~~ modele zero ~~~~~~~~~~~~~
HInit -A -C Modeles/htk.conf -o Modeles/init/zero -l zero -L Labels/ -i 30 -T 1 -m 3 Modeles/gabarits/zero -S Listes/wav.all.lst 
Initialising  HMM Modeles/gabarits/zero . . . 
 States   :   2  3  4  5 (width)
 Mixes  s1:   1  1  1  1 ( 39  )
 Num Using:   0  0  0  0
 Parm Kind:  MFCC_E_D_A
 Number of owners = 1
 SegLab   :  zero
 maxIter  :  30
 epsilon  :  0.000100
 minSeg   :  3
 Updating :  Means Variances MixWeights/DProbs TransProbs

 - system is PLAIN
10 Observation Sequences Loaded
Starting Estimation Process
Iteration 1: Average LogP = -3511.30859
Iteration 2: Average LogP = -3434.02979  Change =    77.27891
Iteration 3: Average LogP = -3416.83838  Change =    17.19150
Iteration 4: Average LogP = -3414.00903  Change =     2.82939
Iteration 5: Average LogP = -3413.18555  Change =     0.82349
Iteration 6: Average LogP = -3412.92700  Change =     0.25859
Iteration 7: Average LogP = -3412.92700  Change =     0.00005
Estimation converged at iteration 8
Output written to directory current
~~~~~~~~~~~ modele pause ~~~~~~~~~~~~~
HInit -A -C Modeles/htk.conf -o Modeles/init/pause -l pause -L Labels/ -i 30 -T 1 -m 3 Modeles/gabarits/pause -S Listes/wav.all.lst 
Initialising  HMM Modeles/gabarits/pause . . . 
 States   :   2  3  4 (width)
 Mixes  s1:  32 32 32 ( 39  )
 Num Using:   0  0  0
 Parm Kind:  MFCC_E_D_A
 Number of owners = 1
 SegLab   :  pause
 maxIter  :  30
 epsilon  :  0.000100
 minSeg   :  3
 Updating :  Means Variances MixWeights/DProbs TransProbs

 - system is PLAIN
7 Observation Sequences Loaded
Starting Estimation Process
Iteration 1: Average LogP =-16458.53516
Iteration 2: Average LogP =-16199.85645  Change =   258.67913
Iteration 3: Average LogP =-16134.02246  Change =    65.83412
Iteration 4: Average LogP =-16099.42480  Change =    34.59724
Iteration 5: Average LogP =-16078.73438  Change =    20.69043
Iteration 6: Average LogP =-16067.29590  Change =    11.43862
Iteration 7: Average LogP =-16058.17676  Change =     9.11956
Iteration 8: Average LogP =-16054.28125  Change =     3.89551
Iteration 9: Average LogP =-16050.12500  Change =     4.15625
Iteration 10: Average LogP =-16047.11914  Change =     3.00558
Iteration 11: Average LogP =-16046.30762  Change =     0.81110
Iteration 12: Average LogP =-16045.13379  Change =     1.17369
Iteration 13: Average LogP =-16044.50586  Change =     0.62821
Iteration 14: Average LogP =-16042.95898  Change =     1.54715
Iteration 15: Average LogP =-16041.66406  Change =     1.29492
Iteration 16: Average LogP =-16041.06934  Change =     0.59487
Iteration 17: Average LogP =-16040.67480  Change =     0.39411
Iteration 18: Average LogP =-16039.95410  Change =     0.72056
Iteration 19: Average LogP =-16039.44629  Change =     0.50767
Iteration 20: Average LogP =-16039.44629  Change =    -0.00014
Iteration 21: Average LogP =-16039.44629  Change =    -0.00014
Iteration 22: Average LogP =-16039.44629  Change =    -0.00014
Iteration 23: Average LogP =-16039.44629  Change =    -0.00014
Iteration 24: Average LogP =-16039.44629  Change =    -0.00014
Iteration 25: Average LogP =-16039.44629  Change =    -0.00014
Iteration 26: Average LogP =-16039.44629  Change =    -0.00014
Iteration 27: Average LogP =-16039.44629  Change =    -0.00014
Iteration 28: Average LogP =-16039.44629  Change =    -0.00014
Iteration 29: Average LogP =-16039.44629  Change =    -0.00014
Iteration 30: Average LogP =-16039.44629  Change =    -0.00014
Estimation aborted at iteration 31
Output written to directory current
mer. nov. 26 11:53:41 CET 2014
