Aligned transcription: Labels/cinq_alban_2012.lab vs Resultats/cinq_alban_2012.rec
 LAB:       cinq       
 REC: pause cinq pause 
Aligned transcription: Labels/cinq_brice_2012.lab vs Resultats/cinq_brice_2012.rec
 LAB:       cinq       
 REC: pause cinq pause 
Aligned transcription: Labels/cinq_dominique_2012.lab vs Resultats/cinq_dominique_2012.rec
 LAB:       cinq       
 REC: pause cinq pause 
Aligned transcription: Labels/cinq_eric_2012.lab vs Resultats/cinq_eric_2012.rec
 LAB:                cinq  
 REC: pause quarante pause 
Aligned transcription: Labels/cinq_etienne_2012.lab vs Resultats/cinq_etienne_2012.rec
 LAB:       cinq       
 REC: pause cinq pause 
Aligned transcription: Labels/cinq_gabrielides_2012.lab vs Resultats/cinq_gabrielides_2012.rec
 LAB:                 cinq  
 REC: pause cinquante pause 
Aligned transcription: Labels/cinq_hyliass_2012.lab vs Resultats/cinq_hyliass_2012.rec
 LAB:       cinq       
 REC: pause cinq pause 
Aligned transcription: Labels/cinq_jean_2012.lab vs Resultats/cinq_jean_2012.rec
 LAB:       cinq       
 REC: pause cinq pause 
Aligned transcription: Labels/cinq_nabil_2012.lab vs Resultats/cinq_nabil_2012.rec
 LAB:       cinq       
 REC: pause cinq pause 
Aligned transcription: Labels/cinq_thomas_2012.lab vs Resultats/cinq_thomas_2012.rec
 LAB:       cinq       
 REC: pause cinq pause 
Aligned transcription: Labels/cinquante_alban_2012.lab vs Resultats/cinquante_alban_2012.rec
 LAB:       cinquante       
 REC: pause cinquante pause 
Aligned transcription: Labels/cinquante_brice_2012.lab vs Resultats/cinquante_brice_2012.rec
 LAB:       cinquante       
 REC: pause cinquante pause 
Aligned transcription: Labels/cinquante_dominique_2012.lab vs Resultats/cinquante_dominique_2012.rec
 LAB:       cinquante       
 REC: pause cinquante pause 
Aligned transcription: Labels/cinquante_eric_2012.lab vs Resultats/cinquante_eric_2012.rec
 LAB:       cinquante       
 REC: pause cinquante pause 
Aligned transcription: Labels/cinquante_etienne_2012.lab vs Resultats/cinquante_etienne_2012.rec
 LAB:       cinquante       
 REC: pause cinquante pause 
Aligned transcription: Labels/cinquante_gabrielides_2012.lab vs Resultats/cinquante_gabrielides_2012.rec
 LAB:       cinquante       
 REC: pause cinquante pause 
Aligned transcription: Labels/cinquante_hyliass_2012.lab vs Resultats/cinquante_hyliass_2012.rec
 LAB:                cinquante 
 REC: pause quatorze pause     
Aligned transcription: Labels/cinquante_jean_2012.lab vs Resultats/cinquante_jean_2012.rec
 LAB:       cinquante       
 REC: pause cinquante pause 
Aligned transcription: Labels/cinquante_nabil_2012.lab vs Resultats/cinquante_nabil_2012.rec
 LAB:                cinquante 
 REC: pause soixante pause     
Aligned transcription: Labels/cinquante_thomas_2012.lab vs Resultats/cinquante_thomas_2012.rec
 LAB:       cinquante       
 REC: pause cinquante pause 
Aligned transcription: Labels/deux_alban_2012.lab vs Resultats/deux_alban_2012.rec
 LAB:       deux       
 REC: pause deux pause 
Aligned transcription: Labels/deux_brice_2012.lab vs Resultats/deux_brice_2012.rec
 LAB:       deux       
 REC: pause deux pause 
Aligned transcription: Labels/deux_dominique_2012.lab vs Resultats/deux_dominique_2012.rec
 LAB:       deux       
 REC: pause deux pause 
Aligned transcription: Labels/deux_eric_2012.lab vs Resultats/deux_eric_2012.rec
 LAB:       deux       
 REC: pause deux pause 
Aligned transcription: Labels/deux_etienne_2012.lab vs Resultats/deux_etienne_2012.rec
 LAB:       deux       
 REC: pause deux pause 
Aligned transcription: Labels/deux_gabrielides_2012.lab vs Resultats/deux_gabrielides_2012.rec
 LAB:       deux       
 REC: pause deux pause 
Aligned transcription: Labels/deux_hyliass_2012.lab vs Resultats/deux_hyliass_2012.rec
 LAB:       deux       
 REC: pause deux pause 
Aligned transcription: Labels/deux_jean_2012.lab vs Resultats/deux_jean_2012.rec
 LAB:       deux       
 REC: pause deux pause 
Aligned transcription: Labels/deux_nabil_2012.lab vs Resultats/deux_nabil_2012.rec
 LAB:             deux  
 REC: pause vingt pause 
Aligned transcription: Labels/deux_thomas_2012.lab vs Resultats/deux_thomas_2012.rec
 LAB:       deux       
 REC: pause deux pause 
Aligned transcription: Labels/diviser_alban_2012.lab vs Resultats/diviser_alban_2012.rec
 LAB:       diviser       
 REC: pause diviser pause 
Aligned transcription: Labels/diviser_brice_2012.lab vs Resultats/diviser_brice_2012.rec
 LAB:       diviser       
 REC: pause diviser pause 
Aligned transcription: Labels/diviser_dominique_2012.lab vs Resultats/diviser_dominique_2012.rec
 LAB:       diviser       
 REC: pause diviser pause 
Aligned transcription: Labels/diviser_eric_2012.lab vs Resultats/diviser_eric_2012.rec
 LAB:       diviser       
 REC: pause diviser pause 
Aligned transcription: Labels/diviser_etienne_2012.lab vs Resultats/diviser_etienne_2012.rec
 LAB:       diviser       
 REC: pause diviser pause 
Aligned transcription: Labels/diviser_gabrielides_2012.lab vs Resultats/diviser_gabrielides_2012.rec
 LAB:       diviser       
 REC: pause diviser pause 
Aligned transcription: Labels/diviser_hyliass_2012.lab vs Resultats/diviser_hyliass_2012.rec
 LAB:       diviser       
 REC: pause diviser pause 
Aligned transcription: Labels/diviser_jean_2012.lab vs Resultats/diviser_jean_2012.rec
 LAB:       diviser       
 REC: pause diviser pause 
Aligned transcription: Labels/diviser_nabil_2012.lab vs Resultats/diviser_nabil_2012.rec
 LAB:       diviser       
 REC: pause diviser pause 
Aligned transcription: Labels/diviser_thomas_2012.lab vs Resultats/diviser_thomas_2012.rec
 LAB:       diviser       
 REC: pause diviser pause 
Aligned transcription: Labels/dix_alban_2012.lab vs Resultats/dix_alban_2012.rec
 LAB:           dix   
 REC: pause six pause 
Aligned transcription: Labels/dix_brice_2012.lab vs Resultats/dix_brice_2012.rec
 LAB:       dix       
 REC: pause dix pause 
Aligned transcription: Labels/dix_dominique_2012.lab vs Resultats/dix_dominique_2012.rec
 LAB:       dix       
 REC: pause dix pause 
Aligned transcription: Labels/dix_eric_2012.lab vs Resultats/dix_eric_2012.rec
 LAB:       dix       
 REC: pause dix pause 
Aligned transcription: Labels/dix_etienne_2012.lab vs Resultats/dix_etienne_2012.rec
 LAB:       dix       
 REC: pause dix pause 
Aligned transcription: Labels/dix_gabrielides_2012.lab vs Resultats/dix_gabrielides_2012.rec
 LAB:       dix       
 REC: pause dix pause 
Aligned transcription: Labels/dix_hyliass_2012.lab vs Resultats/dix_hyliass_2012.rec
 LAB:       dix       
 REC: pause dix pause 
Aligned transcription: Labels/dix_jean_2012.lab vs Resultats/dix_jean_2012.rec
 LAB:       dix       
 REC: pause dix pause 
Aligned transcription: Labels/dix_nabil_2012.lab vs Resultats/dix_nabil_2012.rec
 LAB:       dix       
 REC: pause dix pause 
Aligned transcription: Labels/dix_thomas_2012.lab vs Resultats/dix_thomas_2012.rec
 LAB:               dix   
 REC: pause diviser pause 
Aligned transcription: Labels/douze_alban_2012.lab vs Resultats/douze_alban_2012.rec
 LAB:       douze       
 REC: pause douze pause 
Aligned transcription: Labels/douze_brice_2012.lab vs Resultats/douze_brice_2012.rec
 LAB:       douze       
 REC: pause douze pause 
Aligned transcription: Labels/douze_dominique_2012.lab vs Resultats/douze_dominique_2012.rec
 LAB:       douze       
 REC: pause douze pause 
Aligned transcription: Labels/douze_eric_2012.lab vs Resultats/douze_eric_2012.rec
 LAB:       douze       
 REC: pause douze pause 
Aligned transcription: Labels/douze_etienne_2012.lab vs Resultats/douze_etienne_2012.rec
 LAB:       douze       
 REC: pause douze pause 
Aligned transcription: Labels/douze_gabrielides_2012.lab vs Resultats/douze_gabrielides_2012.rec
 LAB:       douze       
 REC: pause douze pause 
Aligned transcription: Labels/douze_hyliass_2012.lab vs Resultats/douze_hyliass_2012.rec
 LAB:       douze       
 REC: pause douze pause 
Aligned transcription: Labels/douze_jean_2012.lab vs Resultats/douze_jean_2012.rec
 LAB:       douze       
 REC: pause douze pause 
Aligned transcription: Labels/douze_nabil_2012.lab vs Resultats/douze_nabil_2012.rec
 LAB:       douze       
 REC: pause douze pause 
Aligned transcription: Labels/douze_thomas_2012.lab vs Resultats/douze_thomas_2012.rec
 LAB:       douze       
 REC: pause douze pause 
Aligned transcription: Labels/egal_alban_2012.lab vs Resultats/egal_alban_2012.rec
 LAB:       egal       
 REC: pause egal pause 
Aligned transcription: Labels/egal_brice_2012.lab vs Resultats/egal_brice_2012.rec
 LAB:       egal       
 REC: pause egal pause 
Aligned transcription: Labels/egal_dominique_2012.lab vs Resultats/egal_dominique_2012.rec
 LAB:       egal       
 REC: pause egal pause 
Aligned transcription: Labels/egal_eric_2012.lab vs Resultats/egal_eric_2012.rec
 LAB:       egal       
 REC: pause egal pause 
Aligned transcription: Labels/egal_etienne_2012.lab vs Resultats/egal_etienne_2012.rec
 LAB:       egal       
 REC: pause egal pause 
Aligned transcription: Labels/egal_gabrielides_2012.lab vs Resultats/egal_gabrielides_2012.rec
 LAB:       egal       
 REC: pause egal pause 
Aligned transcription: Labels/egal_hyliass_2012.lab vs Resultats/egal_hyliass_2012.rec
 LAB:       egal       
 REC: pause egal pause 
Aligned transcription: Labels/egal_jean_2012.lab vs Resultats/egal_jean_2012.rec
 LAB:       egal       
 REC: pause egal pause 
Aligned transcription: Labels/egal_nabil_2012.lab vs Resultats/egal_nabil_2012.rec
 LAB:       egal       
 REC: pause egal pause 
Aligned transcription: Labels/egal_thomas_2012.lab vs Resultats/egal_thomas_2012.rec
 LAB:       egal       
 REC: pause egal pause 
Aligned transcription: Labels/et_alban_2012.lab vs Resultats/et_alban_2012.rec
 LAB:                  et    
 REC: pause multiplier pause 
Aligned transcription: Labels/et_brice_2012.lab vs Resultats/et_brice_2012.rec
 LAB:       et       
 REC: pause et pause 
Aligned transcription: Labels/et_dominique_2012.lab vs Resultats/et_dominique_2012.rec
 LAB:       et       
 REC: pause et pause 
Aligned transcription: Labels/et_eric_2012.lab vs Resultats/et_eric_2012.rec
 LAB:               et    
 REC: pause diviser pause 
Aligned transcription: Labels/et_etienne_2012.lab vs Resultats/et_etienne_2012.rec
 LAB:       et       
 REC: pause et pause 
Aligned transcription: Labels/et_gabrielides_2012.lab vs Resultats/et_gabrielides_2012.rec
 LAB:       et       
 REC: pause et pause 
Aligned transcription: Labels/et_hyliass_2012.lab vs Resultats/et_hyliass_2012.rec
 LAB:       et       
 REC: pause et pause 
Aligned transcription: Labels/et_jean_2012.lab vs Resultats/et_jean_2012.rec
 LAB:       et       
 REC: pause et pause 
Aligned transcription: Labels/et_nabil_2012.lab vs Resultats/et_nabil_2012.rec
 LAB:       et       
 REC: pause et pause 
Aligned transcription: Labels/et_thomas_2012.lab vs Resultats/et_thomas_2012.rec
 LAB:       et       
 REC: pause et pause 
Aligned transcription: Labels/fois_alban_2012.lab vs Resultats/fois_alban_2012.rec
 LAB:       fois       
 REC: pause fois pause 
Aligned transcription: Labels/fois_brice_2012.lab vs Resultats/fois_brice_2012.rec
 LAB:             fois  
 REC: pause trois pause 
Aligned transcription: Labels/fois_dominique_2012.lab vs Resultats/fois_dominique_2012.rec
 LAB:       fois       
 REC: pause fois pause 
Aligned transcription: Labels/fois_eric_2012.lab vs Resultats/fois_eric_2012.rec
 LAB:       fois       
 REC: pause fois pause 
Aligned transcription: Labels/fois_etienne_2012.lab vs Resultats/fois_etienne_2012.rec
 LAB:       fois       
 REC: pause fois pause 
Aligned transcription: Labels/fois_gabrielides_2012.lab vs Resultats/fois_gabrielides_2012.rec
 LAB:       fois       
 REC: pause fois pause 
Aligned transcription: Labels/fois_hyliass_2012.lab vs Resultats/fois_hyliass_2012.rec
 LAB:       fois       
 REC: pause fois pause 
Aligned transcription: Labels/fois_jean_2012.lab vs Resultats/fois_jean_2012.rec
 LAB:       fois       
 REC: pause fois pause 
Aligned transcription: Labels/fois_nabil_2012.lab vs Resultats/fois_nabil_2012.rec
 LAB:       fois       
 REC: pause fois pause 
Aligned transcription: Labels/fois_thomas_2012.lab vs Resultats/fois_thomas_2012.rec
 LAB:       fois       
 REC: pause fois pause 
Aligned transcription: Labels/huit_alban_2012.lab vs Resultats/huit_alban_2012.rec
 LAB:       huit       
 REC: pause huit pause 
Aligned transcription: Labels/huit_brice_2012.lab vs Resultats/huit_brice_2012.rec
 LAB:       huit       
 REC: pause huit pause 
Aligned transcription: Labels/huit_dominique_2012.lab vs Resultats/huit_dominique_2012.rec
 LAB:       huit       
 REC: pause huit pause 
Aligned transcription: Labels/huit_eric_2012.lab vs Resultats/huit_eric_2012.rec
 LAB:       huit       
 REC: pause huit pause 
Aligned transcription: Labels/huit_etienne_2012.lab vs Resultats/huit_etienne_2012.rec
 LAB:       huit       
 REC: pause huit pause 
Aligned transcription: Labels/huit_gabrielides_2012.lab vs Resultats/huit_gabrielides_2012.rec
 LAB:       huit       
 REC: pause huit pause 
Aligned transcription: Labels/huit_hyliass_2012.lab vs Resultats/huit_hyliass_2012.rec
 LAB:       huit       
 REC: pause huit pause 
Aligned transcription: Labels/huit_jean_2012.lab vs Resultats/huit_jean_2012.rec
 LAB:       huit       
 REC: pause huit pause 
Aligned transcription: Labels/huit_nabil_2012.lab vs Resultats/huit_nabil_2012.rec
 LAB:       huit       
 REC: pause huit pause 
Aligned transcription: Labels/huit_thomas_2012.lab vs Resultats/huit_thomas_2012.rec
 LAB:       huit       
 REC: pause huit pause 
Aligned transcription: Labels/moins_alban_2012.lab vs Resultats/moins_alban_2012.rec
 LAB:       moins       
 REC: pause moins pause 
Aligned transcription: Labels/moins_brice_2012.lab vs Resultats/moins_brice_2012.rec
 LAB:       moins       
 REC: pause moins pause 
Aligned transcription: Labels/moins_dominique_2012.lab vs Resultats/moins_dominique_2012.rec
 LAB:       moins       
 REC: pause moins pause 
Aligned transcription: Labels/moins_eric_2012.lab vs Resultats/moins_eric_2012.rec
 LAB:       moins       
 REC: pause moins pause 
Aligned transcription: Labels/moins_etienne_2012.lab vs Resultats/moins_etienne_2012.rec
 LAB:       moins       
 REC: pause moins pause 
Aligned transcription: Labels/moins_gabrielides_2012.lab vs Resultats/moins_gabrielides_2012.rec
 LAB:       moins       
 REC: pause moins pause 
Aligned transcription: Labels/moins_hyliass_2012.lab vs Resultats/moins_hyliass_2012.rec
 LAB:       moins       
 REC: pause moins pause 
Aligned transcription: Labels/moins_jean_2012.lab vs Resultats/moins_jean_2012.rec
 LAB:       moins       
 REC: pause moins pause 
Aligned transcription: Labels/moins_nabil_2012.lab vs Resultats/moins_nabil_2012.rec
 LAB:       moins       
 REC: pause moins pause 
Aligned transcription: Labels/moins_thomas_2012.lab vs Resultats/moins_thomas_2012.rec
 LAB:       moins       
 REC: pause moins pause 
Aligned transcription: Labels/multiplier_alban_2012.lab vs Resultats/multiplier_alban_2012.rec
 LAB:       multiplier       
 REC: pause multiplier pause 
Aligned transcription: Labels/multiplier_brice_2012.lab vs Resultats/multiplier_brice_2012.rec
 LAB:       multiplier       
 REC: pause multiplier pause 
Aligned transcription: Labels/multiplier_dominique_2012.lab vs Resultats/multiplier_dominique_2012.rec
 LAB:       multiplier       
 REC: pause multiplier pause 
Aligned transcription: Labels/multiplier_eric_2012.lab vs Resultats/multiplier_eric_2012.rec
 LAB:       multiplier       
 REC: pause multiplier pause 
Aligned transcription: Labels/multiplier_etienne_2012.lab vs Resultats/multiplier_etienne_2012.rec
 LAB:       multiplier       
 REC: pause multiplier pause 
Aligned transcription: Labels/multiplier_gabrielides_2012.lab vs Resultats/multiplier_gabrielides_2012.rec
 LAB:       multiplier       
 REC: pause multiplier pause 
Aligned transcription: Labels/multiplier_hyliass_2012.lab vs Resultats/multiplier_hyliass_2012.rec
 LAB:       multiplier       
 REC: pause multiplier pause 
Aligned transcription: Labels/multiplier_jean_2012.lab vs Resultats/multiplier_jean_2012.rec
 LAB:       multiplier       
 REC: pause multiplier pause 
Aligned transcription: Labels/multiplier_nabil_2012.lab vs Resultats/multiplier_nabil_2012.rec
 LAB:       multiplier       
 REC: pause multiplier pause 
Aligned transcription: Labels/multiplier_thomas_2012.lab vs Resultats/multiplier_thomas_2012.rec
 LAB:       multiplier       
 REC: pause multiplier pause 
Aligned transcription: Labels/neuf_alban_2012.lab vs Resultats/neuf_alban_2012.rec
 LAB:       neuf       
 REC: pause neuf pause 
Aligned transcription: Labels/neuf_brice_2012.lab vs Resultats/neuf_brice_2012.rec
 LAB:       neuf       
 REC: pause neuf pause 
Aligned transcription: Labels/neuf_dominique_2012.lab vs Resultats/neuf_dominique_2012.rec
 LAB:       neuf       
 REC: pause neuf pause 
Aligned transcription: Labels/neuf_eric_2012.lab vs Resultats/neuf_eric_2012.rec
 LAB:              neuf  
 REC: pause quatre pause 
Aligned transcription: Labels/neuf_etienne_2012.lab vs Resultats/neuf_etienne_2012.rec
 LAB:       neuf       
 REC: pause neuf pause 
Aligned transcription: Labels/neuf_gabrielides_2012.lab vs Resultats/neuf_gabrielides_2012.rec
 LAB:       neuf       
 REC: pause neuf pause 
Aligned transcription: Labels/neuf_hyliass_2012.lab vs Resultats/neuf_hyliass_2012.rec
 LAB:       neuf       
 REC: pause neuf pause 
Aligned transcription: Labels/neuf_jean_2012.lab vs Resultats/neuf_jean_2012.rec
 LAB:       neuf       
 REC: pause neuf pause 
Aligned transcription: Labels/neuf_nabil_2012.lab vs Resultats/neuf_nabil_2012.rec
 LAB:       neuf       
 REC: pause neuf pause 
Aligned transcription: Labels/neuf_thomas_2012.lab vs Resultats/neuf_thomas_2012.rec
 LAB:       neuf       
 REC: pause neuf pause 
Aligned transcription: Labels/onze_alban_2012.lab vs Resultats/onze_alban_2012.rec
 LAB:             onze  
 REC: pause vingt pause 
Aligned transcription: Labels/onze_brice_2012.lab vs Resultats/onze_brice_2012.rec
 LAB:       onze       
 REC: pause onze pause 
Aligned transcription: Labels/onze_dominique_2012.lab vs Resultats/onze_dominique_2012.rec
 LAB:       onze       
 REC: pause onze pause 
Aligned transcription: Labels/onze_eric_2012.lab vs Resultats/onze_eric_2012.rec
 LAB:       onze       
 REC: pause onze pause 
Aligned transcription: Labels/onze_etienne_2012.lab vs Resultats/onze_etienne_2012.rec
 LAB:       onze       
 REC: pause onze pause 
Aligned transcription: Labels/onze_gabrielides_2012.lab vs Resultats/onze_gabrielides_2012.rec
 LAB:       onze       
 REC: pause onze pause 
Aligned transcription: Labels/onze_hyliass_2012.lab vs Resultats/onze_hyliass_2012.rec
 LAB:       onze       
 REC: pause onze pause 
Aligned transcription: Labels/onze_jean_2012.lab vs Resultats/onze_jean_2012.rec
 LAB:       onze       
 REC: pause onze pause 
Aligned transcription: Labels/onze_nabil_2012.lab vs Resultats/onze_nabil_2012.rec
 LAB:              onze  
 REC: pause trente pause 
Aligned transcription: Labels/onze_thomas_2012.lab vs Resultats/onze_thomas_2012.rec
 LAB:       onze       
 REC: pause onze pause 
Aligned transcription: Labels/par_alban_2012.lab vs Resultats/par_alban_2012.rec
 LAB:       par       
 REC: pause par pause 
Aligned transcription: Labels/par_brice_2012.lab vs Resultats/par_brice_2012.rec
 LAB:       par       
 REC: pause par pause 
Aligned transcription: Labels/par_dominique_2012.lab vs Resultats/par_dominique_2012.rec
 LAB:       par       
 REC: pause par pause 
Aligned transcription: Labels/par_eric_2012.lab vs Resultats/par_eric_2012.rec
 LAB:       par       
 REC: pause par pause 
Aligned transcription: Labels/par_etienne_2012.lab vs Resultats/par_etienne_2012.rec
 LAB:       par       
 REC: pause par pause 
Aligned transcription: Labels/par_gabrielides_2012.lab vs Resultats/par_gabrielides_2012.rec
 LAB:       par       
 REC: pause par pause 
Aligned transcription: Labels/par_hyliass_2012.lab vs Resultats/par_hyliass_2012.rec
 LAB:       par       
 REC: pause par pause 
Aligned transcription: Labels/par_jean_2012.lab vs Resultats/par_jean_2012.rec
 LAB:       par       
 REC: pause par pause 
Aligned transcription: Labels/par_nabil_2012.lab vs Resultats/par_nabil_2012.rec
 LAB:       par       
 REC: pause par pause 
Aligned transcription: Labels/par_thomas_2012.lab vs Resultats/par_thomas_2012.rec
 LAB:       par       
 REC: pause par pause 
Aligned transcription: Labels/pause.lab vs Resultats/pause.rec
 LAB: pause pause pause pause pause pause pause 
 REC:                         pause sept  pause 
Aligned transcription: Labels/plus_alban_2012.lab vs Resultats/plus_alban_2012.rec
 LAB:       plus       
 REC: pause plus pause 
Aligned transcription: Labels/plus_brice_2012.lab vs Resultats/plus_brice_2012.rec
 LAB:       plus       
 REC: pause plus pause 
Aligned transcription: Labels/plus_dominique_2012.lab vs Resultats/plus_dominique_2012.rec
 LAB:       plus       
 REC: pause plus pause 
Aligned transcription: Labels/plus_eric_2012.lab vs Resultats/plus_eric_2012.rec
 LAB:       plus       
 REC: pause plus pause 
Aligned transcription: Labels/plus_etienne_2012.lab vs Resultats/plus_etienne_2012.rec
 LAB:       plus       
 REC: pause plus pause 
Aligned transcription: Labels/plus_gabrielides_2012.lab vs Resultats/plus_gabrielides_2012.rec
 LAB:       plus       
 REC: pause plus pause 
Aligned transcription: Labels/plus_hyliass_2012.lab vs Resultats/plus_hyliass_2012.rec
 LAB:       plus       
 REC: pause plus pause 
Aligned transcription: Labels/plus_jean_2012.lab vs Resultats/plus_jean_2012.rec
 LAB:       plus       
 REC: pause plus pause 
Aligned transcription: Labels/plus_nabil_2012.lab vs Resultats/plus_nabil_2012.rec
 LAB:       plus       
 REC: pause plus pause 
Aligned transcription: Labels/plus_thomas_2012.lab vs Resultats/plus_thomas_2012.rec
 LAB:       plus       
 REC: pause plus pause 
Aligned transcription: Labels/quarante_alban_2012.lab vs Resultats/quarante_alban_2012.rec
 LAB:       quarante       
 REC: pause quarante pause 
Aligned transcription: Labels/quarante_brice_2012.lab vs Resultats/quarante_brice_2012.rec
 LAB:       quarante       
 REC: pause quarante pause 
Aligned transcription: Labels/quarante_dominique_2012.lab vs Resultats/quarante_dominique_2012.rec
 LAB:       quarante       
 REC: pause quarante pause 
Aligned transcription: Labels/quarante_eric_2012.lab vs Resultats/quarante_eric_2012.rec
 LAB:       quarante       
 REC: pause quarante pause 
Aligned transcription: Labels/quarante_etienne_2012.lab vs Resultats/quarante_etienne_2012.rec
 LAB:       quarante       
 REC: pause quarante pause 
Aligned transcription: Labels/quarante_gabrielides_2012.lab vs Resultats/quarante_gabrielides_2012.rec
 LAB:       quarante       
 REC: pause quarante pause 
Aligned transcription: Labels/quarante_hyliass_2012.lab vs Resultats/quarante_hyliass_2012.rec
 LAB:       quarante       
 REC: pause quarante pause 
Aligned transcription: Labels/quarante_jean_2012.lab vs Resultats/quarante_jean_2012.rec
 LAB:       quarante       
 REC: pause quarante pause 
Aligned transcription: Labels/quarante_nabil_2012.lab vs Resultats/quarante_nabil_2012.rec
 LAB:       quarante       
 REC: pause quarante pause 
Aligned transcription: Labels/quarante_thomas_2012.lab vs Resultats/quarante_thomas_2012.rec
 LAB:       quarante       
 REC: pause quarante pause 
Aligned transcription: Labels/quatorze_alban_2012.lab vs Resultats/quatorze_alban_2012.rec
 LAB:       quatorze       
 REC: pause quatorze pause 
Aligned transcription: Labels/quatorze_brice_2012.lab vs Resultats/quatorze_brice_2012.rec
 LAB:       quatorze       
 REC: pause quatorze pause 
Aligned transcription: Labels/quatorze_dominique_2012.lab vs Resultats/quatorze_dominique_2012.rec
 LAB:       quatorze       
 REC: pause quatorze pause 
Aligned transcription: Labels/quatorze_eric_2012.lab vs Resultats/quatorze_eric_2012.rec
 LAB:       quatorze       
 REC: pause quatorze pause 
Aligned transcription: Labels/quatorze_etienne_2012.lab vs Resultats/quatorze_etienne_2012.rec
 LAB:       quatorze       
 REC: pause quatorze pause 
Aligned transcription: Labels/quatorze_gabrielides_2012.lab vs Resultats/quatorze_gabrielides_2012.rec
 LAB:       quatorze       
 REC: pause quatorze pause 
Aligned transcription: Labels/quatorze_hyliass_2012.lab vs Resultats/quatorze_hyliass_2012.rec
 LAB:       quatorze       
 REC: pause quatorze pause 
Aligned transcription: Labels/quatorze_jean_2012.lab vs Resultats/quatorze_jean_2012.rec
 LAB:       quatorze       
 REC: pause quatorze pause 
Aligned transcription: Labels/quatorze_nabil_2012.lab vs Resultats/quatorze_nabil_2012.rec
 LAB:       quatorze       
 REC: pause quatorze pause 
Aligned transcription: Labels/quatorze_thomas_2012.lab vs Resultats/quatorze_thomas_2012.rec
 LAB:       quatorze       
 REC: pause quatorze pause 
Aligned transcription: Labels/quatre_alban_2012.lab vs Resultats/quatre_alban_2012.rec
 LAB:       quatre       
 REC: pause quatre pause 
Aligned transcription: Labels/quatre_brice_2012.lab vs Resultats/quatre_brice_2012.rec
 LAB:       quatre       
 REC: pause quatre pause 
Aligned transcription: Labels/quatre_dominique_2012.lab vs Resultats/quatre_dominique_2012.rec
 LAB:       quatre       
 REC: pause quatre pause 
Aligned transcription: Labels/quatre_eric_2012.lab vs Resultats/quatre_eric_2012.rec
 LAB:       quatre       
 REC: pause quatre pause 
Aligned transcription: Labels/quatre_etienne_2012.lab vs Resultats/quatre_etienne_2012.rec
 LAB:       quatre       
 REC: pause quatre pause 
Aligned transcription: Labels/quatre_gabrielides_2012.lab vs Resultats/quatre_gabrielides_2012.rec
 LAB:       quatre       
 REC: pause quatre pause 
Aligned transcription: Labels/quatre_hyliass_2012.lab vs Resultats/quatre_hyliass_2012.rec
 LAB:       quatre       
 REC: pause quatre pause 
Aligned transcription: Labels/quatre_jean_2012.lab vs Resultats/quatre_jean_2012.rec
 LAB:       quatre       
 REC: pause quatre pause 
Aligned transcription: Labels/quatre_nabil_2012.lab vs Resultats/quatre_nabil_2012.rec
 LAB:       quatre       
 REC: pause quatre pause 
Aligned transcription: Labels/quatre_thomas_2012.lab vs Resultats/quatre_thomas_2012.rec
 LAB:       quatre       
 REC: pause quatre pause 
Aligned transcription: Labels/quinze_alban_2012.lab vs Resultats/quinze_alban_2012.rec
 LAB:       quinze       
 REC: pause quinze pause 
Aligned transcription: Labels/quinze_brice_2012.lab vs Resultats/quinze_brice_2012.rec
 LAB:                quinze 
 REC: pause quarante pause  
Aligned transcription: Labels/quinze_dominique_2012.lab vs Resultats/quinze_dominique_2012.rec
 LAB:       quinze       
 REC: pause quinze pause 
Aligned transcription: Labels/quinze_eric_2012.lab vs Resultats/quinze_eric_2012.rec
 LAB:       quinze       
 REC: pause quinze pause 
Aligned transcription: Labels/quinze_etienne_2012.lab vs Resultats/quinze_etienne_2012.rec
 LAB:       quinze       
 REC: pause quinze pause 
Aligned transcription: Labels/quinze_gabrielides_2012.lab vs Resultats/quinze_gabrielides_2012.rec
 LAB:       quinze       
 REC: pause quinze pause 
Aligned transcription: Labels/quinze_hyliass_2012.lab vs Resultats/quinze_hyliass_2012.rec
 LAB:                quinze 
 REC: pause quarante pause  
Aligned transcription: Labels/quinze_jean_2012.lab vs Resultats/quinze_jean_2012.rec
 LAB:       quinze       
 REC: pause quinze pause 
Aligned transcription: Labels/quinze_nabil_2012.lab vs Resultats/quinze_nabil_2012.rec
 LAB:       quinze       
 REC: pause quinze pause 
Aligned transcription: Labels/quinze_thomas_2012.lab vs Resultats/quinze_thomas_2012.rec
 LAB:       quinze       
 REC: pause quinze pause 
Aligned transcription: Labels/seize_alban_2012.lab vs Resultats/seize_alban_2012.rec
 LAB:              seize 
 REC: pause treize pause 
Aligned transcription: Labels/seize_brice_2012.lab vs Resultats/seize_brice_2012.rec
 LAB:       seize       
 REC: pause seize pause 
Aligned transcription: Labels/seize_dominique_2012.lab vs Resultats/seize_dominique_2012.rec
 LAB:       seize       
 REC: pause seize pause 
Aligned transcription: Labels/seize_eric_2012.lab vs Resultats/seize_eric_2012.rec
 LAB:       seize       
 REC: pause seize pause 
Aligned transcription: Labels/seize_etienne_2012.lab vs Resultats/seize_etienne_2012.rec
 LAB:       seize       
 REC: pause seize pause 
Aligned transcription: Labels/seize_gabrielides_2012.lab vs Resultats/seize_gabrielides_2012.rec
 LAB:       seize       
 REC: pause seize pause 
Aligned transcription: Labels/seize_hyliass_2012.lab vs Resultats/seize_hyliass_2012.rec
 LAB:       seize       
 REC: pause seize pause 
Aligned transcription: Labels/seize_jean_2012.lab vs Resultats/seize_jean_2012.rec
 LAB:       seize       
 REC: pause seize pause 
Aligned transcription: Labels/seize_nabil_2012.lab vs Resultats/seize_nabil_2012.rec
 LAB:       seize       
 REC: pause seize pause 
Aligned transcription: Labels/seize_thomas_2012.lab vs Resultats/seize_thomas_2012.rec
 LAB:       seize       
 REC: pause seize pause 
Aligned transcription: Labels/sept_alban_2012.lab vs Resultats/sept_alban_2012.rec
 LAB:       sept       
 REC: pause sept pause 
Aligned transcription: Labels/sept_brice_2012.lab vs Resultats/sept_brice_2012.rec
 LAB:       sept       
 REC: pause sept pause 
Aligned transcription: Labels/sept_dominique_2012.lab vs Resultats/sept_dominique_2012.rec
 LAB:       sept       
 REC: pause sept pause 
Aligned transcription: Labels/sept_eric_2012.lab vs Resultats/sept_eric_2012.rec
 LAB:       sept       
 REC: pause sept pause 
Aligned transcription: Labels/sept_etienne_2012.lab vs Resultats/sept_etienne_2012.rec
 LAB:       sept       
 REC: pause sept pause 
Aligned transcription: Labels/sept_gabrielides_2012.lab vs Resultats/sept_gabrielides_2012.rec
 LAB:       sept       
 REC: pause sept pause 
Aligned transcription: Labels/sept_hyliass_2012.lab vs Resultats/sept_hyliass_2012.rec
 LAB:       sept       
 REC: pause sept pause 
Aligned transcription: Labels/sept_jean_2012.lab vs Resultats/sept_jean_2012.rec
 LAB:       sept       
 REC: pause sept pause 
Aligned transcription: Labels/sept_nabil_2012.lab vs Resultats/sept_nabil_2012.rec
 LAB:       sept       
 REC: pause sept pause 
Aligned transcription: Labels/sept_thomas_2012.lab vs Resultats/sept_thomas_2012.rec
 LAB:       sept       
 REC: pause sept pause 
Aligned transcription: Labels/six_alban_2012.lab vs Resultats/six_alban_2012.rec
 LAB:       six       
 REC: pause six pause 
Aligned transcription: Labels/six_brice_2012.lab vs Resultats/six_brice_2012.rec
 LAB:       six       
 REC: pause six pause 
Aligned transcription: Labels/six_dominique_2012.lab vs Resultats/six_dominique_2012.rec
 LAB:       six       
 REC: pause six pause 
Aligned transcription: Labels/six_eric_2012.lab vs Resultats/six_eric_2012.rec
 LAB:       six       
 REC: pause six pause 
Aligned transcription: Labels/six_etienne_2012.lab vs Resultats/six_etienne_2012.rec
 LAB:       six       
 REC: pause six pause 
Aligned transcription: Labels/six_gabrielides_2012.lab vs Resultats/six_gabrielides_2012.rec
 LAB:       six       
 REC: pause six pause 
Aligned transcription: Labels/six_hyliass_2012.lab vs Resultats/six_hyliass_2012.rec
 LAB:       six       
 REC: pause six pause 
Aligned transcription: Labels/six_jean_2012.lab vs Resultats/six_jean_2012.rec
 LAB:       six       
 REC: pause six pause 
Aligned transcription: Labels/six_nabil_2012.lab vs Resultats/six_nabil_2012.rec
 LAB:       six       
 REC: pause six pause 
Aligned transcription: Labels/six_thomas_2012.lab vs Resultats/six_thomas_2012.rec
 LAB:       six       
 REC: pause six pause 
Aligned transcription: Labels/soixante_alban_2012.lab vs Resultats/soixante_alban_2012.rec
 LAB:       soixante       
 REC: pause soixante pause 
Aligned transcription: Labels/soixante_brice_2012.lab vs Resultats/soixante_brice_2012.rec
 LAB:       soixante       
 REC: pause soixante pause 
Aligned transcription: Labels/soixante_dominique_2012.lab vs Resultats/soixante_dominique_2012.rec
 LAB:       soixante       
 REC: pause soixante pause 
Aligned transcription: Labels/soixante_eric_2012.lab vs Resultats/soixante_eric_2012.rec
 LAB:       soixante       
 REC: pause soixante pause 
Aligned transcription: Labels/soixante_etienne_2012.lab vs Resultats/soixante_etienne_2012.rec
 LAB:       soixante       
 REC: pause soixante pause 
Aligned transcription: Labels/soixante_gabrielides_2012.lab vs Resultats/soixante_gabrielides_2012.rec
 LAB:       soixante       
 REC: pause soixante pause 
Aligned transcription: Labels/soixante_hyliass_2012.lab vs Resultats/soixante_hyliass_2012.rec
 LAB:       soixante       
 REC: pause soixante pause 
Aligned transcription: Labels/soixante_jean_2012.lab vs Resultats/soixante_jean_2012.rec
 LAB:       soixante       
 REC: pause soixante pause 
Aligned transcription: Labels/soixante_nabil_2012.lab vs Resultats/soixante_nabil_2012.rec
 LAB:       soixante       
 REC: pause soixante pause 
Aligned transcription: Labels/soixante_thomas_2012.lab vs Resultats/soixante_thomas_2012.rec
 LAB:       soixante       
 REC: pause soixante pause 
Aligned transcription: Labels/sur_alban_2012.lab vs Resultats/sur_alban_2012.rec
 LAB:       sur       
 REC: pause sur pause 
Aligned transcription: Labels/sur_brice_2012.lab vs Resultats/sur_brice_2012.rec
 LAB:       sur       
 REC: pause sur pause 
Aligned transcription: Labels/sur_dominique_2012.lab vs Resultats/sur_dominique_2012.rec
 LAB:       sur       
 REC: pause sur pause 
Aligned transcription: Labels/sur_eric_2012.lab vs Resultats/sur_eric_2012.rec
 LAB:       sur       
 REC: pause sur pause 
Aligned transcription: Labels/sur_etienne_2012.lab vs Resultats/sur_etienne_2012.rec
 LAB:       sur       
 REC: pause sur pause 
Aligned transcription: Labels/sur_gabrielides_2012.lab vs Resultats/sur_gabrielides_2012.rec
 LAB:       sur       
 REC: pause sur pause 
Aligned transcription: Labels/sur_hyliass_2012.lab vs Resultats/sur_hyliass_2012.rec
 LAB:       sur       
 REC: pause sur pause 
Aligned transcription: Labels/sur_jean_2012.lab vs Resultats/sur_jean_2012.rec
 LAB:       sur       
 REC: pause sur pause 
Aligned transcription: Labels/sur_nabil_2012.lab vs Resultats/sur_nabil_2012.rec
 LAB:             sur   
 REC: pause douze pause 
Aligned transcription: Labels/sur_thomas_2012.lab vs Resultats/sur_thomas_2012.rec
 LAB:       sur       
 REC: pause sur pause 
Aligned transcription: Labels/treize_alban_2012.lab vs Resultats/treize_alban_2012.rec
 LAB:       treize       
 REC: pause treize pause 
Aligned transcription: Labels/treize_brice_2012.lab vs Resultats/treize_brice_2012.rec
 LAB:       treize       
 REC: pause treize pause 
Aligned transcription: Labels/treize_dominique_2012.lab vs Resultats/treize_dominique_2012.rec
 LAB:       treize       
 REC: pause treize pause 
Aligned transcription: Labels/treize_eric_2012.lab vs Resultats/treize_eric_2012.rec
 LAB:       treize       
 REC: pause treize pause 
Aligned transcription: Labels/treize_etienne_2012.lab vs Resultats/treize_etienne_2012.rec
 LAB:       treize       
 REC: pause treize pause 
Aligned transcription: Labels/treize_gabrielides_2012.lab vs Resultats/treize_gabrielides_2012.rec
 LAB:       treize       
 REC: pause treize pause 
Aligned transcription: Labels/treize_hyliass_2012.lab vs Resultats/treize_hyliass_2012.rec
 LAB:       treize       
 REC: pause treize pause 
Aligned transcription: Labels/treize_jean_2012.lab vs Resultats/treize_jean_2012.rec
 LAB:       treize       
 REC: pause treize pause 
Aligned transcription: Labels/treize_nabil_2012.lab vs Resultats/treize_nabil_2012.rec
 LAB:       treize       
 REC: pause treize pause 
Aligned transcription: Labels/treize_thomas_2012.lab vs Resultats/treize_thomas_2012.rec
 LAB:       treize       
 REC: pause treize pause 
Aligned transcription: Labels/trente_alban_2012.lab vs Resultats/trente_alban_2012.rec
 LAB:       trente       
 REC: pause trente pause 
Aligned transcription: Labels/trente_brice_2012.lab vs Resultats/trente_brice_2012.rec
 LAB:       trente       
 REC: pause trente pause 
Aligned transcription: Labels/trente_dominique_2012.lab vs Resultats/trente_dominique_2012.rec
 LAB:       trente       
 REC: pause trente pause 
Aligned transcription: Labels/trente_eric_2012.lab vs Resultats/trente_eric_2012.rec
 LAB:       trente       
 REC: pause trente pause 
Aligned transcription: Labels/trente_etienne_2012.lab vs Resultats/trente_etienne_2012.rec
 LAB:       trente       
 REC: pause trente pause 
Aligned transcription: Labels/trente_gabrielides_2012.lab vs Resultats/trente_gabrielides_2012.rec
 LAB:       trente       
 REC: pause trente pause 
Aligned transcription: Labels/trente_hyliass_2012.lab vs Resultats/trente_hyliass_2012.rec
 LAB:       trente       
 REC: pause trente pause 
Aligned transcription: Labels/trente_jean_2012.lab vs Resultats/trente_jean_2012.rec
 LAB:       trente       
 REC: pause trente pause 
Aligned transcription: Labels/trente_nabil_2012.lab vs Resultats/trente_nabil_2012.rec
 LAB:       trente       
 REC: pause trente pause 
Aligned transcription: Labels/trente_thomas_2012.lab vs Resultats/trente_thomas_2012.rec
 LAB:       trente       
 REC: pause trente pause 
Aligned transcription: Labels/trois_alban_2012.lab vs Resultats/trois_alban_2012.rec
 LAB:       trois       
 REC: pause trois pause 
Aligned transcription: Labels/trois_brice_2012.lab vs Resultats/trois_brice_2012.rec
 LAB:       trois       
 REC: pause trois pause 
Aligned transcription: Labels/trois_dominique_2012.lab vs Resultats/trois_dominique_2012.rec
 LAB:       trois       
 REC: pause trois pause 
Aligned transcription: Labels/trois_eric_2012.lab vs Resultats/trois_eric_2012.rec
 LAB:       trois       
 REC: pause trois pause 
Aligned transcription: Labels/trois_etienne_2012.lab vs Resultats/trois_etienne_2012.rec
 LAB:       trois       
 REC: pause trois pause 
Aligned transcription: Labels/trois_gabrielides_2012.lab vs Resultats/trois_gabrielides_2012.rec
 LAB:       trois       
 REC: pause trois pause 
Aligned transcription: Labels/trois_hyliass_2012.lab vs Resultats/trois_hyliass_2012.rec
 LAB:       trois       
 REC: pause trois pause 
Aligned transcription: Labels/trois_jean_2012.lab vs Resultats/trois_jean_2012.rec
 LAB:       trois       
 REC: pause trois pause 
Aligned transcription: Labels/trois_nabil_2012.lab vs Resultats/trois_nabil_2012.rec
 LAB:       trois       
 REC: pause trois pause 
Aligned transcription: Labels/trois_thomas_2012.lab vs Resultats/trois_thomas_2012.rec
 LAB:       trois       
 REC: pause trois pause 
Aligned transcription: Labels/un_alban_2012.lab vs Resultats/un_alban_2012.rec
 LAB:              un    
 REC: pause quatre pause 
Aligned transcription: Labels/un_brice_2012.lab vs Resultats/un_brice_2012.rec
 LAB:              un    
 REC: pause trente pause 
Aligned transcription: Labels/un_dominique_2012.lab vs Resultats/un_dominique_2012.rec
 LAB:            un    
 REC: pause cinq pause 
Aligned transcription: Labels/un_eric_2012.lab vs Resultats/un_eric_2012.rec
 LAB:                un    
 REC: pause quarante pause 
Aligned transcription: Labels/un_etienne_2012.lab vs Resultats/un_etienne_2012.rec
 LAB:       un       
 REC: pause un pause 
Aligned transcription: Labels/un_gabrielides_2012.lab vs Resultats/un_gabrielides_2012.rec
 LAB:       un       
 REC: pause un pause 
Aligned transcription: Labels/un_hyliass_2012.lab vs Resultats/un_hyliass_2012.rec
 LAB:            un    
 REC: pause cinq pause 
Aligned transcription: Labels/un_jean_2012.lab vs Resultats/un_jean_2012.rec
 LAB:              un    
 REC: pause quinze pause 
Aligned transcription: Labels/un_nabil_2012.lab vs Resultats/un_nabil_2012.rec
 LAB:       un       
 REC: pause un pause 
Aligned transcription: Labels/un_thomas_2012.lab vs Resultats/un_thomas_2012.rec
 LAB:       un       
 REC: pause un pause 
Aligned transcription: Labels/vingt_alban_2012.lab vs Resultats/vingt_alban_2012.rec
 LAB:       vingt       
 REC: pause vingt pause 
Aligned transcription: Labels/vingt_brice_2012.lab vs Resultats/vingt_brice_2012.rec
 LAB:             vingt 
 REC: pause moins pause 
Aligned transcription: Labels/vingt_dominique_2012.lab vs Resultats/vingt_dominique_2012.rec
 LAB:           vingt 
 REC: pause par pause 
Aligned transcription: Labels/vingt_eric_2012.lab vs Resultats/vingt_eric_2012.rec
 LAB:             vingt 
 REC: pause moins pause 
Aligned transcription: Labels/vingt_etienne_2012.lab vs Resultats/vingt_etienne_2012.rec
 LAB:             vingt 
 REC: pause moins pause 
Aligned transcription: Labels/vingt_gabrielides_2012.lab vs Resultats/vingt_gabrielides_2012.rec
 LAB:            vingt 
 REC: pause fois pause 
Aligned transcription: Labels/vingt_hyliass_2012.lab vs Resultats/vingt_hyliass_2012.rec
 LAB:       vingt       
 REC: pause vingt pause 
Aligned transcription: Labels/vingt_jean_2012.lab vs Resultats/vingt_jean_2012.rec
 LAB:       vingt       
 REC: pause vingt pause 
Aligned transcription: Labels/vingt_nabil_2012.lab vs Resultats/vingt_nabil_2012.rec
 LAB:       vingt       
 REC: pause vingt pause 
Aligned transcription: Labels/vingt_thomas_2012.lab vs Resultats/vingt_thomas_2012.rec
 LAB:       vingt       
 REC: pause vingt pause 
Aligned transcription: Labels/zero_alban_2012.lab vs Resultats/zero_alban_2012.rec
 LAB:       zero       
 REC: pause zero pause 
Aligned transcription: Labels/zero_brice_2012.lab vs Resultats/zero_brice_2012.rec
 LAB:       zero       
 REC: pause zero pause 
Aligned transcription: Labels/zero_dominique_2012.lab vs Resultats/zero_dominique_2012.rec
 LAB:       zero       
 REC: pause zero pause 
Aligned transcription: Labels/zero_eric_2012.lab vs Resultats/zero_eric_2012.rec
 LAB:       zero       
 REC: pause zero pause 
Aligned transcription: Labels/zero_etienne_2012.lab vs Resultats/zero_etienne_2012.rec
 LAB:       zero       
 REC: pause zero pause 
Aligned transcription: Labels/zero_gabrielides_2012.lab vs Resultats/zero_gabrielides_2012.rec
 LAB:       zero       
 REC: pause zero pause 
Aligned transcription: Labels/zero_hyliass_2012.lab vs Resultats/zero_hyliass_2012.rec
 LAB:       zero       
 REC: pause zero pause 
Aligned transcription: Labels/zero_jean_2012.lab vs Resultats/zero_jean_2012.rec
 LAB:       zero       
 REC: pause zero pause 
Aligned transcription: Labels/zero_nabil_2012.lab vs Resultats/zero_nabil_2012.rec
 LAB:       zero       
 REC: pause zero pause 
Aligned transcription: Labels/zero_thomas_2012.lab vs Resultats/zero_thomas_2012.rec
 LAB:       zero       
 REC: pause zero pause 
====================== HTK Results Analysis =======================
  Date: Wed Nov 26 12:11:53 2014
  Ref : Labels/
  Rec : Resultats/cinq_alban_2012.rec
      : Resultats/cinq_brice_2012.rec
      : Resultats/cinq_dominique_2012.rec
      : Resultats/cinq_eric_2012.rec
      : Resultats/cinq_etienne_2012.rec
------------------------ Overall Results --------------------------
SENT: %Correct=0.00 [H=0, S=311, N=311]
WORD: %Corr=89.59, Acc=-105.99 [H=284, D=4, S=29, I=620, N=317]
------------------------ Confusion Matrix -------------------------
       c   c   d   d   d   d   e   e   f   h   m   m   n   o   p   p   q   q   q   q   s   s   s   s   s   t   t   t   u   v   z   p 
       i   i   e   i   i   o   g   t   o   u   o   u   e   n   a   l   u   u   u   u   e   e   i   o   u   r   r   r   n   i   e   a 
       n   n   u   v   x   u   a       i   i   i   l   u   z   r   u   a   a   a   i   i   p   x   i   r   e   e   o       n   r   u 
       q   q   x   i       z   l       s   t   n   t   f   e       s   r   t   t   n   z   t       x       i   n   i       g   o   s 
           u       s       e                   s   i                   a   o   r   z   e           a       z   t   s       t       e  Del [ %c / %e]
cinq   8   0   0   0   0   0   0   0   0   0   0   0   0   0   0   0   0   0   0   0   0   0   0   0   0   0   0   0   0   0   0   2    0 [80.0/0.6]
cinq   0   8   0   0   0   0   0   0   0   0   0   0   0   0   0   0   0   0   0   0   0   0   0   0   0   0   0   0   0   0   0   2    0 [80.0/0.6]
deux   0   0   9   0   0   0   0   0   0   0   0   0   0   0   0   0   0   0   0   0   0   0   0   0   0   0   0   0   0   0   0   1    0 [90.0/0.3]
divi   0   0   0  10   0   0   0   0   0   0   0   0   0   0   0   0   0   0   0   0   0   0   0   0   0   0   0   0   0   0   0   0    0
 dix   0   0   0   0   8   0   0   0   0   0   0   0   0   0   0   0   0   0   0   0   0   0   0   0   0   0   0   0   0   0   0   2    0 [80.0/0.6]
douz   0   0   0   0   0  10   0   0   0   0   0   0   0   0   0   0   0   0   0   0   0   0   0   0   0   0   0   0   0   0   0   0    0
egal   0   0   0   0   0   0  10   0   0   0   0   0   0   0   0   0   0   0   0   0   0   0   0   0   0   0   0   0   0   0   0   0    0
  et   0   0   0   0   0   0   0   8   0   0   0   0   0   0   0   0   0   0   0   0   0   0   0   0   0   0   0   0   0   0   0   2    0 [80.0/0.6]
fois   0   0   0   0   0   0   0   0   9   0   0   0   0   0   0   0   0   0   0   0   0   0   0   0   0   0   0   0   0   0   0   1    0 [90.0/0.3]
huit   0   0   0   0   0   0   0   0   0  10   0   0   0   0   0   0   0   0   0   0   0   0   0   0   0   0   0   0   0   0   0   0    0
moin   0   0   0   0   0   0   0   0   0   0  10   0   0   0   0   0   0   0   0   0   0   0   0   0   0   0   0   0   0   0   0   0    0
mult   0   0   0   0   0   0   0   0   0   0   0  10   0   0   0   0   0   0   0   0   0   0   0   0   0   0   0   0   0   0   0   0    0
neuf   0   0   0   0   0   0   0   0   0   0   0   0   9   0   0   0   0   0   0   0   0   0   0   0   0   0   0   0   0   0   0   1    0 [90.0/0.3]
onze   0   0   0   0   0   0   0   0   0   0   0   0   0   8   0   0   0   0   0   0   0   0   0   0   0   0   0   0   0   0   0   2    0 [80.0/0.6]
 par   0   0   0   0   0   0   0   0   0   0   0   0   0   0  10   0   0   0   0   0   0   0   0   0   0   0   0   0   0   0   0   0    0
plus   0   0   0   0   0   0   0   0   0   0   0   0   0   0   0  10   0   0   0   0   0   0   0   0   0   0   0   0   0   0   0   0    0
quar   0   0   0   0   0   0   0   0   0   0   0   0   0   0   0   0  10   0   0   0   0   0   0   0   0   0   0   0   0   0   0   0    0
quat   0   0   0   0   0   0   0   0   0   0   0   0   0   0   0   0   0  10   0   0   0   0   0   0   0   0   0   0   0   0   0   0    0
quat   0   0   0   0   0   0   0   0   0   0   0   0   0   0   0   0   0   0  10   0   0   0   0   0   0   0   0   0   0   0   0   0    0
quin   0   0   0   0   0   0   0   0   0   0   0   0   0   0   0   0   0   0   0   8   0   0   0   0   0   0   0   0   0   0   0   2    0 [80.0/0.6]
seiz   0   0   0   0   0   0   0   0   0   0   0   0   0   0   0   0   0   0   0   0   9   0   0   0   0   0   0   0   0   0   0   1    0 [90.0/0.3]
sept   0   0   0   0   0   0   0   0   0   0   0   0   0   0   0   0   0   0   0   0   0  10   0   0   0   0   0   0   0   0   0   0    0
 six   0   0   0   0   0   0   0   0   0   0   0   0   0   0   0   0   0   0   0   0   0   0  10   0   0   0   0   0   0   0   0   0    0
soix   0   0   0   0   0   0   0   0   0   0   0   0   0   0   0   0   0   0   0   0   0   0   0  10   0   0   0   0   0   0   0   0    0
 sur   0   0   0   0   0   0   0   0   0   0   0   0   0   0   0   0   0   0   0   0   0   0   0   0   9   0   0   0   0   0   0   1    0 [90.0/0.3]
trei   0   0   0   0   0   0   0   0   0   0   0   0   0   0   0   0   0   0   0   0   0   0   0   0   0  10   0   0   0   0   0   0    0
tren   0   0   0   0   0   0   0   0   0   0   0   0   0   0   0   0   0   0   0   0   0   0   0   0   0   0  10   0   0   0   0   0    0
troi   0   0   0   0   0   0   0   0   0   0   0   0   0   0   0   0   0   0   0   0   0   0   0   0   0   0   0  10   0   0   0   0    0
  un   0   0   0   0   0   0   0   0   0   0   0   0   0   0   0   0   0   0   0   0   0   0   0   0   0   0   0   0   4   0   0   6    0 [40.0/1.9]
ving   0   0   0   0   0   0   0   0   0   0   0   0   0   0   0   0   0   0   0   0   0   0   0   0   0   0   0   0   0   5   0   5    0 [50.0/1.6]
zero   0   0   0   0   0   0   0   0   0   0   0   0   0   0   0   0   0   0   0   0   0   0   0   0   0   0   0   0   0   0  10   0    0
paus   0   0   0   0   0   0   0   0   0   0   0   0   0   0   0   0   0   0   0   0   0   1   0   0   0   0   0   0   0   0   0   2    4 [66.7/0.3]
Ins    2   1   0   2   0   1   0   0   1   0   3   1   0   0   1   0   4   1   2   1   0   0   1   1   0   1   2   1   0   2   0 592
===================================================================
