dimanche 21 décembre 2014, 04:42:41 (UTC+0100)

~~~ modele cinq deja calcule ! ~~~
~~~ modele cinq deja calcule ! ~~~
~~~ modele cinquante deja calcule ! ~~~
~~~ modele deux deja calcule ! ~~~
~~~ modele diviser deja calcule ! ~~~
~~~ modele dix deja calcule ! ~~~
~~~ modele douze deja calcule ! ~~~
~~~ modele egal deja calcule ! ~~~
~~~ modele et deja calcule ! ~~~
~~~ modele fois deja calcule ! ~~~
~~~ modele huit deja calcule ! ~~~
~~~ modele moins deja calcule ! ~~~
~~~ modele multiplier deja calcule ! ~~~
~~~ modele neuf deja calcule ! ~~~
~~~ modele onze deja calcule ! ~~~
~~~ modele par deja calcule ! ~~~
~~~ modele plus deja calcule ! ~~~
~~~ modele quarante deja calcule ! ~~~
~~~ modele quatorze deja calcule ! ~~~
~~~ modele quatre deja calcule ! ~~~
~~~ modele quinze deja calcule ! ~~~
~~~ modele seize deja calcule ! ~~~
~~~ modele sept deja calcule ! ~~~
~~~ modele six deja calcule ! ~~~
~~~ modele soixante deja calcule ! ~~~
~~~ modele sur deja calcule ! ~~~
~~~ modele treize deja calcule ! ~~~
~~~ modele trente deja calcule ! ~~~
~~~ modele trois deja calcule ! ~~~
~~~ modele un deja calcule ! ~~~
~~~ modele vingt deja calcule ! ~~~
~~~ modele zero deja calcule ! ~~~
~~~ modele pause deja calcule ! ~~~
dimanche 21 décembre 2014, 04:42:41 (UTC+0100)
