dimanche 21 décembre 2014, 03:09:36 (UTC+0100)

~~~~~~~~~~~ modele cinq ~~~~~~~~~~
./Bin/apprentissage: 30: ./Bin/apprentissage: HRest: not found
~~~~~~~~~~~ modele cinq ~~~~~~~~~~
./Bin/apprentissage: 30: ./Bin/apprentissage: HRest: not found
~~~~~~~~~~~ modele cinquante ~~~~~~~~~~
./Bin/apprentissage: 30: ./Bin/apprentissage: HRest: not found
~~~~~~~~~~~ modele deux ~~~~~~~~~~
./Bin/apprentissage: 30: ./Bin/apprentissage: HRest: not found
~~~~~~~~~~~ modele diviser ~~~~~~~~~~
./Bin/apprentissage: 30: ./Bin/apprentissage: HRest: not found
~~~~~~~~~~~ modele dix ~~~~~~~~~~
./Bin/apprentissage: 30: ./Bin/apprentissage: HRest: not found
~~~~~~~~~~~ modele douze ~~~~~~~~~~
./Bin/apprentissage: 30: ./Bin/apprentissage: HRest: not found
~~~~~~~~~~~ modele egal ~~~~~~~~~~
./Bin/apprentissage: 30: ./Bin/apprentissage: HRest: not found
~~~~~~~~~~~ modele et ~~~~~~~~~~
./Bin/apprentissage: 30: ./Bin/apprentissage: HRest: not found
~~~~~~~~~~~ modele fois ~~~~~~~~~~
./Bin/apprentissage: 30: ./Bin/apprentissage: HRest: not found
~~~~~~~~~~~ modele huit ~~~~~~~~~~
./Bin/apprentissage: 30: ./Bin/apprentissage: HRest: not found
~~~~~~~~~~~ modele moins ~~~~~~~~~~
./Bin/apprentissage: 30: ./Bin/apprentissage: HRest: not found
~~~~~~~~~~~ modele multiplier ~~~~~~~~~~
./Bin/apprentissage: 30: ./Bin/apprentissage: HRest: not found
~~~~~~~~~~~ modele neuf ~~~~~~~~~~
./Bin/apprentissage: 30: ./Bin/apprentissage: HRest: not found
~~~~~~~~~~~ modele onze ~~~~~~~~~~
./Bin/apprentissage: 30: ./Bin/apprentissage: HRest: not found
~~~~~~~~~~~ modele par ~~~~~~~~~~
./Bin/apprentissage: 30: ./Bin/apprentissage: HRest: not found
~~~~~~~~~~~ modele plus ~~~~~~~~~~
./Bin/apprentissage: 30: ./Bin/apprentissage: HRest: not found
~~~~~~~~~~~ modele quarante ~~~~~~~~~~
./Bin/apprentissage: 30: ./Bin/apprentissage: HRest: not found
~~~~~~~~~~~ modele quatorze ~~~~~~~~~~
./Bin/apprentissage: 30: ./Bin/apprentissage: HRest: not found
~~~~~~~~~~~ modele quatre ~~~~~~~~~~
./Bin/apprentissage: 30: ./Bin/apprentissage: HRest: not found
~~~~~~~~~~~ modele quinze ~~~~~~~~~~
./Bin/apprentissage: 30: ./Bin/apprentissage: HRest: not found
~~~~~~~~~~~ modele seize ~~~~~~~~~~
./Bin/apprentissage: 30: ./Bin/apprentissage: HRest: not found
~~~~~~~~~~~ modele sept ~~~~~~~~~~
./Bin/apprentissage: 30: ./Bin/apprentissage: HRest: not found
~~~~~~~~~~~ modele six ~~~~~~~~~~
./Bin/apprentissage: 30: ./Bin/apprentissage: HRest: not found
~~~~~~~~~~~ modele soixante ~~~~~~~~~~
./Bin/apprentissage: 30: ./Bin/apprentissage: HRest: not found
~~~~~~~~~~~ modele sur ~~~~~~~~~~
./Bin/apprentissage: 30: ./Bin/apprentissage: HRest: not found
~~~~~~~~~~~ modele treize ~~~~~~~~~~
./Bin/apprentissage: 30: ./Bin/apprentissage: HRest: not found
~~~~~~~~~~~ modele trente ~~~~~~~~~~
./Bin/apprentissage: 30: ./Bin/apprentissage: HRest: not found
~~~~~~~~~~~ modele trois ~~~~~~~~~~
./Bin/apprentissage: 30: ./Bin/apprentissage: HRest: not found
~~~~~~~~~~~ modele un ~~~~~~~~~~
./Bin/apprentissage: 30: ./Bin/apprentissage: HRest: not found
~~~~~~~~~~~ modele vingt ~~~~~~~~~~
./Bin/apprentissage: 30: ./Bin/apprentissage: HRest: not found
~~~~~~~~~~~ modele zero ~~~~~~~~~~
./Bin/apprentissage: 30: ./Bin/apprentissage: HRest: not found
~~~~~~~~~~~ modele pause ~~~~~~~~~~
./Bin/apprentissage: 30: ./Bin/apprentissage: HRest: not found
dimanche 21 décembre 2014, 03:09:36 (UTC+0100)
