dimanche 21 décembre 2014, 14:57:40 (UTC+0100)
~~~ modele cinq deja initialise ! ~~~
~~~ modele cinquante deja initialise ! ~~~
~~~ modele deux deja initialise ! ~~~
~~~ modele diviser deja initialise ! ~~~
~~~ modele dix deja initialise ! ~~~
~~~ modele douze deja initialise ! ~~~
~~~ modele egal deja initialise ! ~~~
~~~ modele et deja initialise ! ~~~
~~~ modele fois deja initialise ! ~~~
~~~ modele huit deja initialise ! ~~~
~~~ modele moins deja initialise ! ~~~
~~~ modele multiplier deja initialise ! ~~~
~~~ modele neuf deja initialise ! ~~~
~~~ modele onze deja initialise ! ~~~
~~~ modele par deja initialise ! ~~~
~~~ modele plus deja initialise ! ~~~
~~~ modele quarante deja initialise ! ~~~
~~~ modele quatorze deja initialise ! ~~~
~~~ modele quatre deja initialise ! ~~~
~~~ modele quinze deja initialise ! ~~~
~~~ modele seize deja initialise ! ~~~
~~~ modele sept deja initialise ! ~~~
~~~ modele six deja initialise ! ~~~
~~~ modele soixante deja initialise ! ~~~
~~~ modele sur deja initialise ! ~~~
~~~ modele treize deja initialise ! ~~~
~~~ modele trente deja initialise ! ~~~
~~~ modele trois deja initialise ! ~~~
~~~ modele un deja initialise ! ~~~
~~~ modele vingt deja initialise ! ~~~
~~~ modele zero deja initialise ! ~~~
~~~ modele pause deja initialise ! ~~~
dimanche 21 décembre 2014, 14:57:40 (UTC+0100)
