dimanche 21 décembre 2014, 04:13:16 (UTC+0100)
~~~~~~~~~~~ modele cinq ~~~~~~~~~~~~~
HInit -A -C Modeles/htk.conf -o Modeles/init/cinq -l cinq -L Labels/ -i 30 -T 1 -m 3 Modeles/gabarits/cinq -S Listes/wav.all.lst 
Initialising  HMM Modeles/gabarits/cinq . . . 
 States   :   2  3  4  5 (width)
 Mixes  s1:   1  1  1  1 ( 39  )
 Num Using:   0  0  0  0
 Parm Kind:  MFCC_E_D_A
 Number of owners = 1
 SegLab   :  cinq
 maxIter  :  30
 epsilon  :  0.000100
 minSeg   :  3
 Updating :  Means Variances MixWeights/DProbs TransProbs

 - system is PLAIN
10 Observation Sequences Loaded
Starting Estimation Process
Iteration 1: Average LogP = -3628.07739
Iteration 2: Average LogP = -3574.26050  Change =    53.81689
Iteration 3: Average LogP = -3533.13940  Change =    41.12109
Iteration 4: Average LogP = -3519.58984  Change =    13.54956
Iteration 5: Average LogP = -3514.22461  Change =     5.36523
Iteration 6: Average LogP = -3510.09766  Change =     4.12695
Iteration 7: Average LogP = -3509.17310  Change =     0.92456
Iteration 8: Average LogP = -3509.07178  Change =     0.10132
Iteration 9: Average LogP = -3509.07227  Change =    -0.00049
Iteration 10: Average LogP = -3509.07178  Change =     0.00049
Iteration 11: Average LogP = -3509.07178  Change =     0.00000
Estimation converged at iteration 12
Output written to directory current
~~~~~~~~~~~ modele cinquante ~~~~~~~~~~~~~
HInit -A -C Modeles/htk.conf -o Modeles/init/cinquante -l cinquante -L Labels/ -i 30 -T 1 -m 3 Modeles/gabarits/cinquante -S Listes/wav.all.lst 
Initialising  HMM Modeles/gabarits/cinquante . . . 
 States   :   2  3  4  5  6  7 (width)
 Mixes  s1:   1  1  1  1  1  1 ( 39  )
 Num Using:   0  0  0  0  0  0
 Parm Kind:  MFCC_E_D_A
 Number of owners = 1
 SegLab   :  cinquante
 maxIter  :  30
 epsilon  :  0.000100
 minSeg   :  3
 Updating :  Means Variances MixWeights/DProbs TransProbs

 - system is PLAIN
10 Observation Sequences Loaded
Starting Estimation Process
Iteration 1: Average LogP = -5570.98730
Iteration 2: Average LogP = -5505.84814  Change =    65.13916
Iteration 3: Average LogP = -5481.77051  Change =    24.07764
Iteration 4: Average LogP = -5474.60547  Change =     7.16504
Iteration 5: Average LogP = -5471.44678  Change =     3.15869
Iteration 6: Average LogP = -5471.33252  Change =     0.11426
Iteration 7: Average LogP = -5471.22461  Change =     0.10791
Iteration 8: Average LogP = -5471.17871  Change =     0.04590
Iteration 9: Average LogP = -5471.17871  Change =     0.00000
Estimation converged at iteration 10
Output written to directory current
~~~~~~~~~~~ modele deux ~~~~~~~~~~~~~
HInit -A -C Modeles/htk.conf -o Modeles/init/deux -l deux -L Labels/ -i 30 -T 1 -m 3 Modeles/gabarits/deux -S Listes/wav.all.lst 
Initialising  HMM Modeles/gabarits/deux . . . 
 States   :   2  3 (width)
 Mixes  s1:   1  1 ( 39  )
 Num Using:   0  0
 Parm Kind:  MFCC_E_D_A
 Number of owners = 1
 SegLab   :  deux
 maxIter  :  30
 epsilon  :  0.000100
 minSeg   :  3
 Updating :  Means Variances MixWeights/DProbs TransProbs

 - system is PLAIN
10 Observation Sequences Loaded
Starting Estimation Process
Iteration 1: Average LogP = -2018.30310
Iteration 2: Average LogP = -2011.51636  Change =     6.78674
Iteration 3: Average LogP = -2011.51636  Change =     0.00000
Estimation converged at iteration 4
Output written to directory current
~~~~~~~~~~~ modele diviser ~~~~~~~~~~~~~
HInit -A -C Modeles/htk.conf -o Modeles/init/diviser -l diviser -L Labels/ -i 30 -T 1 -m 3 Modeles/gabarits/diviser -S Listes/wav.all.lst 
Initialising  HMM Modeles/gabarits/diviser . . . 
 States   :   2  3  4  5  6  7 (width)
 Mixes  s1:   1  1  1  1  1  1 ( 39  )
 Num Using:   0  0  0  0  0  0
 Parm Kind:  MFCC_E_D_A
 Number of owners = 1
 SegLab   :  diviser
 maxIter  :  30
 epsilon  :  0.000100
 minSeg   :  3
 Updating :  Means Variances MixWeights/DProbs TransProbs

 - system is PLAIN
10 Observation Sequences Loaded
Starting Estimation Process
Iteration 1: Average LogP = -4482.71338
Iteration 2: Average LogP = -4439.34766  Change =    43.36572
Iteration 3: Average LogP = -4426.17090  Change =    13.17676
Iteration 4: Average LogP = -4415.27002  Change =    10.90088
Iteration 5: Average LogP = -4402.80078  Change =    12.46924
Iteration 6: Average LogP = -4372.10205  Change =    30.69873
Iteration 7: Average LogP = -4336.40869  Change =    35.69336
Iteration 8: Average LogP = -4329.46484  Change =     6.94385
Iteration 9: Average LogP = -4328.84717  Change =     0.61768
Iteration 10: Average LogP = -4328.53711  Change =     0.31006
Iteration 11: Average LogP = -4328.48828  Change =     0.04883
Iteration 12: Average LogP = -4328.48828  Change =     0.00000
Estimation converged at iteration 13
Output written to directory current
~~~~~~~~~~~ modele dix ~~~~~~~~~~~~~
HInit -A -C Modeles/htk.conf -o Modeles/init/dix -l dix -L Labels/ -i 30 -T 1 -m 3 Modeles/gabarits/dix -S Listes/wav.all.lst 
Initialising  HMM Modeles/gabarits/dix . . . 
 States   :   2  3  4 (width)
 Mixes  s1:   1  1  1 ( 39  )
 Num Using:   0  0  0
 Parm Kind:  MFCC_E_D_A
 Number of owners = 1
 SegLab   :  dix
 maxIter  :  30
 epsilon  :  0.000100
 minSeg   :  3
 Updating :  Means Variances MixWeights/DProbs TransProbs

 - system is PLAIN
10 Observation Sequences Loaded
Starting Estimation Process
Iteration 1: Average LogP = -3913.59131
Iteration 2: Average LogP = -3842.02930  Change =    71.56201
Iteration 3: Average LogP = -3805.08594  Change =    36.94336
Iteration 4: Average LogP = -3800.91260  Change =     4.17334
Iteration 5: Average LogP = -3798.44214  Change =     2.47046
Iteration 6: Average LogP = -3792.42847  Change =     6.01367
Iteration 7: Average LogP = -3788.91284  Change =     3.51562
Iteration 8: Average LogP = -3788.82544  Change =     0.08740
Iteration 9: Average LogP = -3788.82568  Change =    -0.00024
Iteration 10: Average LogP = -3788.82568  Change =     0.00000
Estimation converged at iteration 11
Output written to directory current
~~~~~~~~~~~ modele douze ~~~~~~~~~~~~~
HInit -A -C Modeles/htk.conf -o Modeles/init/douze -l douze -L Labels/ -i 30 -T 1 -m 3 Modeles/gabarits/douze -S Listes/wav.all.lst 
Initialising  HMM Modeles/gabarits/douze . . . 
 States   :   2  3  4  5 (width)
 Mixes  s1:   1  1  1  1 ( 39  )
 Num Using:   0  0  0  0
 Parm Kind:  MFCC_E_D_A
 Number of owners = 1
 SegLab   :  douze
 maxIter  :  30
 epsilon  :  0.000100
 minSeg   :  3
 Updating :  Means Variances MixWeights/DProbs TransProbs

 - system is PLAIN
10 Observation Sequences Loaded
Starting Estimation Process
Iteration 1: Average LogP = -4504.24805
Iteration 2: Average LogP = -4430.94238  Change =    73.30566
Iteration 3: Average LogP = -4394.01807  Change =    36.92432
Iteration 4: Average LogP = -4339.70996  Change =    54.30811
Iteration 5: Average LogP = -4327.85791  Change =    11.85205
Iteration 6: Average LogP = -4319.66602  Change =     8.19189
Iteration 7: Average LogP = -4310.59375  Change =     9.07227
Iteration 8: Average LogP = -4302.18652  Change =     8.40723
Iteration 9: Average LogP = -4299.90039  Change =     2.28613
Iteration 10: Average LogP = -4294.74902  Change =     5.15137
Iteration 11: Average LogP = -4293.30518  Change =     1.44385
Iteration 12: Average LogP = -4292.13477  Change =     1.17041
Iteration 13: Average LogP = -4291.89551  Change =     0.23926
Iteration 14: Average LogP = -4291.72607  Change =     0.16943
Iteration 15: Average LogP = -4291.57812  Change =     0.14795
Iteration 16: Average LogP = -4291.57812  Change =     0.00000
Estimation converged at iteration 17
Output written to directory current
~~~~~~~~~~~ modele egal ~~~~~~~~~~~~~
HInit -A -C Modeles/htk.conf -o Modeles/init/egal -l egal -L Labels/ -i 30 -T 1 -m 3 Modeles/gabarits/egal -S Listes/wav.all.lst 
Initialising  HMM Modeles/gabarits/egal . . . 
 States   :   2  3  4  5 (width)
 Mixes  s1:   1  1  1  1 ( 39  )
 Num Using:   0  0  0  0
 Parm Kind:  MFCC_E_D_A
 Number of owners = 1
 SegLab   :  egal
 maxIter  :  30
 epsilon  :  0.000100
 minSeg   :  3
 Updating :  Means Variances MixWeights/DProbs TransProbs

 - system is PLAIN
10 Observation Sequences Loaded
Starting Estimation Process
Iteration 1: Average LogP = -3842.14258
Iteration 2: Average LogP = -3813.42383  Change =    28.71875
Iteration 3: Average LogP = -3807.30933  Change =     6.11450
Iteration 4: Average LogP = -3801.67188  Change =     5.63745
Iteration 5: Average LogP = -3795.47510  Change =     6.19678
Iteration 6: Average LogP = -3793.44971  Change =     2.02539
Iteration 7: Average LogP = -3789.85938  Change =     3.59033
Iteration 8: Average LogP = -3788.27075  Change =     1.58862
Iteration 9: Average LogP = -3787.79541  Change =     0.47534
Iteration 10: Average LogP = -3787.58252  Change =     0.21289
Iteration 11: Average LogP = -3787.53320  Change =     0.04932
Iteration 12: Average LogP = -3787.53320  Change =     0.00000
Estimation converged at iteration 13
Output written to directory current
~~~ modele et deja initialise ! ~~~
~~~~~~~~~~~ modele fois ~~~~~~~~~~~~~
HInit -A -C Modeles/htk.conf -o Modeles/init/fois -l fois -L Labels/ -i 30 -T 1 -m 3 Modeles/gabarits/fois -S Listes/wav.all.lst 
Initialising  HMM Modeles/gabarits/fois . . . 
 States   :   2  3  4 (width)
 Mixes  s1:   1  1  1 ( 39  )
 Num Using:   0  0  0
 Parm Kind:  MFCC_E_D_A
 Number of owners = 1
 SegLab   :  fois
 maxIter  :  30
 epsilon  :  0.000100
 minSeg   :  3
 Updating :  Means Variances MixWeights/DProbs TransProbs

 - system is PLAIN
10 Observation Sequences Loaded
Starting Estimation Process
Iteration 1: Average LogP = -2715.31177
Iteration 2: Average LogP = -2666.82153  Change =    48.49023
Iteration 3: Average LogP = -2660.96216  Change =     5.85938
Iteration 4: Average LogP = -2659.37842  Change =     1.58374
Iteration 5: Average LogP = -2658.28174  Change =     1.09668
Iteration 6: Average LogP = -2658.01514  Change =     0.26660
Iteration 7: Average LogP = -2657.97046  Change =     0.04468
Iteration 8: Average LogP = -2657.97046  Change =     0.00000
Estimation converged at iteration 9
Output written to directory current
~~~~~~~~~~~ modele huit ~~~~~~~~~~~~~
HInit -A -C Modeles/htk.conf -o Modeles/init/huit -l huit -L Labels/ -i 30 -T 1 -m 3 Modeles/gabarits/huit -S Listes/wav.all.lst 
Initialising  HMM Modeles/gabarits/huit . . . 
 States   :   2  3  4  5 (width)
 Mixes  s1:   1  1  1  1 ( 39  )
 Num Using:   0  0  0  0
 Parm Kind:  MFCC_E_D_A
 Number of owners = 1
 SegLab   :  huit
 maxIter  :  30
 epsilon  :  0.000100
 minSeg   :  3
 Updating :  Means Variances MixWeights/DProbs TransProbs

 - system is PLAIN
10 Observation Sequences Loaded
Starting Estimation Process
Iteration 1: Average LogP = -3641.64917
Iteration 2: Average LogP = -3531.00342  Change =   110.64575
Iteration 3: Average LogP = -3509.89966  Change =    21.10376
Iteration 4: Average LogP = -3508.57227  Change =     1.32739
Iteration 5: Average LogP = -3507.48901  Change =     1.08325
Iteration 6: Average LogP = -3497.09033  Change =    10.39868
Iteration 7: Average LogP = -3479.50903  Change =    17.58130
Iteration 8: Average LogP = -3473.65283  Change =     5.85620
Iteration 9: Average LogP = -3468.54346  Change =     5.10938
Iteration 10: Average LogP = -3467.96289  Change =     0.58057
Iteration 11: Average LogP = -3467.96289  Change =     0.00000
Estimation converged at iteration 12
Output written to directory current
~~~~~~~~~~~ modele moins ~~~~~~~~~~~~~
HInit -A -C Modeles/htk.conf -o Modeles/init/moins -l moins -L Labels/ -i 30 -T 1 -m 3 Modeles/gabarits/moins -S Listes/wav.all.lst 
Initialising  HMM Modeles/gabarits/moins . . . 
 States   :   2  3  4  5 (width)
 Mixes  s1:   1  1  1  1 ( 39  )
 Num Using:   0  0  0  0
 Parm Kind:  MFCC_E_D_A
 Number of owners = 1
 SegLab   :  moins
 maxIter  :  30
 epsilon  :  0.000100
 minSeg   :  3
 Updating :  Means Variances MixWeights/DProbs TransProbs

 - system is PLAIN
10 Observation Sequences Loaded
Starting Estimation Process
Iteration 1: Average LogP = -2387.61377
Iteration 2: Average LogP = -2363.82886  Change =    23.78491
Iteration 3: Average LogP = -2336.61963  Change =    27.20923
Iteration 4: Average LogP = -2291.80322  Change =    44.81641
Iteration 5: Average LogP = -2280.43091  Change =    11.37231
Iteration 6: Average LogP = -2278.51318  Change =     1.91772
Iteration 7: Average LogP = -2277.29932  Change =     1.21387
Iteration 8: Average LogP = -2277.20532  Change =     0.09399
Iteration 9: Average LogP = -2277.20557  Change =    -0.00024
Iteration 10: Average LogP = -2277.20532  Change =     0.00024
Iteration 11: Average LogP = -2277.20557  Change =    -0.00024
Iteration 12: Average LogP = -2277.20532  Change =     0.00024
Iteration 13: Average LogP = -2277.20557  Change =    -0.00024
Iteration 14: Average LogP = -2277.20532  Change =     0.00024
Iteration 15: Average LogP = -2277.20557  Change =    -0.00024
Iteration 16: Average LogP = -2277.20532  Change =     0.00024
Iteration 17: Average LogP = -2277.20557  Change =    -0.00024
Iteration 18: Average LogP = -2277.20532  Change =     0.00024
Iteration 19: Average LogP = -2277.20557  Change =    -0.00024
Iteration 20: Average LogP = -2277.20532  Change =     0.00024
Iteration 21: Average LogP = -2277.20557  Change =    -0.00024
Iteration 22: Average LogP = -2277.20532  Change =     0.00024
Iteration 23: Average LogP = -2277.20557  Change =    -0.00024
Iteration 24: Average LogP = -2277.20532  Change =     0.00024
Iteration 25: Average LogP = -2277.20557  Change =    -0.00024
Iteration 26: Average LogP = -2277.20532  Change =     0.00024
Iteration 27: Average LogP = -2277.20557  Change =    -0.00024
Iteration 28: Average LogP = -2277.20532  Change =     0.00024
Iteration 29: Average LogP = -2277.20557  Change =    -0.00024
Iteration 30: Average LogP = -2277.20532  Change =     0.00024
Estimation aborted at iteration 31
Output written to directory current
~~~~~~~~~~~ modele multiplier ~~~~~~~~~~~~~
HInit -A -C Modeles/htk.conf -o Modeles/init/multiplier -l multiplier -L Labels/ -i 30 -T 1 -m 3 Modeles/gabarits/multiplier -S Listes/wav.all.lst 
Initialising  HMM Modeles/gabarits/multiplier . . . 
 States   :   2  3  4  5  6  7  8  9 10 11 12 13 (width)
 Mixes  s1:   1  1  1  1  1  1  1  1  1  1  1  1 ( 39  )
 Num Using:   0  0  0  0  0  0  0  0  0  0  0  0
 Parm Kind:  MFCC_E_D_A
 Number of owners = 1
 SegLab   :  multiplier
 maxIter  :  30
 epsilon  :  0.000100
 minSeg   :  3
 Updating :  Means Variances MixWeights/DProbs TransProbs

 - system is PLAIN
10 Observation Sequences Loaded
Starting Estimation Process
Iteration 1: Average LogP = -5745.87549
Iteration 2: Average LogP = -5670.67432  Change =    75.20117
Iteration 3: Average LogP = -5648.92529  Change =    21.74902
Iteration 4: Average LogP = -5627.83740  Change =    21.08789
Iteration 5: Average LogP = -5599.10059  Change =    28.73682
Iteration 6: Average LogP = -5580.50537  Change =    18.59521
Iteration 7: Average LogP = -5572.68848  Change =     7.81689
Iteration 8: Average LogP = -5558.11035  Change =    14.57812
Iteration 9: Average LogP = -5532.86816  Change =    25.24219
Iteration 10: Average LogP = -5520.48926  Change =    12.37891
Iteration 11: Average LogP = -5518.26562  Change =     2.22363
Iteration 12: Average LogP = -5516.82471  Change =     1.44092
Iteration 13: Average LogP = -5516.74316  Change =     0.08154
Iteration 14: Average LogP = -5516.74316  Change =     0.00000
Estimation converged at iteration 15
Output written to directory current
~~~~~~~~~~~ modele neuf ~~~~~~~~~~~~~
HInit -A -C Modeles/htk.conf -o Modeles/init/neuf -l neuf -L Labels/ -i 30 -T 1 -m 3 Modeles/gabarits/neuf -S Listes/wav.all.lst 
Initialising  HMM Modeles/gabarits/neuf . . . 
 States   :   2  3  4 (width)
 Mixes  s1:   1  1  1 ( 39  )
 Num Using:   0  0  0
 Parm Kind:  MFCC_E_D_A
 Number of owners = 1
 SegLab   :  neuf
 maxIter  :  30
 epsilon  :  0.000100
 minSeg   :  3
 Updating :  Means Variances MixWeights/DProbs TransProbs

 - system is PLAIN
10 Observation Sequences Loaded
Starting Estimation Process
Iteration 1: Average LogP = -3855.20044
Iteration 2: Average LogP = -3777.69141  Change =    77.50903
Iteration 3: Average LogP = -3711.45898  Change =    66.23242
Iteration 4: Average LogP = -3685.57422  Change =    25.88477
Iteration 5: Average LogP = -3684.05811  Change =     1.51611
Iteration 6: Average LogP = -3684.05859  Change =    -0.00049
Iteration 7: Average LogP = -3684.05859  Change =     0.00000
Estimation converged at iteration 8
Output written to directory current
~~~~~~~~~~~ modele onze ~~~~~~~~~~~~~
HInit -A -C Modeles/htk.conf -o Modeles/init/onze -l onze -L Labels/ -i 30 -T 1 -m 3 Modeles/gabarits/onze -S Listes/wav.all.lst 
Initialising  HMM Modeles/gabarits/onze . . . 
 States   :   2  3  4 (width)
 Mixes  s1:   1  1  1 ( 39  )
 Num Using:   0  0  0
 Parm Kind:  MFCC_E_D_A
 Number of owners = 1
 SegLab   :  onze
 maxIter  :  30
 epsilon  :  0.000100
 minSeg   :  3
 Updating :  Means Variances MixWeights/DProbs TransProbs

 - system is PLAIN
10 Observation Sequences Loaded
Starting Estimation Process
Iteration 1: Average LogP = -3612.56763
Iteration 2: Average LogP = -3595.63281  Change =    16.93481
Iteration 3: Average LogP = -3594.46729  Change =     1.16553
Iteration 4: Average LogP = -3592.32300  Change =     2.14429
Iteration 5: Average LogP = -3592.10107  Change =     0.22192
Iteration 6: Average LogP = -3592.03589  Change =     0.06519
Iteration 7: Average LogP = -3592.03638  Change =    -0.00049
Iteration 8: Average LogP = -3592.03589  Change =     0.00049
Iteration 9: Average LogP = -3592.03638  Change =    -0.00049
Iteration 10: Average LogP = -3592.03589  Change =     0.00049
Iteration 11: Average LogP = -3592.03638  Change =    -0.00049
Iteration 12: Average LogP = -3592.03589  Change =     0.00049
Iteration 13: Average LogP = -3592.03638  Change =    -0.00049
Iteration 14: Average LogP = -3592.03589  Change =     0.00049
Iteration 15: Average LogP = -3592.03638  Change =    -0.00049
Iteration 16: Average LogP = -3592.03589  Change =     0.00049
Iteration 17: Average LogP = -3592.03638  Change =    -0.00049
Iteration 18: Average LogP = -3592.03589  Change =     0.00049
Iteration 19: Average LogP = -3592.03638  Change =    -0.00049
Iteration 20: Average LogP = -3592.03589  Change =     0.00049
Iteration 21: Average LogP = -3592.03638  Change =    -0.00049
Iteration 22: Average LogP = -3592.03589  Change =     0.00049
Iteration 23: Average LogP = -3592.03638  Change =    -0.00049
Iteration 24: Average LogP = -3592.03589  Change =     0.00049
Iteration 25: Average LogP = -3592.03638  Change =    -0.00049
Iteration 26: Average LogP = -3592.03589  Change =     0.00049
Iteration 27: Average LogP = -3592.03638  Change =    -0.00049
Iteration 28: Average LogP = -3592.03589  Change =     0.00049
Iteration 29: Average LogP = -3592.03638  Change =    -0.00049
Iteration 30: Average LogP = -3592.03589  Change =     0.00049
Estimation aborted at iteration 31
Output written to directory current
~~~~~~~~~~~ modele par ~~~~~~~~~~~~~
HInit -A -C Modeles/htk.conf -o Modeles/init/par -l par -L Labels/ -i 30 -T 1 -m 3 Modeles/gabarits/par -S Listes/wav.all.lst 
Initialising  HMM Modeles/gabarits/par . . . 
 States   :   2  3  4  5 (width)
 Mixes  s1:   1  1  1  1 ( 39  )
 Num Using:   0  0  0  0
 Parm Kind:  MFCC_E_D_A
 Number of owners = 1
 SegLab   :  par
 maxIter  :  30
 epsilon  :  0.000100
 minSeg   :  3
 Updating :  Means Variances MixWeights/DProbs TransProbs

 - system is PLAIN
10 Observation Sequences Loaded
Starting Estimation Process
Iteration 1: Average LogP = -2456.40869
Iteration 2: Average LogP = -2427.30908  Change =    29.09961
Iteration 3: Average LogP = -2422.83740  Change =     4.47168
Iteration 4: Average LogP = -2421.72412  Change =     1.11328
Iteration 5: Average LogP = -2421.51758  Change =     0.20654
Iteration 6: Average LogP = -2421.51733  Change =     0.00024
Iteration 7: Average LogP = -2421.51758  Change =    -0.00024
Iteration 8: Average LogP = -2421.51758  Change =     0.00000
Estimation converged at iteration 9
Output written to directory current
~~~~~~~~~~~ modele plus ~~~~~~~~~~~~~
HInit -A -C Modeles/htk.conf -o Modeles/init/plus -l plus -L Labels/ -i 30 -T 1 -m 3 Modeles/gabarits/plus -S Listes/wav.all.lst 
Initialising  HMM Modeles/gabarits/plus . . . 
 States   :   2  3  4  5  6 (width)
 Mixes  s1:   1  1  1  1  1 ( 39  )
 Num Using:   0  0  0  0  0
 Parm Kind:  MFCC_E_D_A
 Number of owners = 1
 SegLab   :  plus
 maxIter  :  30
 epsilon  :  0.000100
 minSeg   :  3
 Updating :  Means Variances MixWeights/DProbs TransProbs

 - system is PLAIN
10 Observation Sequences Loaded
Starting Estimation Process
Iteration 1: Average LogP = -3160.00244
Iteration 2: Average LogP = -3110.22021  Change =    49.78223
Iteration 3: Average LogP = -3106.91528  Change =     3.30493
Iteration 4: Average LogP = -3105.72144  Change =     1.19385
Iteration 5: Average LogP = -3105.56665  Change =     0.15479
Iteration 6: Average LogP = -3105.49414  Change =     0.07251
Iteration 7: Average LogP = -3105.49414  Change =     0.00000
Estimation converged at iteration 8
Output written to directory current
~~~~~~~~~~~ modele quarante ~~~~~~~~~~~~~
HInit -A -C Modeles/htk.conf -o Modeles/init/quarante -l quarante -L Labels/ -i 30 -T 1 -m 3 Modeles/gabarits/quarante -S Listes/wav.all.lst 
Initialising  HMM Modeles/gabarits/quarante . . . 
 States   :   2  3  4  5  6  7  8 (width)
 Mixes  s1:   1  1  1  1  1  1  1 ( 39  )
 Num Using:   0  0  0  0  0  0  0
 Parm Kind:  MFCC_E_D_A
 Number of owners = 1
 SegLab   :  quarante
 maxIter  :  30
 epsilon  :  0.000100
 minSeg   :  3
 Updating :  Means Variances MixWeights/DProbs TransProbs

 - system is PLAIN
10 Observation Sequences Loaded
Starting Estimation Process
Iteration 1: Average LogP = -4558.78418
Iteration 2: Average LogP = -4464.44043  Change =    94.34375
Iteration 3: Average LogP = -4417.56494  Change =    46.87549
Iteration 4: Average LogP = -4408.01855  Change =     9.54639
Iteration 5: Average LogP = -4402.43164  Change =     5.58691
Iteration 6: Average LogP = -4398.61084  Change =     3.82080
Iteration 7: Average LogP = -4389.68506  Change =     8.92578
Iteration 8: Average LogP = -4383.94482  Change =     5.74023
Iteration 9: Average LogP = -4381.27051  Change =     2.67432
Iteration 10: Average LogP = -4381.18408  Change =     0.08643
Iteration 11: Average LogP = -4381.01221  Change =     0.17188
Iteration 12: Average LogP = -4381.01172  Change =     0.00049
Iteration 13: Average LogP = -4381.01172  Change =     0.00000
Estimation converged at iteration 14
Output written to directory current
~~~~~~~~~~~ modele quatorze ~~~~~~~~~~~~~
HInit -A -C Modeles/htk.conf -o Modeles/init/quatorze -l quatorze -L Labels/ -i 30 -T 1 -m 3 Modeles/gabarits/quatorze -S Listes/wav.all.lst 
Initialising  HMM Modeles/gabarits/quatorze . . . 
 States   :   2  3  4  5  6  7  8 (width)
 Mixes  s1:   1  1  1  1  1  1  1 ( 39  )
 Num Using:   0  0  0  0  0  0  0
 Parm Kind:  MFCC_E_D_A
 Number of owners = 1
 SegLab   :  quatorze
 maxIter  :  30
 epsilon  :  0.000100
 minSeg   :  3
 Updating :  Means Variances MixWeights/DProbs TransProbs

 - system is PLAIN
10 Observation Sequences Loaded
Starting Estimation Process
Iteration 1: Average LogP = -4828.84033
Iteration 2: Average LogP = -4722.23340  Change =   106.60693
Iteration 3: Average LogP = -4699.88867  Change =    22.34473
Iteration 4: Average LogP = -4678.62842  Change =    21.26025
Iteration 5: Average LogP = -4642.02490  Change =    36.60352
Iteration 6: Average LogP = -4626.32324  Change =    15.70166
Iteration 7: Average LogP = -4622.48438  Change =     3.83887
Iteration 8: Average LogP = -4621.83496  Change =     0.64941
Iteration 9: Average LogP = -4621.57129  Change =     0.26367
Iteration 10: Average LogP = -4621.52246  Change =     0.04883
Iteration 11: Average LogP = -4621.52246  Change =     0.00000
Estimation converged at iteration 12
Output written to directory current
~~~~~~~~~~~ modele quatre ~~~~~~~~~~~~~
HInit -A -C Modeles/htk.conf -o Modeles/init/quatre -l quatre -L Labels/ -i 30 -T 1 -m 3 Modeles/gabarits/quatre -S Listes/wav.all.lst 
Initialising  HMM Modeles/gabarits/quatre . . . 
 States   :   2  3  4  5  6  7 (width)
 Mixes  s1:   1  1  1  1  1  1 ( 39  )
 Num Using:   0  0  0  0  0  0
 Parm Kind:  MFCC_E_D_A
 Number of owners = 1
 SegLab   :  quatre
 maxIter  :  30
 epsilon  :  0.000100
 minSeg   :  3
 Updating :  Means Variances MixWeights/DProbs TransProbs

 - system is PLAIN
10 Observation Sequences Loaded
Starting Estimation Process
Iteration 1: Average LogP = -2797.81836
Iteration 2: Average LogP = -2757.32495  Change =    40.49341
Iteration 3: Average LogP = -2736.20410  Change =    21.12085
Iteration 4: Average LogP = -2715.69092  Change =    20.51318
Iteration 5: Average LogP = -2698.85767  Change =    16.83325
Iteration 6: Average LogP = -2695.60132  Change =     3.25635
Iteration 7: Average LogP = -2693.46436  Change =     2.13696
Iteration 8: Average LogP = -2690.81934  Change =     2.64502
Iteration 9: Average LogP = -2690.04980  Change =     0.76953
Iteration 10: Average LogP = -2688.84521  Change =     1.20459
Iteration 11: Average LogP = -2688.03833  Change =     0.80688
Iteration 12: Average LogP = -2687.50781  Change =     0.53052
Iteration 13: Average LogP = -2687.50781  Change =     0.00000
Estimation converged at iteration 14
Output written to directory current
~~~~~~~~~~~ modele quinze ~~~~~~~~~~~~~
HInit -A -C Modeles/htk.conf -o Modeles/init/quinze -l quinze -L Labels/ -i 30 -T 1 -m 3 Modeles/gabarits/quinze -S Listes/wav.all.lst 
Initialising  HMM Modeles/gabarits/quinze . . . 
 States   :   2  3  4 (width)
 Mixes  s1:   1  1  1 ( 39  )
 Num Using:   0  0  0
 Parm Kind:  MFCC_E_D_A
 Number of owners = 1
 SegLab   :  quinze
 maxIter  :  30
 epsilon  :  0.000100
 minSeg   :  3
 Updating :  Means Variances MixWeights/DProbs TransProbs

 - system is PLAIN
10 Observation Sequences Loaded
Starting Estimation Process
Iteration 1: Average LogP = -3931.97461
Iteration 2: Average LogP = -3892.95654  Change =    39.01807
Iteration 3: Average LogP = -3888.52734  Change =     4.42920
Iteration 4: Average LogP = -3887.69531  Change =     0.83203
Iteration 5: Average LogP = -3887.42725  Change =     0.26807
Iteration 6: Average LogP = -3887.40283  Change =     0.02441
Iteration 7: Average LogP = -3887.37549  Change =     0.02734
Iteration 8: Average LogP = -3887.37549  Change =     0.00000
Estimation converged at iteration 9
Output written to directory current
~~~~~~~~~~~ modele seize ~~~~~~~~~~~~~
HInit -A -C Modeles/htk.conf -o Modeles/init/seize -l seize -L Labels/ -i 30 -T 1 -m 3 Modeles/gabarits/seize -S Listes/wav.all.lst 
Initialising  HMM Modeles/gabarits/seize . . . 
 States   :   2  3  4 (width)
 Mixes  s1:   1  1  1 ( 39  )
 Num Using:   0  0  0
 Parm Kind:  MFCC_E_D_A
 Number of owners = 1
 SegLab   :  seize
 maxIter  :  30
 epsilon  :  0.000100
 minSeg   :  3
 Updating :  Means Variances MixWeights/DProbs TransProbs

 - system is PLAIN
10 Observation Sequences Loaded
Starting Estimation Process
Iteration 1: Average LogP = -4134.42578
Iteration 2: Average LogP = -4097.60254  Change =    36.82324
Iteration 3: Average LogP = -4090.63232  Change =     6.97021
Iteration 4: Average LogP = -4087.87305  Change =     2.75928
Iteration 5: Average LogP = -4086.76562  Change =     1.10742
Iteration 6: Average LogP = -4086.10693  Change =     0.65869
Iteration 7: Average LogP = -4085.98755  Change =     0.11938
Iteration 8: Average LogP = -4085.72144  Change =     0.26611
Iteration 9: Average LogP = -4085.72119  Change =     0.00024
Iteration 10: Average LogP = -4085.72119  Change =     0.00000
Estimation converged at iteration 11
Output written to directory current
~~~~~~~~~~~ modele sept ~~~~~~~~~~~~~
HInit -A -C Modeles/htk.conf -o Modeles/init/sept -l sept -L Labels/ -i 30 -T 1 -m 3 Modeles/gabarits/sept -S Listes/wav.all.lst 
Initialising  HMM Modeles/gabarits/sept . . . 
 States   :   2  3  4 (width)
 Mixes  s1:   1  1  1 ( 39  )
 Num Using:   0  0  0
 Parm Kind:  MFCC_E_D_A
 Number of owners = 1
 SegLab   :  sept
 maxIter  :  30
 epsilon  :  0.000100
 minSeg   :  3
 Updating :  Means Variances MixWeights/DProbs TransProbs

 - system is PLAIN
10 Observation Sequences Loaded
Starting Estimation Process
Iteration 1: Average LogP = -3787.41528
Iteration 2: Average LogP = -3725.90552  Change =    61.50977
Iteration 3: Average LogP = -3636.52100  Change =    89.38452
Iteration 4: Average LogP = -3632.69678  Change =     3.82422
Iteration 5: Average LogP = -3630.31885  Change =     2.37793
Iteration 6: Average LogP = -3629.70581  Change =     0.61304
Iteration 7: Average LogP = -3628.89600  Change =     0.80981
Iteration 8: Average LogP = -3627.63989  Change =     1.25610
Iteration 9: Average LogP = -3627.25903  Change =     0.38086
Iteration 10: Average LogP = -3627.01440  Change =     0.24463
Iteration 11: Average LogP = -3626.67969  Change =     0.33472
Iteration 12: Average LogP = -3626.36768  Change =     0.31201
Iteration 13: Average LogP = -3626.23682  Change =     0.13086
Iteration 14: Average LogP = -3626.09521  Change =     0.14160
Iteration 15: Average LogP = -3626.09570  Change =    -0.00049
Iteration 16: Average LogP = -3626.09570  Change =     0.00000
Estimation converged at iteration 17
Output written to directory current
~~~~~~~~~~~ modele six ~~~~~~~~~~~~~
HInit -A -C Modeles/htk.conf -o Modeles/init/six -l six -L Labels/ -i 30 -T 1 -m 3 Modeles/gabarits/six -S Listes/wav.all.lst 
Initialising  HMM Modeles/gabarits/six . . . 
 States   :   2  3  4 (width)
 Mixes  s1:   1  1  1 ( 39  )
 Num Using:   0  0  0
 Parm Kind:  MFCC_E_D_A
 Number of owners = 1
 SegLab   :  six
 maxIter  :  30
 epsilon  :  0.000100
 minSeg   :  3
 Updating :  Means Variances MixWeights/DProbs TransProbs

 - system is PLAIN
10 Observation Sequences Loaded
Starting Estimation Process
Iteration 1: Average LogP = -4063.98389
Iteration 2: Average LogP = -3977.04053  Change =    86.94336
Iteration 3: Average LogP = -3888.81250  Change =    88.22803
Iteration 4: Average LogP = -3864.69141  Change =    24.12109
Iteration 5: Average LogP = -3864.69189  Change =    -0.00049
Iteration 6: Average LogP = -3864.69189  Change =     0.00000
Estimation converged at iteration 7
Output written to directory current
~~~~~~~~~~~ modele soixante ~~~~~~~~~~~~~
HInit -A -C Modeles/htk.conf -o Modeles/init/soixante -l soixante -L Labels/ -i 30 -T 1 -m 3 Modeles/gabarits/soixante -S Listes/wav.all.lst 
Initialising  HMM Modeles/gabarits/soixante . . . 
 States   :   2  3  4  5  6  7  8 (width)
 Mixes  s1:   1  1  1  1  1  1  1 ( 39  )
 Num Using:   0  0  0  0  0  0  0
 Parm Kind:  MFCC_E_D_A
 Number of owners = 1
 SegLab   :  soixante
 maxIter  :  30
 epsilon  :  0.000100
 minSeg   :  3
 Updating :  Means Variances MixWeights/DProbs TransProbs

 - system is PLAIN
10 Observation Sequences Loaded
Starting Estimation Process
Iteration 1: Average LogP = -5501.00342
Iteration 2: Average LogP = -5402.66016  Change =    98.34326
Iteration 3: Average LogP = -5372.10840  Change =    30.55176
Iteration 4: Average LogP = -5360.65527  Change =    11.45312
Iteration 5: Average LogP = -5349.63574  Change =    11.01953
Iteration 6: Average LogP = -5343.02637  Change =     6.60938
Iteration 7: Average LogP = -5337.28906  Change =     5.73730
Iteration 8: Average LogP = -5335.48779  Change =     1.80127
Iteration 9: Average LogP = -5334.25635  Change =     1.23145
Iteration 10: Average LogP = -5333.29199  Change =     0.96436
Iteration 11: Average LogP = -5332.77441  Change =     0.51758
Iteration 12: Average LogP = -5332.77441  Change =     0.00000
Estimation converged at iteration 13
Output written to directory current
~~~~~~~~~~~ modele sur ~~~~~~~~~~~~~
HInit -A -C Modeles/htk.conf -o Modeles/init/sur -l sur -L Labels/ -i 30 -T 1 -m 3 Modeles/gabarits/sur -S Listes/wav.all.lst 
Initialising  HMM Modeles/gabarits/sur . . . 
 States   :   2  3  4 (width)
 Mixes  s1:   1  1  1 ( 39  )
 Num Using:   0  0  0
 Parm Kind:  MFCC_E_D_A
 Number of owners = 1
 SegLab   :  sur
 maxIter  :  30
 epsilon  :  0.000100
 minSeg   :  3
 Updating :  Means Variances MixWeights/DProbs TransProbs

 - system is PLAIN
10 Observation Sequences Loaded
Starting Estimation Process
Iteration 1: Average LogP = -3394.64966
Iteration 2: Average LogP = -3354.10864  Change =    40.54102
Iteration 3: Average LogP = -3347.59033  Change =     6.51831
Iteration 4: Average LogP = -3346.65674  Change =     0.93359
Iteration 5: Average LogP = -3346.54102  Change =     0.11572
Iteration 6: Average LogP = -3346.54102  Change =     0.00000
Estimation converged at iteration 7
Output written to directory current
~~~~~~~~~~~ modele treize ~~~~~~~~~~~~~
HInit -A -C Modeles/htk.conf -o Modeles/init/treize -l treize -L Labels/ -i 30 -T 1 -m 3 Modeles/gabarits/treize -S Listes/wav.all.lst 
Initialising  HMM Modeles/gabarits/treize . . . 
 States   :   2  3  4  5  6 (width)
 Mixes  s1:   1  1  1  1  1 ( 39  )
 Num Using:   0  0  0  0  0
 Parm Kind:  MFCC_E_D_A
 Number of owners = 1
 SegLab   :  treize
 maxIter  :  30
 epsilon  :  0.000100
 minSeg   :  3
 Updating :  Means Variances MixWeights/DProbs TransProbs

 - system is PLAIN
10 Observation Sequences Loaded
Starting Estimation Process
Iteration 1: Average LogP = -3639.39600
Iteration 2: Average LogP = -3598.98901  Change =    40.40698
Iteration 3: Average LogP = -3579.33594  Change =    19.65308
Iteration 4: Average LogP = -3555.72729  Change =    23.60864
Iteration 5: Average LogP = -3519.62256  Change =    36.10474
Iteration 6: Average LogP = -3516.26123  Change =     3.36133
Iteration 7: Average LogP = -3515.72925  Change =     0.53198
Iteration 8: Average LogP = -3515.68945  Change =     0.03979
Iteration 9: Average LogP = -3515.68945  Change =     0.00000
Estimation converged at iteration 10
Output written to directory current
~~~~~~~~~~~ modele trente ~~~~~~~~~~~~~
HInit -A -C Modeles/htk.conf -o Modeles/init/trente -l trente -L Labels/ -i 30 -T 1 -m 3 Modeles/gabarits/trente -S Listes/wav.all.lst 
Initialising  HMM Modeles/gabarits/trente . . . 
 States   :   2  3  4  5  6  7 (width)
 Mixes  s1:   1  1  1  1  1  1 ( 39  )
 Num Using:   0  0  0  0  0  0
 Parm Kind:  MFCC_E_D_A
 Number of owners = 1
 SegLab   :  trente
 maxIter  :  30
 epsilon  :  0.000100
 minSeg   :  3
 Updating :  Means Variances MixWeights/DProbs TransProbs

 - system is PLAIN
10 Observation Sequences Loaded
Starting Estimation Process
Iteration 1: Average LogP = -3635.66064
Iteration 2: Average LogP = -3570.84570  Change =    64.81494
Iteration 3: Average LogP = -3507.08203  Change =    63.76367
Iteration 4: Average LogP = -3495.09229  Change =    11.98975
Iteration 5: Average LogP = -3493.54883  Change =     1.54346
Iteration 6: Average LogP = -3493.39111  Change =     0.15771
Iteration 7: Average LogP = -3493.39111  Change =     0.00000
Estimation converged at iteration 8
Output written to directory current
~~~~~~~~~~~ modele trois ~~~~~~~~~~~~~
HInit -A -C Modeles/htk.conf -o Modeles/init/trois -l trois -L Labels/ -i 30 -T 1 -m 3 Modeles/gabarits/trois -S Listes/wav.all.lst 
Initialising  HMM Modeles/gabarits/trois . . . 
 States   :   2  3  4  5  6 (width)
 Mixes  s1:   1  1  1  1  1 ( 39  )
 Num Using:   0  0  0  0  0
 Parm Kind:  MFCC_E_D_A
 Number of owners = 1
 SegLab   :  trois
 maxIter  :  30
 epsilon  :  0.000100
 minSeg   :  3
 Updating :  Means Variances MixWeights/DProbs TransProbs

 - system is PLAIN
10 Observation Sequences Loaded
Starting Estimation Process
Iteration 1: Average LogP = -2481.90430
Iteration 2: Average LogP = -2454.08740  Change =    27.81689
Iteration 3: Average LogP = -2452.94824  Change =     1.13916
Iteration 4: Average LogP = -2452.74512  Change =     0.20312
Iteration 5: Average LogP = -2452.00439  Change =     0.74072
Iteration 6: Average LogP = -2451.59619  Change =     0.40820
Iteration 7: Average LogP = -2450.29272  Change =     1.30347
Iteration 8: Average LogP = -2449.71436  Change =     0.57837
Iteration 9: Average LogP = -2448.98706  Change =     0.72729
Iteration 10: Average LogP = -2448.86426  Change =     0.12280
Iteration 11: Average LogP = -2448.86426  Change =     0.00000
Estimation converged at iteration 12
Output written to directory current
~~~ modele un deja initialise ! ~~~
~~~~~~~~~~~ modele vingt ~~~~~~~~~~~~~
HInit -A -C Modeles/htk.conf -o Modeles/init/vingt -l vingt -L Labels/ -i 30 -T 1 -m 3 Modeles/gabarits/vingt -S Listes/wav.all.lst 
Initialising  HMM Modeles/gabarits/vingt . . . 
 States   :   2  3 (width)
 Mixes  s1:   1  1 ( 39  )
 Num Using:   0  0
 Parm Kind:  MFCC_E_D_A
 Number of owners = 1
 SegLab   :  vingt
 maxIter  :  30
 epsilon  :  0.000100
 minSeg   :  3
 Updating :  Means Variances MixWeights/DProbs TransProbs

 - system is PLAIN
10 Observation Sequences Loaded
Starting Estimation Process
Iteration 1: Average LogP = -3241.65625
Iteration 2: Average LogP = -3195.72119  Change =    45.93506
Iteration 3: Average LogP = -3150.06836  Change =    45.65283
Iteration 4: Average LogP = -3144.11011  Change =     5.95825
Iteration 5: Average LogP = -3143.26807  Change =     0.84204
Iteration 6: Average LogP = -3140.79248  Change =     2.47559
Iteration 7: Average LogP = -3140.79297  Change =    -0.00049
Iteration 8: Average LogP = -3140.79297  Change =     0.00000
Estimation converged at iteration 9
Output written to directory current
~~~~~~~~~~~ modele zero ~~~~~~~~~~~~~
HInit -A -C Modeles/htk.conf -o Modeles/init/zero -l zero -L Labels/ -i 30 -T 1 -m 3 Modeles/gabarits/zero -S Listes/wav.all.lst 
Initialising  HMM Modeles/gabarits/zero . . . 
 States   :   2  3  4  5 (width)
 Mixes  s1:   1  1  1  1 ( 39  )
 Num Using:   0  0  0  0
 Parm Kind:  MFCC_E_D_A
 Number of owners = 1
 SegLab   :  zero
 maxIter  :  30
 epsilon  :  0.000100
 minSeg   :  3
 Updating :  Means Variances MixWeights/DProbs TransProbs

 - system is PLAIN
10 Observation Sequences Loaded
Starting Estimation Process
Iteration 1: Average LogP = -3511.31104
Iteration 2: Average LogP = -3434.03003  Change =    77.28101
Iteration 3: Average LogP = -3416.83740  Change =    17.19263
Iteration 4: Average LogP = -3414.00854  Change =     2.82886
Iteration 5: Average LogP = -3413.18433  Change =     0.82422
Iteration 6: Average LogP = -3412.92505  Change =     0.25928
Iteration 7: Average LogP = -3412.92505  Change =     0.00000
Estimation converged at iteration 8
Output written to directory current
~~~ modele pause deja initialise ! ~~~
dimanche 21 décembre 2014, 04:13:42 (UTC+0100)
