dimanche 21 décembre 2014, 15:08:35 (UTC+0100)
~~~~~~~~~~~ modele cinq ~~~~~~~~~~~~~
HInit -A -C Modeles/htk.conf -o Modeles/init/cinq -l cinq -L Labels/ -i 30 -T 1 -m 3 Modeles/gabarits/cinq -S Listes/wav.app.lst 
  ERROR [+5010]  SetScriptFile: Cannot open script file Listes/wav.app.lst
  ERROR [+5020]  InitShell: SetScriptFile failed on file Listes/wav.app.lst
  ERROR [+2100]  HInit: InitShell failed
 FATAL ERROR - Terminating program HInit
~~~~~~~~~~~ modele cinquante ~~~~~~~~~~~~~
HInit -A -C Modeles/htk.conf -o Modeles/init/cinquante -l cinquante -L Labels/ -i 30 -T 1 -m 3 Modeles/gabarits/cinquante -S Listes/wav.app.lst 
  ERROR [+5010]  SetScriptFile: Cannot open script file Listes/wav.app.lst
  ERROR [+5020]  InitShell: SetScriptFile failed on file Listes/wav.app.lst
  ERROR [+2100]  HInit: InitShell failed
 FATAL ERROR - Terminating program HInit
~~~~~~~~~~~ modele deux ~~~~~~~~~~~~~
HInit -A -C Modeles/htk.conf -o Modeles/init/deux -l deux -L Labels/ -i 30 -T 1 -m 3 Modeles/gabarits/deux -S Listes/wav.app.lst 
  ERROR [+5010]  SetScriptFile: Cannot open script file Listes/wav.app.lst
  ERROR [+5020]  InitShell: SetScriptFile failed on file Listes/wav.app.lst
  ERROR [+2100]  HInit: InitShell failed
 FATAL ERROR - Terminating program HInit
~~~~~~~~~~~ modele diviser ~~~~~~~~~~~~~
HInit -A -C Modeles/htk.conf -o Modeles/init/diviser -l diviser -L Labels/ -i 30 -T 1 -m 3 Modeles/gabarits/diviser -S Listes/wav.app.lst 
  ERROR [+5010]  SetScriptFile: Cannot open script file Listes/wav.app.lst
  ERROR [+5020]  InitShell: SetScriptFile failed on file Listes/wav.app.lst
  ERROR [+2100]  HInit: InitShell failed
 FATAL ERROR - Terminating program HInit
~~~~~~~~~~~ modele dix ~~~~~~~~~~~~~
HInit -A -C Modeles/htk.conf -o Modeles/init/dix -l dix -L Labels/ -i 30 -T 1 -m 3 Modeles/gabarits/dix -S Listes/wav.app.lst 
  ERROR [+5010]  SetScriptFile: Cannot open script file Listes/wav.app.lst
  ERROR [+5020]  InitShell: SetScriptFile failed on file Listes/wav.app.lst
  ERROR [+2100]  HInit: InitShell failed
 FATAL ERROR - Terminating program HInit
~~~~~~~~~~~ modele douze ~~~~~~~~~~~~~
HInit -A -C Modeles/htk.conf -o Modeles/init/douze -l douze -L Labels/ -i 30 -T 1 -m 3 Modeles/gabarits/douze -S Listes/wav.app.lst 
  ERROR [+5010]  SetScriptFile: Cannot open script file Listes/wav.app.lst
  ERROR [+5020]  InitShell: SetScriptFile failed on file Listes/wav.app.lst
  ERROR [+2100]  HInit: InitShell failed
 FATAL ERROR - Terminating program HInit
~~~~~~~~~~~ modele egal ~~~~~~~~~~~~~
HInit -A -C Modeles/htk.conf -o Modeles/init/egal -l egal -L Labels/ -i 30 -T 1 -m 3 Modeles/gabarits/egal -S Listes/wav.app.lst 
  ERROR [+5010]  SetScriptFile: Cannot open script file Listes/wav.app.lst
  ERROR [+5020]  InitShell: SetScriptFile failed on file Listes/wav.app.lst
  ERROR [+2100]  HInit: InitShell failed
 FATAL ERROR - Terminating program HInit
~~~~~~~~~~~ modele et ~~~~~~~~~~~~~
HInit -A -C Modeles/htk.conf -o Modeles/init/et -l et -L Labels/ -i 30 -T 1 -m 3 Modeles/gabarits/et -S Listes/wav.app.lst 
  ERROR [+5010]  SetScriptFile: Cannot open script file Listes/wav.app.lst
  ERROR [+5020]  InitShell: SetScriptFile failed on file Listes/wav.app.lst
  ERROR [+2100]  HInit: InitShell failed
 FATAL ERROR - Terminating program HInit
~~~~~~~~~~~ modele fois ~~~~~~~~~~~~~
HInit -A -C Modeles/htk.conf -o Modeles/init/fois -l fois -L Labels/ -i 30 -T 1 -m 3 Modeles/gabarits/fois -S Listes/wav.app.lst 
  ERROR [+5010]  SetScriptFile: Cannot open script file Listes/wav.app.lst
  ERROR [+5020]  InitShell: SetScriptFile failed on file Listes/wav.app.lst
  ERROR [+2100]  HInit: InitShell failed
 FATAL ERROR - Terminating program HInit
~~~~~~~~~~~ modele huit ~~~~~~~~~~~~~
HInit -A -C Modeles/htk.conf -o Modeles/init/huit -l huit -L Labels/ -i 30 -T 1 -m 3 Modeles/gabarits/huit -S Listes/wav.app.lst 
  ERROR [+5010]  SetScriptFile: Cannot open script file Listes/wav.app.lst
  ERROR [+5020]  InitShell: SetScriptFile failed on file Listes/wav.app.lst
  ERROR [+2100]  HInit: InitShell failed
 FATAL ERROR - Terminating program HInit
~~~~~~~~~~~ modele moins ~~~~~~~~~~~~~
HInit -A -C Modeles/htk.conf -o Modeles/init/moins -l moins -L Labels/ -i 30 -T 1 -m 3 Modeles/gabarits/moins -S Listes/wav.app.lst 
  ERROR [+5010]  SetScriptFile: Cannot open script file Listes/wav.app.lst
  ERROR [+5020]  InitShell: SetScriptFile failed on file Listes/wav.app.lst
  ERROR [+2100]  HInit: InitShell failed
 FATAL ERROR - Terminating program HInit
~~~~~~~~~~~ modele multiplier ~~~~~~~~~~~~~
HInit -A -C Modeles/htk.conf -o Modeles/init/multiplier -l multiplier -L Labels/ -i 30 -T 1 -m 3 Modeles/gabarits/multiplier -S Listes/wav.app.lst 
  ERROR [+5010]  SetScriptFile: Cannot open script file Listes/wav.app.lst
  ERROR [+5020]  InitShell: SetScriptFile failed on file Listes/wav.app.lst
  ERROR [+2100]  HInit: InitShell failed
 FATAL ERROR - Terminating program HInit
~~~~~~~~~~~ modele neuf ~~~~~~~~~~~~~
HInit -A -C Modeles/htk.conf -o Modeles/init/neuf -l neuf -L Labels/ -i 30 -T 1 -m 3 Modeles/gabarits/neuf -S Listes/wav.app.lst 
  ERROR [+5010]  SetScriptFile: Cannot open script file Listes/wav.app.lst
  ERROR [+5020]  InitShell: SetScriptFile failed on file Listes/wav.app.lst
  ERROR [+2100]  HInit: InitShell failed
 FATAL ERROR - Terminating program HInit
~~~~~~~~~~~ modele onze ~~~~~~~~~~~~~
HInit -A -C Modeles/htk.conf -o Modeles/init/onze -l onze -L Labels/ -i 30 -T 1 -m 3 Modeles/gabarits/onze -S Listes/wav.app.lst 
  ERROR [+5010]  SetScriptFile: Cannot open script file Listes/wav.app.lst
  ERROR [+5020]  InitShell: SetScriptFile failed on file Listes/wav.app.lst
  ERROR [+2100]  HInit: InitShell failed
 FATAL ERROR - Terminating program HInit
~~~~~~~~~~~ modele par ~~~~~~~~~~~~~
HInit -A -C Modeles/htk.conf -o Modeles/init/par -l par -L Labels/ -i 30 -T 1 -m 3 Modeles/gabarits/par -S Listes/wav.app.lst 
  ERROR [+5010]  SetScriptFile: Cannot open script file Listes/wav.app.lst
  ERROR [+5020]  InitShell: SetScriptFile failed on file Listes/wav.app.lst
  ERROR [+2100]  HInit: InitShell failed
 FATAL ERROR - Terminating program HInit
~~~~~~~~~~~ modele plus ~~~~~~~~~~~~~
HInit -A -C Modeles/htk.conf -o Modeles/init/plus -l plus -L Labels/ -i 30 -T 1 -m 3 Modeles/gabarits/plus -S Listes/wav.app.lst 
  ERROR [+5010]  SetScriptFile: Cannot open script file Listes/wav.app.lst
  ERROR [+5020]  InitShell: SetScriptFile failed on file Listes/wav.app.lst
  ERROR [+2100]  HInit: InitShell failed
 FATAL ERROR - Terminating program HInit
~~~~~~~~~~~ modele quarante ~~~~~~~~~~~~~
HInit -A -C Modeles/htk.conf -o Modeles/init/quarante -l quarante -L Labels/ -i 30 -T 1 -m 3 Modeles/gabarits/quarante -S Listes/wav.app.lst 
  ERROR [+5010]  SetScriptFile: Cannot open script file Listes/wav.app.lst
  ERROR [+5020]  InitShell: SetScriptFile failed on file Listes/wav.app.lst
  ERROR [+2100]  HInit: InitShell failed
 FATAL ERROR - Terminating program HInit
~~~~~~~~~~~ modele quatorze ~~~~~~~~~~~~~
HInit -A -C Modeles/htk.conf -o Modeles/init/quatorze -l quatorze -L Labels/ -i 30 -T 1 -m 3 Modeles/gabarits/quatorze -S Listes/wav.app.lst 
  ERROR [+5010]  SetScriptFile: Cannot open script file Listes/wav.app.lst
  ERROR [+5020]  InitShell: SetScriptFile failed on file Listes/wav.app.lst
  ERROR [+2100]  HInit: InitShell failed
 FATAL ERROR - Terminating program HInit
~~~~~~~~~~~ modele quatre ~~~~~~~~~~~~~
HInit -A -C Modeles/htk.conf -o Modeles/init/quatre -l quatre -L Labels/ -i 30 -T 1 -m 3 Modeles/gabarits/quatre -S Listes/wav.app.lst 
  ERROR [+5010]  SetScriptFile: Cannot open script file Listes/wav.app.lst
  ERROR [+5020]  InitShell: SetScriptFile failed on file Listes/wav.app.lst
  ERROR [+2100]  HInit: InitShell failed
 FATAL ERROR - Terminating program HInit
~~~~~~~~~~~ modele quinze ~~~~~~~~~~~~~
HInit -A -C Modeles/htk.conf -o Modeles/init/quinze -l quinze -L Labels/ -i 30 -T 1 -m 3 Modeles/gabarits/quinze -S Listes/wav.app.lst 
  ERROR [+5010]  SetScriptFile: Cannot open script file Listes/wav.app.lst
  ERROR [+5020]  InitShell: SetScriptFile failed on file Listes/wav.app.lst
  ERROR [+2100]  HInit: InitShell failed
 FATAL ERROR - Terminating program HInit
~~~~~~~~~~~ modele seize ~~~~~~~~~~~~~
HInit -A -C Modeles/htk.conf -o Modeles/init/seize -l seize -L Labels/ -i 30 -T 1 -m 3 Modeles/gabarits/seize -S Listes/wav.app.lst 
  ERROR [+5010]  SetScriptFile: Cannot open script file Listes/wav.app.lst
  ERROR [+5020]  InitShell: SetScriptFile failed on file Listes/wav.app.lst
  ERROR [+2100]  HInit: InitShell failed
 FATAL ERROR - Terminating program HInit
~~~~~~~~~~~ modele sept ~~~~~~~~~~~~~
HInit -A -C Modeles/htk.conf -o Modeles/init/sept -l sept -L Labels/ -i 30 -T 1 -m 3 Modeles/gabarits/sept -S Listes/wav.app.lst 
  ERROR [+5010]  SetScriptFile: Cannot open script file Listes/wav.app.lst
  ERROR [+5020]  InitShell: SetScriptFile failed on file Listes/wav.app.lst
  ERROR [+2100]  HInit: InitShell failed
 FATAL ERROR - Terminating program HInit
~~~~~~~~~~~ modele six ~~~~~~~~~~~~~
HInit -A -C Modeles/htk.conf -o Modeles/init/six -l six -L Labels/ -i 30 -T 1 -m 3 Modeles/gabarits/six -S Listes/wav.app.lst 
  ERROR [+5010]  SetScriptFile: Cannot open script file Listes/wav.app.lst
  ERROR [+5020]  InitShell: SetScriptFile failed on file Listes/wav.app.lst
  ERROR [+2100]  HInit: InitShell failed
 FATAL ERROR - Terminating program HInit
~~~~~~~~~~~ modele soixante ~~~~~~~~~~~~~
HInit -A -C Modeles/htk.conf -o Modeles/init/soixante -l soixante -L Labels/ -i 30 -T 1 -m 3 Modeles/gabarits/soixante -S Listes/wav.app.lst 
  ERROR [+5010]  SetScriptFile: Cannot open script file Listes/wav.app.lst
  ERROR [+5020]  InitShell: SetScriptFile failed on file Listes/wav.app.lst
  ERROR [+2100]  HInit: InitShell failed
 FATAL ERROR - Terminating program HInit
~~~~~~~~~~~ modele sur ~~~~~~~~~~~~~
HInit -A -C Modeles/htk.conf -o Modeles/init/sur -l sur -L Labels/ -i 30 -T 1 -m 3 Modeles/gabarits/sur -S Listes/wav.app.lst 
  ERROR [+5010]  SetScriptFile: Cannot open script file Listes/wav.app.lst
  ERROR [+5020]  InitShell: SetScriptFile failed on file Listes/wav.app.lst
  ERROR [+2100]  HInit: InitShell failed
 FATAL ERROR - Terminating program HInit
~~~~~~~~~~~ modele treize ~~~~~~~~~~~~~
HInit -A -C Modeles/htk.conf -o Modeles/init/treize -l treize -L Labels/ -i 30 -T 1 -m 3 Modeles/gabarits/treize -S Listes/wav.app.lst 
  ERROR [+5010]  SetScriptFile: Cannot open script file Listes/wav.app.lst
  ERROR [+5020]  InitShell: SetScriptFile failed on file Listes/wav.app.lst
  ERROR [+2100]  HInit: InitShell failed
 FATAL ERROR - Terminating program HInit
~~~~~~~~~~~ modele trente ~~~~~~~~~~~~~
HInit -A -C Modeles/htk.conf -o Modeles/init/trente -l trente -L Labels/ -i 30 -T 1 -m 3 Modeles/gabarits/trente -S Listes/wav.app.lst 
  ERROR [+5010]  SetScriptFile: Cannot open script file Listes/wav.app.lst
  ERROR [+5020]  InitShell: SetScriptFile failed on file Listes/wav.app.lst
  ERROR [+2100]  HInit: InitShell failed
 FATAL ERROR - Terminating program HInit
~~~~~~~~~~~ modele trois ~~~~~~~~~~~~~
HInit -A -C Modeles/htk.conf -o Modeles/init/trois -l trois -L Labels/ -i 30 -T 1 -m 3 Modeles/gabarits/trois -S Listes/wav.app.lst 
  ERROR [+5010]  SetScriptFile: Cannot open script file Listes/wav.app.lst
  ERROR [+5020]  InitShell: SetScriptFile failed on file Listes/wav.app.lst
  ERROR [+2100]  HInit: InitShell failed
 FATAL ERROR - Terminating program HInit
~~~~~~~~~~~ modele un ~~~~~~~~~~~~~
HInit -A -C Modeles/htk.conf -o Modeles/init/un -l un -L Labels/ -i 30 -T 1 -m 3 Modeles/gabarits/un -S Listes/wav.app.lst 
  ERROR [+5010]  SetScriptFile: Cannot open script file Listes/wav.app.lst
  ERROR [+5020]  InitShell: SetScriptFile failed on file Listes/wav.app.lst
  ERROR [+2100]  HInit: InitShell failed
 FATAL ERROR - Terminating program HInit
~~~~~~~~~~~ modele vingt ~~~~~~~~~~~~~
HInit -A -C Modeles/htk.conf -o Modeles/init/vingt -l vingt -L Labels/ -i 30 -T 1 -m 3 Modeles/gabarits/vingt -S Listes/wav.app.lst 
  ERROR [+5010]  SetScriptFile: Cannot open script file Listes/wav.app.lst
  ERROR [+5020]  InitShell: SetScriptFile failed on file Listes/wav.app.lst
  ERROR [+2100]  HInit: InitShell failed
 FATAL ERROR - Terminating program HInit
~~~~~~~~~~~ modele zero ~~~~~~~~~~~~~
HInit -A -C Modeles/htk.conf -o Modeles/init/zero -l zero -L Labels/ -i 30 -T 1 -m 3 Modeles/gabarits/zero -S Listes/wav.app.lst 
  ERROR [+5010]  SetScriptFile: Cannot open script file Listes/wav.app.lst
  ERROR [+5020]  InitShell: SetScriptFile failed on file Listes/wav.app.lst
  ERROR [+2100]  HInit: InitShell failed
 FATAL ERROR - Terminating program HInit
~~~~~~~~~~~ modele pause ~~~~~~~~~~~~~
HInit -A -C Modeles/htk.conf -o Modeles/init/pause -l pause -L Labels/ -i 30 -T 1 -m 3 Modeles/gabarits/pause -S Listes/wav.app.lst 
  ERROR [+5010]  SetScriptFile: Cannot open script file Listes/wav.app.lst
  ERROR [+5020]  InitShell: SetScriptFile failed on file Listes/wav.app.lst
  ERROR [+2100]  HInit: InitShell failed
 FATAL ERROR - Terminating program HInit
dimanche 21 décembre 2014, 15:08:35 (UTC+0100)
