dimanche 21 décembre 2014, 03:10:14 (UTC+0100)
~~~~~~~~~~~ modele cinq ~~~~~~~~~~~~~
./Bin/initialisation: 27: ./Bin/initialisation: HInit: not found
~~~~~~~~~~~ modele cinquante ~~~~~~~~~~~~~
./Bin/initialisation: 27: ./Bin/initialisation: HInit: not found
~~~~~~~~~~~ modele deux ~~~~~~~~~~~~~
./Bin/initialisation: 27: ./Bin/initialisation: HInit: not found
~~~~~~~~~~~ modele diviser ~~~~~~~~~~~~~
./Bin/initialisation: 27: ./Bin/initialisation: HInit: not found
~~~~~~~~~~~ modele dix ~~~~~~~~~~~~~
./Bin/initialisation: 27: ./Bin/initialisation: HInit: not found
~~~~~~~~~~~ modele douze ~~~~~~~~~~~~~
./Bin/initialisation: 27: ./Bin/initialisation: HInit: not found
~~~~~~~~~~~ modele egal ~~~~~~~~~~~~~
./Bin/initialisation: 27: ./Bin/initialisation: HInit: not found
~~~~~~~~~~~ modele et ~~~~~~~~~~~~~
./Bin/initialisation: 27: ./Bin/initialisation: HInit: not found
~~~~~~~~~~~ modele fois ~~~~~~~~~~~~~
./Bin/initialisation: 27: ./Bin/initialisation: HInit: not found
~~~~~~~~~~~ modele huit ~~~~~~~~~~~~~
./Bin/initialisation: 27: ./Bin/initialisation: HInit: not found
~~~~~~~~~~~ modele moins ~~~~~~~~~~~~~
./Bin/initialisation: 27: ./Bin/initialisation: HInit: not found
~~~~~~~~~~~ modele multiplier ~~~~~~~~~~~~~
./Bin/initialisation: 27: ./Bin/initialisation: HInit: not found
~~~~~~~~~~~ modele neuf ~~~~~~~~~~~~~
./Bin/initialisation: 27: ./Bin/initialisation: HInit: not found
~~~~~~~~~~~ modele onze ~~~~~~~~~~~~~
./Bin/initialisation: 27: ./Bin/initialisation: HInit: not found
~~~~~~~~~~~ modele par ~~~~~~~~~~~~~
./Bin/initialisation: 27: ./Bin/initialisation: HInit: not found
~~~~~~~~~~~ modele plus ~~~~~~~~~~~~~
./Bin/initialisation: 27: ./Bin/initialisation: HInit: not found
~~~~~~~~~~~ modele quarante ~~~~~~~~~~~~~
./Bin/initialisation: 27: ./Bin/initialisation: HInit: not found
~~~~~~~~~~~ modele quatorze ~~~~~~~~~~~~~
./Bin/initialisation: 27: ./Bin/initialisation: HInit: not found
~~~~~~~~~~~ modele quatre ~~~~~~~~~~~~~
./Bin/initialisation: 27: ./Bin/initialisation: HInit: not found
~~~~~~~~~~~ modele quinze ~~~~~~~~~~~~~
./Bin/initialisation: 27: ./Bin/initialisation: HInit: not found
~~~~~~~~~~~ modele seize ~~~~~~~~~~~~~
./Bin/initialisation: 27: ./Bin/initialisation: HInit: not found
~~~~~~~~~~~ modele sept ~~~~~~~~~~~~~
./Bin/initialisation: 27: ./Bin/initialisation: HInit: not found
~~~~~~~~~~~ modele six ~~~~~~~~~~~~~
./Bin/initialisation: 27: ./Bin/initialisation: HInit: not found
~~~~~~~~~~~ modele soixante ~~~~~~~~~~~~~
./Bin/initialisation: 27: ./Bin/initialisation: HInit: not found
~~~~~~~~~~~ modele sur ~~~~~~~~~~~~~
./Bin/initialisation: 27: ./Bin/initialisation: HInit: not found
~~~~~~~~~~~ modele treize ~~~~~~~~~~~~~
./Bin/initialisation: 27: ./Bin/initialisation: HInit: not found
~~~~~~~~~~~ modele trente ~~~~~~~~~~~~~
./Bin/initialisation: 27: ./Bin/initialisation: HInit: not found
~~~~~~~~~~~ modele trois ~~~~~~~~~~~~~
./Bin/initialisation: 27: ./Bin/initialisation: HInit: not found
~~~~~~~~~~~ modele un ~~~~~~~~~~~~~
./Bin/initialisation: 27: ./Bin/initialisation: HInit: not found
~~~~~~~~~~~ modele vingt ~~~~~~~~~~~~~
./Bin/initialisation: 27: ./Bin/initialisation: HInit: not found
~~~~~~~~~~~ modele zero ~~~~~~~~~~~~~
./Bin/initialisation: 27: ./Bin/initialisation: HInit: not found
~~~~~~~~~~~ modele pause ~~~~~~~~~~~~~
./Bin/initialisation: 27: ./Bin/initialisation: HInit: not found
dimanche 21 décembre 2014, 03:10:14 (UTC+0100)
