HVite -T 1 -C Modeles/htk.conf -A -w Modeles/grammaire.htk -d Modeles/init -l Resultats/ -S Listes/wav.all.lst Modeles/dictionnaire Modeles/liste-mots 
Read 32 physical / 32 logical HMMs
Read lattice with 38 nodes / 67 arcs
Created network with 73 nodes / 102 links
File: Signaux/promo2012/cinq_alban_2012.wav
SENT-START pause cinq pause SENT-END  ==  [53 frames] -52.7283 [Ac=-2794.6 LM=0.0] (Act=67.3)
File: Signaux/promo2012/cinq_brice_2012.wav
SENT-START pause cinq pause SENT-END  ==  [51 frames] -58.8563 [Ac=-3001.7 LM=0.0] (Act=67.2)
File: Signaux/promo2012/cinq_dominique_2012.wav
SENT-START pause cinq pause SENT-END  ==  [50 frames] -59.6766 [Ac=-2983.8 LM=0.0] (Act=67.2)
File: Signaux/promo2012/cinq_eric_2012.wav
SENT-START pause quarante pause SENT-END  ==  [53 frames] -55.2924 [Ac=-2930.5 LM=0.0] (Act=67.3)
File: Signaux/promo2012/cinq_etienne_2012.wav
SENT-START pause cinq pause SENT-END  ==  [65 frames] -57.8353 [Ac=-3759.3 LM=0.0] (Act=67.8)
File: Signaux/promo2012/cinq_gabrielides_2012.wav
SENT-START pause cinq pause SENT-END  ==  [76 frames] -61.4268 [Ac=-4668.4 LM=0.0] (Act=68.1)
File: Signaux/promo2012/cinq_hyliass_2012.wav
SENT-START pause cinq pause SENT-END  ==  [50 frames] -90.8233 [Ac=-4541.2 LM=0.0] (Act=67.2)
File: Signaux/promo2012/cinq_jean_2012.wav
SENT-START pause cinq pause SENT-END  ==  [59 frames] -56.5269 [Ac=-3335.1 LM=0.0] (Act=67.6)
File: Signaux/promo2012/cinq_nabil_2012.wav
SENT-START pause cinq pause SENT-END  ==  [60 frames] -80.8158 [Ac=-4848.9 LM=0.0] (Act=67.7)
File: Signaux/promo2012/cinq_thomas_2012.wav
SENT-START pause cinq pause SENT-END  ==  [53 frames] -61.7207 [Ac=-3271.2 LM=0.0] (Act=67.3)
File: Signaux/promo2012/cinquante_alban_2012.wav
SENT-START pause cinquante pause SENT-END  ==  [75 frames] -57.7546 [Ac=-4331.6 LM=0.0] (Act=68.1)
File: Signaux/promo2012/cinquante_brice_2012.wav
SENT-START pause cinquante pause SENT-END  ==  [119 frames] -52.9188 [Ac=-6297.3 LM=0.0] (Act=68.8)
File: Signaux/promo2012/cinquante_dominique_2012.wav
SENT-START pause cinquante pause SENT-END  ==  [61 frames] -59.3685 [Ac=-3621.5 LM=0.0] (Act=67.7)
File: Signaux/promo2012/cinquante_eric_2012.wav
SENT-START pause cinquante pause SENT-END  ==  [110 frames] -55.8223 [Ac=-6140.5 LM=0.0] (Act=68.7)
File: Signaux/promo2012/cinquante_etienne_2012.wav
SENT-START pause cinquante pause SENT-END  ==  [86 frames] -58.1535 [Ac=-5001.2 LM=0.0] (Act=68.4)
File: Signaux/promo2012/cinquante_gabrielides_2012.wav
SENT-START pause cinquante pause SENT-END  ==  [122 frames] -56.5400 [Ac=-6897.9 LM=0.0] (Act=68.8)
File: Signaux/promo2012/cinquante_hyliass_2012.wav
SENT-START pause quatorze pause SENT-END  ==  [95 frames] -84.9580 [Ac=-8071.0 LM=0.0] (Act=68.5)
File: Signaux/promo2012/cinquante_jean_2012.wav
SENT-START pause cinquante pause SENT-END  ==  [61 frames] -59.4795 [Ac=-3628.2 LM=0.0] (Act=67.7)
File: Signaux/promo2012/cinquante_nabil_2012.wav
SENT-START pause quarante pause SENT-END  ==  [94 frames] -81.3999 [Ac=-7651.6 LM=0.0] (Act=68.5)
File: Signaux/promo2012/cinquante_thomas_2012.wav
SENT-START pause cinquante pause SENT-END  ==  [61 frames] -60.3319 [Ac=-3680.2 LM=0.0] (Act=67.7)
File: Signaux/promo2012/deux_alban_2012.wav
SENT-START pause deux pause SENT-END  ==  [24 frames] -59.8305 [Ac=-1435.9 LM=0.0] (Act=64.1)
File: Signaux/promo2012/deux_brice_2012.wav
SENT-START pause deux pause SENT-END  ==  [30 frames] -56.4625 [Ac=-1693.9 LM=0.0] (Act=65.3)
File: Signaux/promo2012/deux_dominique_2012.wav
SENT-START pause deux pause SENT-END  ==  [34 frames] -55.8611 [Ac=-1899.3 LM=0.0] (Act=65.9)
File: Signaux/promo2012/deux_eric_2012.wav
SENT-START pause deux pause SENT-END  ==  [37 frames] -58.7076 [Ac=-2172.2 LM=0.0] (Act=66.2)
File: Signaux/promo2012/deux_etienne_2012.wav
SENT-START pause deux pause SENT-END  ==  [41 frames] -53.0538 [Ac=-2175.2 LM=0.0] (Act=66.6)
File: Signaux/promo2012/deux_gabrielides_2012.wav
SENT-START pause deux pause SENT-END  ==  [42 frames] -55.4690 [Ac=-2329.7 LM=0.0] (Act=66.6)
File: Signaux/promo2012/deux_hyliass_2012.wav
SENT-START pause deux pause SENT-END  ==  [42 frames] -57.2097 [Ac=-2402.8 LM=0.0] (Act=66.6)
File: Signaux/promo2012/deux_jean_2012.wav
SENT-START pause deux pause SENT-END  ==  [41 frames] -52.7812 [Ac=-2164.0 LM=0.0] (Act=66.6)
File: Signaux/promo2012/deux_nabil_2012.wav
SENT-START pause vingt pause SENT-END  ==  [26 frames] -80.5072 [Ac=-2093.2 LM=0.0] (Act=64.6)
File: Signaux/promo2012/deux_thomas_2012.wav
SENT-START pause deux pause SENT-END  ==  [26 frames] -61.9874 [Ac=-1611.7 LM=0.0] (Act=64.6)
File: Signaux/promo2012/diviser_alban_2012.wav
SENT-START pause diviser pause SENT-END  ==  [55 frames] -53.4860 [Ac=-2941.7 LM=0.0] (Act=67.4)
File: Signaux/promo2012/diviser_brice_2012.wav
SENT-START pause diviser pause SENT-END  ==  [99 frames] -54.8356 [Ac=-5428.7 LM=0.0] (Act=68.6)
File: Signaux/promo2012/diviser_dominique_2012.wav
SENT-START pause diviser pause SENT-END  ==  [65 frames] -51.9706 [Ac=-3378.1 LM=0.0] (Act=67.8)
File: Signaux/promo2012/diviser_eric_2012.wav
SENT-START pause diviser pause SENT-END  ==  [95 frames] -54.6630 [Ac=-5193.0 LM=0.0] (Act=68.5)
File: Signaux/promo2012/diviser_etienne_2012.wav
SENT-START pause diviser pause SENT-END  ==  [63 frames] -55.6907 [Ac=-3508.5 LM=0.0] (Act=67.8)
File: Signaux/promo2012/diviser_gabrielides_2012.wav
SENT-START pause diviser pause SENT-END  ==  [72 frames] -58.1704 [Ac=-4188.3 LM=0.0] (Act=68.0)
File: Signaux/promo2012/diviser_hyliass_2012.wav
SENT-START pause diviser pause SENT-END  ==  [81 frames] -72.1852 [Ac=-5847.0 LM=0.0] (Act=68.3)
File: Signaux/promo2012/diviser_jean_2012.wav
SENT-START pause diviser pause SENT-END  ==  [79 frames] -54.3107 [Ac=-4290.5 LM=0.0] (Act=68.2)
File: Signaux/promo2012/diviser_nabil_2012.wav
SENT-START pause diviser pause SENT-END  ==  [93 frames] -67.8544 [Ac=-6310.5 LM=0.0] (Act=68.5)
File: Signaux/promo2012/diviser_thomas_2012.wav
SENT-START pause diviser pause SENT-END  ==  [45 frames] -57.2294 [Ac=-2575.3 LM=0.0] (Act=66.9)
File: Signaux/promo2012/dix_alban_2012.wav
SENT-START pause dix pause SENT-END  ==  [57 frames] -52.5458 [Ac=-2995.1 LM=0.0] (Act=67.5)
File: Signaux/promo2012/dix_brice_2012.wav
SENT-START pause dix pause SENT-END  ==  [66 frames] -56.3053 [Ac=-3716.1 LM=0.0] (Act=67.9)
File: Signaux/promo2012/dix_dominique_2012.wav
SENT-START pause dix pause SENT-END  ==  [48 frames] -57.7662 [Ac=-2772.8 LM=0.0] (Act=67.1)
File: Signaux/promo2012/dix_eric_2012.wav
SENT-START pause dix pause SENT-END  ==  [50 frames] -58.1791 [Ac=-2909.0 LM=0.0] (Act=67.2)
File: Signaux/promo2012/dix_etienne_2012.wav
SENT-START pause dix pause SENT-END  ==  [72 frames] -54.3407 [Ac=-3912.5 LM=0.0] (Act=68.0)
File: Signaux/promo2012/dix_gabrielides_2012.wav
SENT-START pause dix pause SENT-END  ==  [88 frames] -55.9861 [Ac=-4926.8 LM=0.0] (Act=68.4)
File: Signaux/promo2012/dix_hyliass_2012.wav
SENT-START pause dix pause SENT-END  ==  [68 frames] -75.7844 [Ac=-5153.3 LM=0.0] (Act=67.9)
File: Signaux/promo2012/dix_jean_2012.wav
SENT-START pause dix pause SENT-END  ==  [71 frames] -58.1940 [Ac=-4131.8 LM=0.0] (Act=68.0)
File: Signaux/promo2012/dix_nabil_2012.wav
SENT-START pause dix pause SENT-END  ==  [55 frames] -75.9371 [Ac=-4176.5 LM=0.0] (Act=67.4)
File: Signaux/promo2012/dix_thomas_2012.wav
SENT-START pause dix pause SENT-END  ==  [58 frames] -59.7949 [Ac=-3468.1 LM=0.0] (Act=67.6)
File: Signaux/promo2012/douze_alban_2012.wav
SENT-START pause douze pause SENT-END  ==  [43 frames] -59.5287 [Ac=-2559.7 LM=0.0] (Act=66.7)
File: Signaux/promo2012/douze_brice_2012.wav
SENT-START pause douze pause SENT-END  ==  [58 frames] -55.9858 [Ac=-3247.2 LM=0.0] (Act=67.6)
File: Signaux/promo2012/douze_dominique_2012.wav
SENT-START pause douze pause SENT-END  ==  [41 frames] -58.3273 [Ac=-2391.4 LM=0.0] (Act=66.6)
File: Signaux/promo2012/douze_eric_2012.wav
SENT-START pause douze pause SENT-END  ==  [75 frames] -59.0005 [Ac=-4425.0 LM=0.0] (Act=68.1)
File: Signaux/promo2012/douze_etienne_2012.wav
SENT-START pause douze pause SENT-END  ==  [69 frames] -56.6309 [Ac=-3907.5 LM=0.0] (Act=68.0)
File: Signaux/promo2012/douze_gabrielides_2012.wav
SENT-START pause douze pause SENT-END  ==  [146 frames] -47.5015 [Ac=-6935.2 LM=0.0] (Act=69.0)
File: Signaux/promo2012/douze_hyliass_2012.wav
SENT-START pause douze pause SENT-END  ==  [100 frames] -77.2697 [Ac=-7727.0 LM=0.0] (Act=68.6)
File: Signaux/promo2012/douze_jean_2012.wav
SENT-START pause douze pause SENT-END  ==  [71 frames] -56.4729 [Ac=-4009.6 LM=0.0] (Act=68.0)
File: Signaux/promo2012/douze_nabil_2012.wav
SENT-START pause douze pause SENT-END  ==  [53 frames] -83.6203 [Ac=-4431.9 LM=0.0] (Act=67.3)
File: Signaux/promo2012/douze_thomas_2012.wav
SENT-START pause douze pause SENT-END  ==  [67 frames] -59.0366 [Ac=-3955.4 LM=0.0] (Act=67.9)
File: Signaux/promo2012/egal_alban_2012.wav
SENT-START pause egal pause SENT-END  ==  [57 frames] -56.4364 [Ac=-3216.9 LM=0.0] (Act=67.5)
File: Signaux/promo2012/egal_brice_2012.wav
SENT-START pause egal pause SENT-END  ==  [63 frames] -58.2528 [Ac=-3669.9 LM=0.0] (Act=67.8)
File: Signaux/promo2012/egal_dominique_2012.wav
SENT-START pause egal pause SENT-END  ==  [42 frames] -61.9328 [Ac=-2601.2 LM=0.0] (Act=66.6)
File: Signaux/promo2012/egal_eric_2012.wav
SENT-START pause egal pause SENT-END  ==  [70 frames] -56.6229 [Ac=-3963.6 LM=0.0] (Act=68.0)
File: Signaux/promo2012/egal_etienne_2012.wav
SENT-START pause egal pause SENT-END  ==  [62 frames] -58.3871 [Ac=-3620.0 LM=0.0] (Act=67.7)
File: Signaux/promo2012/egal_gabrielides_2012.wav
SENT-START pause egal pause SENT-END  ==  [89 frames] -55.7434 [Ac=-4961.2 LM=0.0] (Act=68.4)
File: Signaux/promo2012/egal_hyliass_2012.wav
SENT-START pause egal pause SENT-END  ==  [60 frames] -61.0526 [Ac=-3663.2 LM=0.0] (Act=67.7)
File: Signaux/promo2012/egal_jean_2012.wav
SENT-START pause egal pause SENT-END  ==  [69 frames] -58.7300 [Ac=-4052.4 LM=0.0] (Act=68.0)
File: Signaux/promo2012/egal_nabil_2012.wav
SENT-START pause egal pause SENT-END  ==  [70 frames] -82.9184 [Ac=-5804.3 LM=0.0] (Act=68.0)
File: Signaux/promo2012/egal_thomas_2012.wav
SENT-START pause egal pause SENT-END  ==  [45 frames] -62.2901 [Ac=-2803.1 LM=0.0] (Act=66.9)
File: Signaux/promo2012/et_alban_2012.wav
SENT-START pause multiplier pause SENT-END  ==  [32 frames] -57.4283 [Ac=-1837.7 LM=0.0] (Act=65.6)
File: Signaux/promo2012/et_brice_2012.wav
SENT-START pause plus pause SENT-END  ==  [22 frames] -59.6141 [Ac=-1311.5 LM=0.0] (Act=63.6)
File: Signaux/promo2012/et_dominique_2012.wav
SENT-START pause seize pause SENT-END  ==  [16 frames] -66.5107 [Ac=-1064.2 LM=0.0] (Act=61.2)
File: Signaux/promo2012/et_eric_2012.wav
SENT-START pause diviser pause SENT-END  ==  [24 frames] -61.6225 [Ac=-1478.9 LM=0.0] (Act=64.1)
File: Signaux/promo2012/et_etienne_2012.wav
SENT-START pause dix pause SENT-END  ==  [15 frames] -70.7516 [Ac=-1061.3 LM=0.0] (Act=60.6)
File: Signaux/promo2012/et_gabrielides_2012.wav
SENT-START pause diviser pause SENT-END  ==  [26 frames] -67.6664 [Ac=-1759.3 LM=0.0] (Act=64.6)
File: Signaux/promo2012/et_hyliass_2012.wav
SENT-START pause diviser pause SENT-END  ==  [25 frames] -69.6594 [Ac=-1741.5 LM=0.0] (Act=64.4)
File: Signaux/promo2012/et_jean_2012.wav
SENT-START pause plus pause SENT-END  ==  [23 frames] -65.8831 [Ac=-1515.3 LM=0.0] (Act=63.9)
File: Signaux/promo2012/et_nabil_2012.wav
SENT-START pause egal pause SENT-END  ==  [32 frames] -74.9550 [Ac=-2398.6 LM=0.0] (Act=65.6)
File: Signaux/promo2012/et_thomas_2012.wav
SENT-START pause egal pause SENT-END  ==  [11 frames] -80.2984 [Ac=-883.3 LM=0.0] (Act=57.3)
File: Signaux/promo2012/fois_alban_2012.wav
SENT-START pause fois pause SENT-END  ==  [39 frames] -54.3029 [Ac=-2117.8 LM=0.0] (Act=66.4)
File: Signaux/promo2012/fois_brice_2012.wav
SENT-START pause trois pause SENT-END  ==  [42 frames] -54.8846 [Ac=-2305.2 LM=0.0] (Act=66.6)
File: Signaux/promo2012/fois_dominique_2012.wav
SENT-START pause fois pause SENT-END  ==  [42 frames] -57.0255 [Ac=-2395.1 LM=0.0] (Act=66.6)
File: Signaux/promo2012/fois_eric_2012.wav
SENT-START pause fois pause SENT-END  ==  [50 frames] -53.2195 [Ac=-2661.0 LM=0.0] (Act=67.2)
File: Signaux/promo2012/fois_etienne_2012.wav
SENT-START pause fois pause SENT-END  ==  [54 frames] -56.4299 [Ac=-3047.2 LM=0.0] (Act=67.4)
File: Signaux/promo2012/fois_gabrielides_2012.wav
SENT-START pause fois pause SENT-END  ==  [38 frames] -59.0153 [Ac=-2242.6 LM=0.0] (Act=66.3)
File: Signaux/promo2012/fois_hyliass_2012.wav
SENT-START pause fois pause SENT-END  ==  [41 frames] -89.9968 [Ac=-3689.9 LM=0.0] (Act=66.6)
File: Signaux/promo2012/fois_jean_2012.wav
SENT-START pause fois pause SENT-END  ==  [49 frames] -55.5224 [Ac=-2720.6 LM=0.0] (Act=67.1)
File: Signaux/promo2012/fois_nabil_2012.wav
SENT-START pause fois pause SENT-END  ==  [47 frames] -77.7016 [Ac=-3652.0 LM=0.0] (Act=67.0)
File: Signaux/promo2012/fois_thomas_2012.wav
SENT-START pause fois pause SENT-END  ==  [44 frames] -57.5586 [Ac=-2532.6 LM=0.0] (Act=66.8)
File: Signaux/promo2012/huit_alban_2012.wav
SENT-START pause huit pause SENT-END  ==  [43 frames] -51.1112 [Ac=-2197.8 LM=0.0] (Act=66.7)
File: Signaux/promo2012/huit_brice_2012.wav
SENT-START pause huit pause SENT-END  ==  [71 frames] -50.3184 [Ac=-3572.6 LM=0.0] (Act=68.0)
File: Signaux/promo2012/huit_dominique_2012.wav
SENT-START pause huit pause SENT-END  ==  [44 frames] -58.6941 [Ac=-2582.5 LM=0.0] (Act=66.8)
File: Signaux/promo2012/huit_eric_2012.wav
SENT-START pause huit pause SENT-END  ==  [66 frames] -54.4140 [Ac=-3591.3 LM=0.0] (Act=67.9)
File: Signaux/promo2012/huit_etienne_2012.wav
SENT-START pause huit pause SENT-END  ==  [58 frames] -55.2065 [Ac=-3202.0 LM=0.0] (Act=67.6)
File: Signaux/promo2012/huit_gabrielides_2012.wav
SENT-START pause huit pause SENT-END  ==  [99 frames] -50.7944 [Ac=-5028.6 LM=0.0] (Act=68.6)
File: Signaux/promo2012/huit_hyliass_2012.wav
SENT-START pause huit pause SENT-END  ==  [62 frames] -76.9763 [Ac=-4772.5 LM=0.0] (Act=67.7)
File: Signaux/promo2012/huit_jean_2012.wav
SENT-START pause huit pause SENT-END  ==  [59 frames] -55.0864 [Ac=-3250.1 LM=0.0] (Act=67.6)
File: Signaux/promo2012/huit_nabil_2012.wav
SENT-START pause huit pause SENT-END  ==  [51 frames] -81.0642 [Ac=-4134.3 LM=0.0] (Act=67.2)
File: Signaux/promo2012/huit_thomas_2012.wav
SENT-START pause huit pause SENT-END  ==  [43 frames] -66.8515 [Ac=-2874.6 LM=0.0] (Act=66.7)
File: Signaux/promo2012/moins_alban_2012.wav
SENT-START pause moins pause SENT-END  ==  [35 frames] -50.9843 [Ac=-1784.4 LM=0.0] (Act=66.0)
File: Signaux/promo2012/moins_brice_2012.wav
SENT-START pause moins pause SENT-END  ==  [45 frames] -50.0460 [Ac=-2252.1 LM=0.0] (Act=66.9)
File: Signaux/promo2012/moins_dominique_2012.wav
SENT-START pause moins pause SENT-END  ==  [33 frames] -56.1045 [Ac=-1851.4 LM=0.0] (Act=65.7)
File: Signaux/promo2012/moins_eric_2012.wav
SENT-START pause moins pause SENT-END  ==  [33 frames] -58.9477 [Ac=-1945.3 LM=0.0] (Act=65.7)
File: Signaux/promo2012/moins_etienne_2012.wav
SENT-START pause moins pause SENT-END  ==  [35 frames] -55.0155 [Ac=-1925.5 LM=0.0] (Act=66.0)
File: Signaux/promo2012/moins_gabrielides_2012.wav
SENT-START pause moins pause SENT-END  ==  [37 frames] -51.0482 [Ac=-1888.8 LM=0.0] (Act=66.2)
File: Signaux/promo2012/moins_hyliass_2012.wav
SENT-START pause moins pause SENT-END  ==  [47 frames] -84.2206 [Ac=-3958.4 LM=0.0] (Act=67.0)
File: Signaux/promo2012/moins_jean_2012.wav
SENT-START pause moins pause SENT-END  ==  [48 frames] -51.9593 [Ac=-2494.0 LM=0.0] (Act=67.1)
File: Signaux/promo2012/moins_nabil_2012.wav
SENT-START pause moins pause SENT-END  ==  [51 frames] -72.1121 [Ac=-3677.7 LM=0.0] (Act=67.2)
File: Signaux/promo2012/moins_thomas_2012.wav
SENT-START pause moins pause SENT-END  ==  [27 frames] -61.5866 [Ac=-1662.8 LM=0.0] (Act=64.8)
File: Signaux/promo2012/multiplier_alban_2012.wav
SENT-START pause multiplier pause SENT-END  ==  [85 frames] -53.7625 [Ac=-4569.8 LM=0.0] (Act=68.3)
File: Signaux/promo2012/multiplier_brice_2012.wav
SENT-START pause multiplier pause SENT-END  ==  [101 frames] -54.5271 [Ac=-5507.2 LM=0.0] (Act=68.6)
File: Signaux/promo2012/multiplier_dominique_2012.wav
SENT-START pause multiplier pause SENT-END  ==  [70 frames] -56.1347 [Ac=-3929.4 LM=0.0] (Act=68.0)
File: Signaux/promo2012/multiplier_eric_2012.wav
SENT-START pause multiplier pause SENT-END  ==  [116 frames] -52.8668 [Ac=-6132.5 LM=0.0] (Act=68.8)
File: Signaux/promo2012/multiplier_etienne_2012.wav
SENT-START pause multiplier pause SENT-END  ==  [94 frames] -58.1834 [Ac=-5469.2 LM=0.0] (Act=68.5)
File: Signaux/promo2012/multiplier_gabrielides_2012.wav
SENT-START pause multiplier pause SENT-END  ==  [91 frames] -59.2988 [Ac=-5396.2 LM=0.0] (Act=68.5)
File: Signaux/promo2012/multiplier_hyliass_2012.wav
SENT-START pause multiplier pause SENT-END  ==  [89 frames] -76.0727 [Ac=-6770.5 LM=0.0] (Act=68.4)
File: Signaux/promo2012/multiplier_jean_2012.wav
SENT-START pause multiplier pause SENT-END  ==  [86 frames] -58.3603 [Ac=-5019.0 LM=0.0] (Act=68.4)
File: Signaux/promo2012/multiplier_nabil_2012.wav
SENT-START pause multiplier pause SENT-END  ==  [116 frames] -71.4809 [Ac=-8291.8 LM=0.0] (Act=68.8)
File: Signaux/promo2012/multiplier_thomas_2012.wav
SENT-START pause multiplier pause SENT-END  ==  [77 frames] -60.3646 [Ac=-4648.1 LM=0.0] (Act=68.2)
File: Signaux/promo2012/neuf_alban_2012.wav
SENT-START pause neuf pause SENT-END  ==  [36 frames] -51.8855 [Ac=-1867.9 LM=0.0] (Act=66.1)
File: Signaux/promo2012/neuf_brice_2012.wav
SENT-START pause neuf pause SENT-END  ==  [63 frames] -48.8341 [Ac=-3076.5 LM=0.0] (Act=67.8)
File: Signaux/promo2012/neuf_dominique_2012.wav
SENT-START pause neuf pause SENT-END  ==  [38 frames] -57.0768 [Ac=-2168.9 LM=0.0] (Act=66.3)
File: Signaux/promo2012/neuf_eric_2012.wav
SENT-START pause treize pause SENT-END  ==  [57 frames] -54.4543 [Ac=-3103.9 LM=0.0] (Act=67.5)
File: Signaux/promo2012/neuf_etienne_2012.wav
SENT-START pause neuf pause SENT-END  ==  [55 frames] -54.5222 [Ac=-2998.7 LM=0.0] (Act=67.4)
File: Signaux/promo2012/neuf_gabrielides_2012.wav
SENT-START pause neuf pause SENT-END  ==  [200 frames] -48.8806 [Ac=-9776.1 LM=0.0] (Act=69.3)
File: Signaux/promo2012/neuf_hyliass_2012.wav
SENT-START pause neuf pause SENT-END  ==  [58 frames] -86.5884 [Ac=-5022.1 LM=0.0] (Act=67.6)
File: Signaux/promo2012/neuf_jean_2012.wav
SENT-START pause neuf pause SENT-END  ==  [55 frames] -50.4447 [Ac=-2774.5 LM=0.0] (Act=67.4)
File: Signaux/promo2012/neuf_nabil_2012.wav
SENT-START pause neuf pause SENT-END  ==  [47 frames] -77.5414 [Ac=-3644.4 LM=0.0] (Act=67.0)
File: Signaux/promo2012/neuf_thomas_2012.wav
SENT-START pause neuf pause SENT-END  ==  [50 frames] -56.5169 [Ac=-2825.8 LM=0.0] (Act=67.2)
File: Signaux/promo2012/onze_alban_2012.wav
SENT-START pause vingt pause SENT-END  ==  [42 frames] -52.6077 [Ac=-2209.5 LM=0.0] (Act=66.6)
File: Signaux/promo2012/onze_brice_2012.wav
SENT-START pause onze pause SENT-END  ==  [55 frames] -56.5733 [Ac=-3111.5 LM=0.0] (Act=67.4)
File: Signaux/promo2012/onze_dominique_2012.wav
SENT-START pause onze pause SENT-END  ==  [41 frames] -58.0520 [Ac=-2380.1 LM=0.0] (Act=66.6)
File: Signaux/promo2012/onze_eric_2012.wav
SENT-START pause quinze pause SENT-END  ==  [64 frames] -53.3536 [Ac=-3414.6 LM=0.0] (Act=67.8)
File: Signaux/promo2012/onze_etienne_2012.wav
SENT-START pause onze pause SENT-END  ==  [54 frames] -55.8204 [Ac=-3014.3 LM=0.0] (Act=67.4)
File: Signaux/promo2012/onze_gabrielides_2012.wav
SENT-START pause onze pause SENT-END  ==  [115 frames] -49.0385 [Ac=-5639.4 LM=0.0] (Act=68.8)
File: Signaux/promo2012/onze_hyliass_2012.wav
SENT-START pause onze pause SENT-END  ==  [53 frames] -85.9103 [Ac=-4553.2 LM=0.0] (Act=67.3)
File: Signaux/promo2012/onze_jean_2012.wav
SENT-START pause onze pause SENT-END  ==  [66 frames] -57.2686 [Ac=-3779.7 LM=0.0] (Act=67.9)
File: Signaux/promo2012/onze_nabil_2012.wav
SENT-START pause onze pause SENT-END  ==  [62 frames] -82.0410 [Ac=-5086.5 LM=0.0] (Act=67.7)
File: Signaux/promo2012/onze_thomas_2012.wav
SENT-START pause onze pause SENT-END  ==  [54 frames] -57.6255 [Ac=-3111.8 LM=0.0] (Act=67.4)
File: Signaux/promo2012/par_alban_2012.wav
SENT-START pause vingt pause SENT-END  ==  [34 frames] -52.8334 [Ac=-1796.3 LM=0.0] (Act=65.9)
File: Signaux/promo2012/par_brice_2012.wav
SENT-START pause par pause SENT-END  ==  [43 frames] -56.8916 [Ac=-2446.3 LM=0.0] (Act=66.7)
File: Signaux/promo2012/par_dominique_2012.wav
SENT-START pause par pause SENT-END  ==  [39 frames] -53.1563 [Ac=-2073.1 LM=0.0] (Act=66.4)
File: Signaux/promo2012/par_eric_2012.wav
SENT-START pause par pause SENT-END  ==  [42 frames] -51.6154 [Ac=-2167.8 LM=0.0] (Act=66.6)
File: Signaux/promo2012/par_etienne_2012.wav
SENT-START pause par pause SENT-END  ==  [75 frames] -52.7028 [Ac=-3952.7 LM=0.0] (Act=68.1)
File: Signaux/promo2012/par_gabrielides_2012.wav
SENT-START pause par pause SENT-END  ==  [37 frames] -55.6500 [Ac=-2059.1 LM=0.0] (Act=66.2)
File: Signaux/promo2012/par_hyliass_2012.wav
SENT-START pause par pause SENT-END  ==  [24 frames] -90.7247 [Ac=-2177.4 LM=0.0] (Act=64.1)
File: Signaux/promo2012/par_jean_2012.wav
SENT-START pause par pause SENT-END  ==  [54 frames] -54.4063 [Ac=-2937.9 LM=0.0] (Act=67.4)
File: Signaux/promo2012/par_nabil_2012.wav
SENT-START pause par pause SENT-END  ==  [46 frames] -86.4924 [Ac=-3978.6 LM=0.0] (Act=66.9)
File: Signaux/promo2012/par_thomas_2012.wav
SENT-START pause par pause SENT-END  ==  [31 frames] -53.6129 [Ac=-1662.0 LM=0.0] (Act=65.5)
File: Signaux/promo2012/pause.wav
SENT-START pause et pause SENT-END  ==  [3872 frames] -39.4224 [Ac=-152643.5 LM=0.0] (Act=70.0)
File: Signaux/promo2012/plus_alban_2012.wav
SENT-START pause plus pause SENT-END  ==  [48 frames] -53.8610 [Ac=-2585.3 LM=0.0] (Act=67.1)
File: Signaux/promo2012/plus_brice_2012.wav
SENT-START pause plus pause SENT-END  ==  [67 frames] -56.1797 [Ac=-3764.0 LM=0.0] (Act=67.9)
File: Signaux/promo2012/plus_dominique_2012.wav
SENT-START pause plus pause SENT-END  ==  [47 frames] -55.4649 [Ac=-2606.9 LM=0.0] (Act=67.0)
File: Signaux/promo2012/plus_eric_2012.wav
SENT-START pause plus pause SENT-END  ==  [55 frames] -56.5583 [Ac=-3110.7 LM=0.0] (Act=67.4)
File: Signaux/promo2012/plus_etienne_2012.wav
SENT-START pause plus pause SENT-END  ==  [75 frames] -55.1749 [Ac=-4138.1 LM=0.0] (Act=68.1)
File: Signaux/promo2012/plus_gabrielides_2012.wav
SENT-START pause plus pause SENT-END  ==  [58 frames] -55.5109 [Ac=-3219.6 LM=0.0] (Act=67.6)
File: Signaux/promo2012/plus_hyliass_2012.wav
SENT-START pause plus pause SENT-END  ==  [55 frames] -83.8405 [Ac=-4611.2 LM=0.0] (Act=67.4)
File: Signaux/promo2012/plus_jean_2012.wav
SENT-START pause plus pause SENT-END  ==  [52 frames] -58.6193 [Ac=-3048.2 LM=0.0] (Act=67.3)
File: Signaux/promo2012/plus_nabil_2012.wav
SENT-START pause plus pause SENT-END  ==  [49 frames] -83.7559 [Ac=-4104.0 LM=0.0] (Act=67.1)
File: Signaux/promo2012/plus_thomas_2012.wav
SENT-START pause plus pause SENT-END  ==  [17 frames] -76.2336 [Ac=-1296.0 LM=0.0] (Act=61.7)
File: Signaux/promo2012/quarante_alban_2012.wav
SENT-START pause quarante pause SENT-END  ==  [70 frames] -54.2102 [Ac=-3794.7 LM=0.0] (Act=68.0)
File: Signaux/promo2012/quarante_brice_2012.wav
SENT-START pause quarante pause SENT-END  ==  [85 frames] -54.5063 [Ac=-4633.0 LM=0.0] (Act=68.3)
File: Signaux/promo2012/quarante_dominique_2012.wav
SENT-START pause quarante pause SENT-END  ==  [52 frames] -54.9476 [Ac=-2857.3 LM=0.0] (Act=67.3)
File: Signaux/promo2012/quarante_eric_2012.wav
SENT-START pause quarante pause SENT-END  ==  [70 frames] -59.1931 [Ac=-4143.5 LM=0.0] (Act=68.0)
File: Signaux/promo2012/quarante_etienne_2012.wav
SENT-START pause quarante pause SENT-END  ==  [75 frames] -57.5520 [Ac=-4316.4 LM=0.0] (Act=68.1)
File: Signaux/promo2012/quarante_gabrielides_2012.wav
SENT-START pause quarante pause SENT-END  ==  [94 frames] -53.7318 [Ac=-5050.8 LM=0.0] (Act=68.5)
File: Signaux/promo2012/quarante_hyliass_2012.wav
SENT-START pause quarante pause SENT-END  ==  [74 frames] -82.1241 [Ac=-6077.2 LM=0.0] (Act=68.1)
File: Signaux/promo2012/quarante_jean_2012.wav
SENT-START pause quarante pause SENT-END  ==  [68 frames] -54.5198 [Ac=-3707.3 LM=0.0] (Act=67.9)
File: Signaux/promo2012/quarante_nabil_2012.wav
SENT-START pause quarante pause SENT-END  ==  [82 frames] -79.1682 [Ac=-6491.8 LM=0.0] (Act=68.3)
File: Signaux/promo2012/quarante_thomas_2012.wav
SENT-START pause quarante pause SENT-END  ==  [63 frames] -59.3493 [Ac=-3739.0 LM=0.0] (Act=67.8)
File: Signaux/promo2012/quatorze_alban_2012.wav
SENT-START pause quatorze pause SENT-END  ==  [62 frames] -55.1549 [Ac=-3419.6 LM=0.0] (Act=67.7)
File: Signaux/promo2012/quatorze_brice_2012.wav
SENT-START pause quatorze pause SENT-END  ==  [68 frames] -55.3650 [Ac=-3764.8 LM=0.0] (Act=67.9)
File: Signaux/promo2012/quatorze_dominique_2012.wav
SENT-START pause quatorze pause SENT-END  ==  [62 frames] -57.4742 [Ac=-3563.4 LM=0.0] (Act=67.7)
File: Signaux/promo2012/quatorze_eric_2012.wav
SENT-START pause quatorze pause SENT-END  ==  [54 frames] -65.6538 [Ac=-3545.3 LM=0.0] (Act=67.4)
File: Signaux/promo2012/quatorze_etienne_2012.wav
SENT-START pause quatorze pause SENT-END  ==  [83 frames] -54.2804 [Ac=-4505.3 LM=0.0] (Act=68.3)
File: Signaux/promo2012/quatorze_gabrielides_2012.wav
SENT-START pause quatorze pause SENT-END  ==  [130 frames] -54.5709 [Ac=-7094.2 LM=0.0] (Act=68.9)
File: Signaux/promo2012/quatorze_hyliass_2012.wav
SENT-START pause quatorze pause SENT-END  ==  [63 frames] -83.7357 [Ac=-5275.3 LM=0.0] (Act=67.8)
File: Signaux/promo2012/quatorze_jean_2012.wav
SENT-START pause quatorze pause SENT-END  ==  [77 frames] -55.1943 [Ac=-4250.0 LM=0.0] (Act=68.2)
File: Signaux/promo2012/quatorze_nabil_2012.wav
SENT-START pause quatorze pause SENT-END  ==  [83 frames] -77.3943 [Ac=-6423.7 LM=0.0] (Act=68.3)
File: Signaux/promo2012/quatorze_thomas_2012.wav
SENT-START pause quatorze pause SENT-END  ==  [89 frames] -58.2356 [Ac=-5183.0 LM=0.0] (Act=68.4)
File: Signaux/promo2012/quatre_alban_2012.wav
SENT-START pause quatre pause SENT-END  ==  [37 frames] -55.8023 [Ac=-2064.7 LM=0.0] (Act=66.2)
File: Signaux/promo2012/quatre_brice_2012.wav
SENT-START pause quatre pause SENT-END  ==  [48 frames] -55.8526 [Ac=-2680.9 LM=0.0] (Act=67.1)
File: Signaux/promo2012/quatre_dominique_2012.wav
SENT-START pause quatre pause SENT-END  ==  [52 frames] -52.6218 [Ac=-2736.3 LM=0.0] (Act=67.3)
File: Signaux/promo2012/quatre_eric_2012.wav
SENT-START pause quatre pause SENT-END  ==  [51 frames] -57.5089 [Ac=-2933.0 LM=0.0] (Act=67.2)
File: Signaux/promo2012/quatre_etienne_2012.wav
SENT-START pause quatre pause SENT-END  ==  [57 frames] -55.2152 [Ac=-3147.3 LM=0.0] (Act=67.5)
File: Signaux/promo2012/quatre_gabrielides_2012.wav
SENT-START pause quatre pause SENT-END  ==  [61 frames] -53.3655 [Ac=-3255.3 LM=0.0] (Act=67.7)
File: Signaux/promo2012/quatre_hyliass_2012.wav
SENT-START pause quatre pause SENT-END  ==  [47 frames] -85.9516 [Ac=-4039.7 LM=0.0] (Act=67.0)
File: Signaux/promo2012/quatre_jean_2012.wav
SENT-START pause quatre pause SENT-END  ==  [39 frames] -58.6483 [Ac=-2287.3 LM=0.0] (Act=66.4)
File: Signaux/promo2012/quatre_nabil_2012.wav
SENT-START pause quatre pause SENT-END  ==  [43 frames] -81.1506 [Ac=-3489.5 LM=0.0] (Act=66.7)
File: Signaux/promo2012/quatre_thomas_2012.wav
SENT-START pause quatre pause SENT-END  ==  [18 frames] -62.6398 [Ac=-1127.5 LM=0.0] (Act=62.2)
File: Signaux/promo2012/quinze_alban_2012.wav
SENT-START pause quinze pause SENT-END  ==  [48 frames] -54.9166 [Ac=-2636.0 LM=0.0] (Act=67.1)
File: Signaux/promo2012/quinze_brice_2012.wav
SENT-START pause quarante pause SENT-END  ==  [56 frames] -57.9742 [Ac=-3246.6 LM=0.0] (Act=67.5)
File: Signaux/promo2012/quinze_dominique_2012.wav
SENT-START pause quinze pause SENT-END  ==  [47 frames] -53.2177 [Ac=-2501.2 LM=0.0] (Act=67.0)
File: Signaux/promo2012/quinze_eric_2012.wav
SENT-START pause quinze pause SENT-END  ==  [61 frames] -60.4781 [Ac=-3689.2 LM=0.0] (Act=67.7)
File: Signaux/promo2012/quinze_etienne_2012.wav
SENT-START pause quinze pause SENT-END  ==  [73 frames] -53.9343 [Ac=-3937.2 LM=0.0] (Act=68.1)
File: Signaux/promo2012/quinze_gabrielides_2012.wav
SENT-START pause quinze pause SENT-END  ==  [113 frames] -51.7201 [Ac=-5844.4 LM=0.0] (Act=68.8)
File: Signaux/promo2012/quinze_hyliass_2012.wav
SENT-START pause quarante pause SENT-END  ==  [44 frames] -94.8016 [Ac=-4171.3 LM=0.0] (Act=66.8)
File: Signaux/promo2012/quinze_jean_2012.wav
SENT-START pause quinze pause SENT-END  ==  [69 frames] -52.2361 [Ac=-3604.3 LM=0.0] (Act=68.0)
File: Signaux/promo2012/quinze_nabil_2012.wav
SENT-START pause quinze pause SENT-END  ==  [66 frames] -87.8630 [Ac=-5799.0 LM=0.0] (Act=67.9)
File: Signaux/promo2012/quinze_thomas_2012.wav
SENT-START pause quinze pause SENT-END  ==  [69 frames] -53.6866 [Ac=-3704.4 LM=0.0] (Act=68.0)
File: Signaux/promo2012/seize_alban_2012.wav
SENT-START pause seize pause SENT-END  ==  [58 frames] -54.4148 [Ac=-3156.1 LM=0.0] (Act=67.6)
File: Signaux/promo2012/seize_brice_2012.wav
SENT-START pause deux pause SENT-END  ==  [63 frames] -54.0468 [Ac=-3405.0 LM=0.0] (Act=67.8)
File: Signaux/promo2012/seize_dominique_2012.wav
SENT-START pause seize pause SENT-END  ==  [60 frames] -57.0863 [Ac=-3425.2 LM=0.0] (Act=67.7)
File: Signaux/promo2012/seize_eric_2012.wav
SENT-START pause seize pause SENT-END  ==  [65 frames] -59.4666 [Ac=-3865.3 LM=0.0] (Act=67.8)
File: Signaux/promo2012/seize_etienne_2012.wav
SENT-START pause seize pause SENT-END  ==  [81 frames] -56.0891 [Ac=-4543.2 LM=0.0] (Act=68.3)
File: Signaux/promo2012/seize_gabrielides_2012.wav
SENT-START pause seize pause SENT-END  ==  [116 frames] -54.0543 [Ac=-6270.3 LM=0.0] (Act=68.8)
File: Signaux/promo2012/seize_hyliass_2012.wav
SENT-START pause seize pause SENT-END  ==  [54 frames] -81.4153 [Ac=-4396.4 LM=0.0] (Act=67.4)
File: Signaux/promo2012/seize_jean_2012.wav
SENT-START pause seize pause SENT-END  ==  [72 frames] -55.0637 [Ac=-3964.6 LM=0.0] (Act=68.0)
File: Signaux/promo2012/seize_nabil_2012.wav
SENT-START pause seize pause SENT-END  ==  [62 frames] -80.3673 [Ac=-4982.8 LM=0.0] (Act=67.7)
File: Signaux/promo2012/seize_thomas_2012.wav
SENT-START pause seize pause SENT-END  ==  [64 frames] -56.7723 [Ac=-3633.4 LM=0.0] (Act=67.8)
File: Signaux/promo2012/sept_alban_2012.wav
SENT-START pause sept pause SENT-END  ==  [38 frames] -54.6118 [Ac=-2075.2 LM=0.0] (Act=66.3)
File: Signaux/promo2012/sept_brice_2012.wav
SENT-START pause sept pause SENT-END  ==  [79 frames] -52.9689 [Ac=-4184.5 LM=0.0] (Act=68.2)
File: Signaux/promo2012/sept_dominique_2012.wav
SENT-START pause sept pause SENT-END  ==  [40 frames] -54.8849 [Ac=-2195.4 LM=0.0] (Act=66.5)
File: Signaux/promo2012/sept_eric_2012.wav
SENT-START pause sept pause SENT-END  ==  [51 frames] -62.0857 [Ac=-3166.4 LM=0.0] (Act=67.2)
File: Signaux/promo2012/sept_etienne_2012.wav
SENT-START pause sept pause SENT-END  ==  [74 frames] -54.9466 [Ac=-4066.0 LM=0.0] (Act=68.1)
File: Signaux/promo2012/sept_gabrielides_2012.wav
SENT-START pause sept pause SENT-END  ==  [69 frames] -56.7334 [Ac=-3914.6 LM=0.0] (Act=68.0)
File: Signaux/promo2012/sept_hyliass_2012.wav
SENT-START pause sept pause SENT-END  ==  [65 frames] -81.2331 [Ac=-5280.2 LM=0.0] (Act=67.8)
File: Signaux/promo2012/sept_jean_2012.wav
SENT-START pause sept pause SENT-END  ==  [55 frames] -58.0839 [Ac=-3194.6 LM=0.0] (Act=67.4)
File: Signaux/promo2012/sept_nabil_2012.wav
SENT-START pause sept pause SENT-END  ==  [56 frames] -87.7526 [Ac=-4914.1 LM=0.0] (Act=67.5)
File: Signaux/promo2012/sept_thomas_2012.wav
SENT-START pause sept pause SENT-END  ==  [73 frames] -54.1289 [Ac=-3951.4 LM=0.0] (Act=68.1)
File: Signaux/promo2012/six_alban_2012.wav
SENT-START pause six pause SENT-END  ==  [46 frames] -55.1072 [Ac=-2534.9 LM=0.0] (Act=66.9)
File: Signaux/promo2012/six_brice_2012.wav
SENT-START pause six pause SENT-END  ==  [65 frames] -54.1765 [Ac=-3521.5 LM=0.0] (Act=67.8)
File: Signaux/promo2012/six_dominique_2012.wav
SENT-START pause six pause SENT-END  ==  [44 frames] -53.3048 [Ac=-2345.4 LM=0.0] (Act=66.8)
File: Signaux/promo2012/six_eric_2012.wav
SENT-START pause six pause SENT-END  ==  [74 frames] -53.2004 [Ac=-3936.8 LM=0.0] (Act=68.1)
File: Signaux/promo2012/six_etienne_2012.wav
SENT-START pause six pause SENT-END  ==  [76 frames] -55.6788 [Ac=-4231.6 LM=0.0] (Act=68.1)
File: Signaux/promo2012/six_gabrielides_2012.wav
SENT-START pause six pause SENT-END  ==  [100 frames] -54.8934 [Ac=-5489.3 LM=0.0] (Act=68.6)
File: Signaux/promo2012/six_hyliass_2012.wav
SENT-START pause six pause SENT-END  ==  [71 frames] -84.8018 [Ac=-6020.9 LM=0.0] (Act=68.0)
File: Signaux/promo2012/six_jean_2012.wav
SENT-START pause six pause SENT-END  ==  [61 frames] -58.5156 [Ac=-3569.5 LM=0.0] (Act=67.7)
File: Signaux/promo2012/six_nabil_2012.wav
SENT-START pause six pause SENT-END  ==  [52 frames] -77.8270 [Ac=-4047.0 LM=0.0] (Act=67.3)
File: Signaux/promo2012/six_thomas_2012.wav
SENT-START pause six pause SENT-END  ==  [69 frames] -57.4533 [Ac=-3964.3 LM=0.0] (Act=68.0)
File: Signaux/promo2012/soixante_alban_2012.wav
SENT-START pause soixante pause SENT-END  ==  [76 frames] -59.0015 [Ac=-4484.1 LM=0.0] (Act=68.1)
File: Signaux/promo2012/soixante_brice_2012.wav
SENT-START pause soixante pause SENT-END  ==  [104 frames] -55.6827 [Ac=-5791.0 LM=0.0] (Act=68.6)
File: Signaux/promo2012/soixante_dominique_2012.wav
SENT-START pause soixante pause SENT-END  ==  [80 frames] -60.2336 [Ac=-4818.7 LM=0.0] (Act=68.2)
File: Signaux/promo2012/soixante_eric_2012.wav
SENT-START pause soixante pause SENT-END  ==  [88 frames] -56.8471 [Ac=-5002.5 LM=0.0] (Act=68.4)
File: Signaux/promo2012/soixante_etienne_2012.wav
SENT-START pause soixante pause SENT-END  ==  [68 frames] -60.1406 [Ac=-4089.6 LM=0.0] (Act=67.9)
File: Signaux/promo2012/soixante_gabrielides_2012.wav
SENT-START pause soixante pause SENT-END  ==  [112 frames] -60.6671 [Ac=-6794.7 LM=0.0] (Act=68.7)
File: Signaux/promo2012/soixante_hyliass_2012.wav
SENT-START pause soixante pause SENT-END  ==  [90 frames] -82.6250 [Ac=-7436.2 LM=0.0] (Act=68.4)
File: Signaux/promo2012/soixante_jean_2012.wav
SENT-START pause soixante pause SENT-END  ==  [71 frames] -59.8605 [Ac=-4250.1 LM=0.0] (Act=68.0)
File: Signaux/promo2012/soixante_nabil_2012.wav
SENT-START pause soixante pause SENT-END  ==  [88 frames] -79.8242 [Ac=-7024.5 LM=0.0] (Act=68.4)
File: Signaux/promo2012/soixante_thomas_2012.wav
SENT-START pause soixante pause SENT-END  ==  [81 frames] -57.3199 [Ac=-4642.9 LM=0.0] (Act=68.3)
File: Signaux/promo2012/sur_alban_2012.wav
SENT-START pause sur pause SENT-END  ==  [41 frames] -55.9451 [Ac=-2293.7 LM=0.0] (Act=66.6)
File: Signaux/promo2012/sur_brice_2012.wav
SENT-START pause sur pause SENT-END  ==  [48 frames] -56.7901 [Ac=-2725.9 LM=0.0] (Act=67.1)
File: Signaux/promo2012/sur_dominique_2012.wav
SENT-START pause sur pause SENT-END  ==  [46 frames] -61.9798 [Ac=-2851.1 LM=0.0] (Act=66.9)
File: Signaux/promo2012/sur_eric_2012.wav
SENT-START pause sur pause SENT-END  ==  [47 frames] -59.2882 [Ac=-2786.5 LM=0.0] (Act=67.0)
File: Signaux/promo2012/sur_etienne_2012.wav
SENT-START pause sur pause SENT-END  ==  [102 frames] -52.4269 [Ac=-5347.5 LM=0.0] (Act=68.6)
File: Signaux/promo2012/sur_gabrielides_2012.wav
SENT-START pause sur pause SENT-END  ==  [48 frames] -60.1428 [Ac=-2886.9 LM=0.0] (Act=67.1)
File: Signaux/promo2012/sur_hyliass_2012.wav
SENT-START pause sur pause SENT-END  ==  [61 frames] -60.2923 [Ac=-3677.8 LM=0.0] (Act=67.7)
File: Signaux/promo2012/sur_jean_2012.wav
SENT-START pause sur pause SENT-END  ==  [62 frames] -57.8863 [Ac=-3589.0 LM=0.0] (Act=67.7)
File: Signaux/promo2012/sur_nabil_2012.wav
SENT-START pause douze pause SENT-END  ==  [51 frames] -88.7647 [Ac=-4527.0 LM=0.0] (Act=67.2)
File: Signaux/promo2012/sur_thomas_2012.wav
SENT-START pause sur pause SENT-END  ==  [50 frames] -60.1841 [Ac=-3009.2 LM=0.0] (Act=67.2)
File: Signaux/promo2012/treize_alban_2012.wav
SENT-START pause treize pause SENT-END  ==  [52 frames] -54.4596 [Ac=-2831.9 LM=0.0] (Act=67.3)
File: Signaux/promo2012/treize_brice_2012.wav
SENT-START pause treize pause SENT-END  ==  [56 frames] -52.9338 [Ac=-2964.3 LM=0.0] (Act=67.5)
File: Signaux/promo2012/treize_dominique_2012.wav
SENT-START pause treize pause SENT-END  ==  [37 frames] -55.7705 [Ac=-2063.5 LM=0.0] (Act=66.2)
File: Signaux/promo2012/treize_eric_2012.wav
SENT-START pause treize pause SENT-END  ==  [56 frames] -56.0104 [Ac=-3136.6 LM=0.0] (Act=67.5)
File: Signaux/promo2012/treize_etienne_2012.wav
SENT-START pause treize pause SENT-END  ==  [80 frames] -51.2131 [Ac=-4097.0 LM=0.0] (Act=68.2)
File: Signaux/promo2012/treize_gabrielides_2012.wav
SENT-START pause treize pause SENT-END  ==  [112 frames] -49.4756 [Ac=-5541.3 LM=0.0] (Act=68.7)
File: Signaux/promo2012/treize_hyliass_2012.wav
SENT-START pause treize pause SENT-END  ==  [49 frames] -80.7011 [Ac=-3954.4 LM=0.0] (Act=67.1)
File: Signaux/promo2012/treize_jean_2012.wav
SENT-START pause treize pause SENT-END  ==  [61 frames] -54.9632 [Ac=-3352.8 LM=0.0] (Act=67.7)
File: Signaux/promo2012/treize_nabil_2012.wav
SENT-START pause treize pause SENT-END  ==  [67 frames] -69.8580 [Ac=-4680.5 LM=0.0] (Act=67.9)
File: Signaux/promo2012/treize_thomas_2012.wav
SENT-START pause treize pause SENT-END  ==  [53 frames] -58.8383 [Ac=-3118.4 LM=0.0] (Act=67.3)
File: Signaux/promo2012/trente_alban_2012.wav
SENT-START pause trente pause SENT-END  ==  [56 frames] -54.3102 [Ac=-3041.4 LM=0.0] (Act=67.5)
File: Signaux/promo2012/trente_brice_2012.wav
SENT-START pause trente pause SENT-END  ==  [78 frames] -53.9569 [Ac=-4208.6 LM=0.0] (Act=68.2)
File: Signaux/promo2012/trente_dominique_2012.wav
SENT-START pause trente pause SENT-END  ==  [45 frames] -58.1443 [Ac=-2616.5 LM=0.0] (Act=66.9)
File: Signaux/promo2012/trente_eric_2012.wav
SENT-START pause trente pause SENT-END  ==  [67 frames] -55.9490 [Ac=-3748.6 LM=0.0] (Act=67.9)
File: Signaux/promo2012/trente_etienne_2012.wav
SENT-START pause trente pause SENT-END  ==  [64 frames] -56.3197 [Ac=-3604.5 LM=0.0] (Act=67.8)
File: Signaux/promo2012/trente_gabrielides_2012.wav
SENT-START pause trente pause SENT-END  ==  [57 frames] -53.2130 [Ac=-3033.1 LM=0.0] (Act=67.5)
File: Signaux/promo2012/trente_hyliass_2012.wav
SENT-START pause trente pause SENT-END  ==  [53 frames] -89.8250 [Ac=-4760.7 LM=0.0] (Act=67.3)
File: Signaux/promo2012/trente_jean_2012.wav
SENT-START pause trente pause SENT-END  ==  [54 frames] -56.3447 [Ac=-3042.6 LM=0.0] (Act=67.4)
File: Signaux/promo2012/trente_nabil_2012.wav
SENT-START pause trente pause SENT-END  ==  [60 frames] -79.4237 [Ac=-4765.4 LM=0.0] (Act=67.7)
File: Signaux/promo2012/trente_thomas_2012.wav
SENT-START pause trente pause SENT-END  ==  [59 frames] -54.6732 [Ac=-3225.7 LM=0.0] (Act=67.6)
File: Signaux/promo2012/trois_alban_2012.wav
SENT-START pause trois pause SENT-END  ==  [47 frames] -54.8436 [Ac=-2577.6 LM=0.0] (Act=67.0)
File: Signaux/promo2012/trois_brice_2012.wav
SENT-START pause trois pause SENT-END  ==  [24 frames] -59.2207 [Ac=-1421.3 LM=0.0] (Act=64.1)
File: Signaux/promo2012/trois_dominique_2012.wav
SENT-START pause trois pause SENT-END  ==  [47 frames] -53.5969 [Ac=-2519.1 LM=0.0] (Act=67.0)
File: Signaux/promo2012/trois_eric_2012.wav
SENT-START pause trois pause SENT-END  ==  [35 frames] -56.5668 [Ac=-1979.8 LM=0.0] (Act=66.0)
File: Signaux/promo2012/trois_etienne_2012.wav
SENT-START pause trois pause SENT-END  ==  [58 frames] -56.7868 [Ac=-3293.6 LM=0.0] (Act=67.6)
File: Signaux/promo2012/trois_gabrielides_2012.wav
SENT-START pause trois pause SENT-END  ==  [43 frames] -56.0480 [Ac=-2410.1 LM=0.0] (Act=66.7)
File: Signaux/promo2012/trois_hyliass_2012.wav
SENT-START pause trois pause SENT-END  ==  [34 frames] -93.9270 [Ac=-3193.5 LM=0.0] (Act=65.9)
File: Signaux/promo2012/trois_jean_2012.wav
SENT-START pause trois pause SENT-END  ==  [49 frames] -57.5243 [Ac=-2818.7 LM=0.0] (Act=67.1)
File: Signaux/promo2012/trois_nabil_2012.wav
SENT-START pause trois pause SENT-END  ==  [36 frames] -86.7865 [Ac=-3124.3 LM=0.0] (Act=66.1)
File: Signaux/promo2012/trois_thomas_2012.wav
SENT-START pause trois pause SENT-END  ==  [33 frames] -63.7239 [Ac=-2102.9 LM=0.0] (Act=65.7)
File: Signaux/promo2012/un_alban_2012.wav
SENT-START pause quatre pause SENT-END  ==  [22 frames] -57.9245 [Ac=-1274.3 LM=0.0] (Act=63.6)
File: Signaux/promo2012/un_brice_2012.wav
SENT-START pause cinquante pause SENT-END  ==  [23 frames] -65.9596 [Ac=-1517.1 LM=0.0] (Act=63.9)
File: Signaux/promo2012/un_dominique_2012.wav
SENT-START pause cinq pause SENT-END  ==  [26 frames] -61.4415 [Ac=-1597.5 LM=0.0] (Act=64.6)
File: Signaux/promo2012/un_eric_2012.wav
SENT-START pause quarante pause SENT-END  ==  [39 frames] -57.2984 [Ac=-2234.6 LM=0.0] (Act=66.4)
File: Signaux/promo2012/un_etienne_2012.wav
SENT-START pause cinq pause SENT-END  ==  [14 frames] -67.0861 [Ac=-939.2 LM=0.0] (Act=59.9)
File: Signaux/promo2012/un_gabrielides_2012.wav
SENT-START pause quinze pause SENT-END  ==  [27 frames] -61.9046 [Ac=-1671.4 LM=0.0] (Act=64.8)
File: Signaux/promo2012/un_hyliass_2012.wav
SENT-START pause cinq pause SENT-END  ==  [26 frames] -79.3429 [Ac=-2062.9 LM=0.0] (Act=64.6)
File: Signaux/promo2012/un_jean_2012.wav
SENT-START pause quinze pause SENT-END  ==  [28 frames] -61.0258 [Ac=-1708.7 LM=0.0] (Act=65.0)
File: Signaux/promo2012/un_nabil_2012.wav
SENT-START pause onze pause SENT-END  ==  [22 frames] -87.7022 [Ac=-1929.4 LM=0.0] (Act=63.6)
File: Signaux/promo2012/un_thomas_2012.wav
SENT-START pause quinze pause SENT-END  ==  [26 frames] -60.3754 [Ac=-1569.8 LM=0.0] (Act=64.6)
File: Signaux/promo2012/vingt_alban_2012.wav
SENT-START pause vingt pause SENT-END  ==  [44 frames] -54.6548 [Ac=-2404.8 LM=0.0] (Act=66.8)
File: Signaux/promo2012/vingt_brice_2012.wav
SENT-START pause quatorze pause SENT-END  ==  [42 frames] -54.7064 [Ac=-2297.7 LM=0.0] (Act=66.6)
File: Signaux/promo2012/vingt_dominique_2012.wav
SENT-START pause par pause SENT-END  ==  [22 frames] -58.5268 [Ac=-1287.6 LM=0.0] (Act=63.6)
File: Signaux/promo2012/vingt_eric_2012.wav
SENT-START pause cinquante pause SENT-END  ==  [29 frames] -60.9529 [Ac=-1767.6 LM=0.0] (Act=65.1)
File: Signaux/promo2012/vingt_etienne_2012.wav
SENT-START pause moins pause SENT-END  ==  [26 frames] -60.1515 [Ac=-1563.9 LM=0.0] (Act=64.6)
File: Signaux/promo2012/vingt_gabrielides_2012.wav
SENT-START pause vingt pause SENT-END  ==  [143 frames] -45.9641 [Ac=-6572.9 LM=0.0] (Act=69.0)
File: Signaux/promo2012/vingt_hyliass_2012.wav
SENT-START pause vingt pause SENT-END  ==  [60 frames] -78.5133 [Ac=-4710.8 LM=0.0] (Act=67.7)
File: Signaux/promo2012/vingt_jean_2012.wav
SENT-START pause vingt pause SENT-END  ==  [58 frames] -54.4345 [Ac=-3157.2 LM=0.0] (Act=67.6)
File: Signaux/promo2012/vingt_nabil_2012.wav
SENT-START pause vingt pause SENT-END  ==  [47 frames] -73.9888 [Ac=-3477.5 LM=0.0] (Act=67.0)
File: Signaux/promo2012/vingt_thomas_2012.wav
SENT-START pause vingt pause SENT-END  ==  [62 frames] -57.0072 [Ac=-3534.4 LM=0.0] (Act=67.7)
File: Signaux/promo2012/zero_alban_2012.wav
SENT-START pause zero pause SENT-END  ==  [67 frames] -54.4959 [Ac=-3651.2 LM=0.0] (Act=67.9)
File: Signaux/promo2012/zero_brice_2012.wav
SENT-START pause zero pause SENT-END  ==  [50 frames] -60.5923 [Ac=-3029.6 LM=0.0] (Act=67.2)
File: Signaux/promo2012/zero_dominique_2012.wav
SENT-START pause zero pause SENT-END  ==  [66 frames] -52.4439 [Ac=-3461.3 LM=0.0] (Act=67.9)
File: Signaux/promo2012/zero_eric_2012.wav
SENT-START pause zero pause SENT-END  ==  [70 frames] -52.7231 [Ac=-3690.6 LM=0.0] (Act=68.0)
File: Signaux/promo2012/zero_etienne_2012.wav
SENT-START pause zero pause SENT-END  ==  [61 frames] -58.4583 [Ac=-3566.0 LM=0.0] (Act=67.7)
File: Signaux/promo2012/zero_gabrielides_2012.wav
SENT-START pause zero pause SENT-END  ==  [60 frames] -57.6975 [Ac=-3461.8 LM=0.0] (Act=67.7)
File: Signaux/promo2012/zero_hyliass_2012.wav
SENT-START pause zero pause SENT-END  ==  [42 frames] -81.3698 [Ac=-3417.5 LM=0.0] (Act=66.6)
File: Signaux/promo2012/zero_jean_2012.wav
SENT-START pause zero pause SENT-END  ==  [60 frames] -55.3722 [Ac=-3322.3 LM=0.0] (Act=67.7)
File: Signaux/promo2012/zero_nabil_2012.wav
SENT-START pause zero pause SENT-END  ==  [48 frames] -81.2454 [Ac=-3899.8 LM=0.0] (Act=67.1)
File: Signaux/promo2012/zero_thomas_2012.wav
SENT-START pause zero pause SENT-END  ==  [52 frames] -59.2368 [Ac=-3080.3 LM=0.0] (Act=67.3)
