HVite -T 1 -C Modeles/htk.conf -A -w Modeles/grammaire.htk -d Modeles/appris/ -l Resultats/ -S Listes/wav.all.lst Modeles/dictionnaire Modeles/liste-mots 
Read 32 physical / 32 logical HMMs
Read lattice with 38 nodes / 99 arcs
Created network with 73 nodes / 134 links
File: Signaux/promo2012/cinq_alban_2012.wav
SENT-START cinq SENT-END  ==  [53 frames] -50.5278 [Ac=-2678.0 LM=0.0] (Act=68.1)
File: Signaux/promo2012/cinq_brice_2012.wav
SENT-START cinq SENT-END  ==  [51 frames] -56.2111 [Ac=-2866.8 LM=0.0] (Act=68.0)
File: Signaux/promo2012/cinq_dominique_2012.wav
SENT-START cinq SENT-END  ==  [50 frames] -57.0920 [Ac=-2854.6 LM=0.0] (Act=68.0)
File: Signaux/promo2012/cinq_eric_2012.wav
SENT-START quarante SENT-END  ==  [53 frames] -50.8613 [Ac=-2695.6 LM=0.0] (Act=68.1)
File: Signaux/promo2012/cinq_etienne_2012.wav
SENT-START cinq pause SENT-END  ==  [65 frames] -54.4222 [Ac=-3537.4 LM=0.0] (Act=68.4)
File: Signaux/promo2012/cinq_gabrielides_2012.wav
SENT-START cinquante pause SENT-END  ==  [76 frames] -60.1477 [Ac=-4571.2 LM=0.0] (Act=68.7)
File: Signaux/promo2012/cinq_hyliass_2012.wav
SENT-START cinq SENT-END  ==  [50 frames] -75.9208 [Ac=-3796.0 LM=0.0] (Act=68.0)
File: Signaux/promo2012/cinq_jean_2012.wav
SENT-START pause cinq SENT-END  ==  [59 frames] -53.7295 [Ac=-3170.0 LM=0.0] (Act=68.3)
File: Signaux/promo2012/cinq_nabil_2012.wav
SENT-START cinq SENT-END  ==  [60 frames] -75.6988 [Ac=-4541.9 LM=0.0] (Act=68.3)
File: Signaux/promo2012/cinq_thomas_2012.wav
SENT-START cinq SENT-END  ==  [53 frames] -59.0903 [Ac=-3131.8 LM=0.0] (Act=68.1)
File: Signaux/promo2012/cinquante_alban_2012.wav
SENT-START pause cinquante SENT-END  ==  [75 frames] -55.0857 [Ac=-4131.4 LM=0.0] (Act=68.7)
File: Signaux/promo2012/cinquante_brice_2012.wav
SENT-START cinquante pause SENT-END  ==  [119 frames] -50.3430 [Ac=-5990.8 LM=0.0] (Act=69.2)
File: Signaux/promo2012/cinquante_dominique_2012.wav
SENT-START cinquante SENT-END  ==  [61 frames] -56.5168 [Ac=-3447.5 LM=0.0] (Act=68.3)
File: Signaux/promo2012/cinquante_eric_2012.wav
SENT-START cinquante SENT-END  ==  [110 frames] -53.3967 [Ac=-5873.6 LM=0.0] (Act=69.1)
File: Signaux/promo2012/cinquante_etienne_2012.wav
SENT-START cinquante SENT-END  ==  [86 frames] -55.2469 [Ac=-4751.2 LM=0.0] (Act=68.8)
File: Signaux/promo2012/cinquante_gabrielides_2012.wav
SENT-START pause cinquante SENT-END  ==  [122 frames] -54.5633 [Ac=-6656.7 LM=0.0] (Act=69.2)
File: Signaux/promo2012/cinquante_hyliass_2012.wav
SENT-START quatorze SENT-END  ==  [95 frames] -79.9903 [Ac=-7599.1 LM=0.0] (Act=68.9)
File: Signaux/promo2012/cinquante_jean_2012.wav
SENT-START cinquante SENT-END  ==  [61 frames] -56.6182 [Ac=-3453.7 LM=0.0] (Act=68.3)
File: Signaux/promo2012/cinquante_nabil_2012.wav
SENT-START quarante SENT-END  ==  [94 frames] -76.9125 [Ac=-7229.8 LM=0.0] (Act=68.9)
File: Signaux/promo2012/cinquante_thomas_2012.wav
SENT-START cinquante SENT-END  ==  [61 frames] -57.2768 [Ac=-3493.9 LM=0.0] (Act=68.3)
File: Signaux/promo2012/deux_alban_2012.wav
SENT-START deux pause SENT-END  ==  [24 frames] -57.8404 [Ac=-1388.2 LM=0.0] (Act=65.8)
File: Signaux/promo2012/deux_brice_2012.wav
SENT-START deux SENT-END  ==  [30 frames] -53.2681 [Ac=-1598.0 LM=0.0] (Act=66.6)
File: Signaux/promo2012/deux_dominique_2012.wav
SENT-START deux pause SENT-END  ==  [34 frames] -54.6298 [Ac=-1857.4 LM=0.0] (Act=67.0)
File: Signaux/promo2012/deux_eric_2012.wav
SENT-START deux pause SENT-END  ==  [37 frames] -58.0453 [Ac=-2147.7 LM=0.0] (Act=67.3)
File: Signaux/promo2012/deux_etienne_2012.wav
SENT-START pause deux SENT-END  ==  [41 frames] -52.5407 [Ac=-2154.2 LM=0.0] (Act=67.5)
File: Signaux/promo2012/deux_gabrielides_2012.wav
SENT-START pause deux SENT-END  ==  [42 frames] -52.8113 [Ac=-2218.1 LM=0.0] (Act=67.6)
File: Signaux/promo2012/deux_hyliass_2012.wav
SENT-START deux SENT-END  ==  [42 frames] -53.7585 [Ac=-2257.9 LM=0.0] (Act=67.6)
File: Signaux/promo2012/deux_jean_2012.wav
SENT-START pause deux SENT-END  ==  [41 frames] -50.3554 [Ac=-2064.6 LM=0.0] (Act=67.5)
File: Signaux/promo2012/deux_nabil_2012.wav
SENT-START douze SENT-END  ==  [26 frames] -66.2152 [Ac=-1721.6 LM=0.0] (Act=66.1)
File: Signaux/promo2012/deux_thomas_2012.wav
SENT-START deux SENT-END  ==  [26 frames] -60.7276 [Ac=-1578.9 LM=0.0] (Act=66.1)
File: Signaux/promo2012/diviser_alban_2012.wav
SENT-START diviser pause SENT-END  ==  [55 frames] -50.8936 [Ac=-2799.1 LM=0.0] (Act=68.2)
File: Signaux/promo2012/diviser_brice_2012.wav
SENT-START diviser SENT-END  ==  [99 frames] -51.6149 [Ac=-5109.9 LM=0.0] (Act=69.0)
File: Signaux/promo2012/diviser_dominique_2012.wav
SENT-START diviser SENT-END  ==  [65 frames] -47.9312 [Ac=-3115.5 LM=0.0] (Act=68.4)
File: Signaux/promo2012/diviser_eric_2012.wav
SENT-START pause diviser pause SENT-END  ==  [95 frames] -51.8981 [Ac=-4930.3 LM=0.0] (Act=68.9)
File: Signaux/promo2012/diviser_etienne_2012.wav
SENT-START diviser SENT-END  ==  [63 frames] -51.3444 [Ac=-3234.7 LM=0.0] (Act=68.4)
File: Signaux/promo2012/diviser_gabrielides_2012.wav
SENT-START diviser SENT-END  ==  [72 frames] -55.7042 [Ac=-4010.7 LM=0.0] (Act=68.6)
File: Signaux/promo2012/diviser_hyliass_2012.wav
SENT-START diviser SENT-END  ==  [81 frames] -66.9345 [Ac=-5421.7 LM=0.0] (Act=68.8)
File: Signaux/promo2012/diviser_jean_2012.wav
SENT-START diviser SENT-END  ==  [79 frames] -52.4426 [Ac=-4143.0 LM=0.0] (Act=68.7)
File: Signaux/promo2012/diviser_nabil_2012.wav
SENT-START diviser SENT-END  ==  [93 frames] -64.9873 [Ac=-6043.8 LM=0.0] (Act=68.9)
File: Signaux/promo2012/diviser_thomas_2012.wav
SENT-START diviser SENT-END  ==  [45 frames] -54.2104 [Ac=-2439.5 LM=0.0] (Act=67.8)
File: Signaux/promo2012/dix_alban_2012.wav
SENT-START six SENT-END  ==  [57 frames] -48.8949 [Ac=-2787.0 LM=0.0] (Act=68.2)
File: Signaux/promo2012/dix_brice_2012.wav
SENT-START dix SENT-END  ==  [66 frames] -54.1994 [Ac=-3577.2 LM=0.0] (Act=68.5)
File: Signaux/promo2012/dix_dominique_2012.wav
SENT-START dix SENT-END  ==  [48 frames] -55.1008 [Ac=-2644.8 LM=0.0] (Act=67.9)
File: Signaux/promo2012/dix_eric_2012.wav
SENT-START dix SENT-END  ==  [50 frames] -54.5074 [Ac=-2725.4 LM=0.0] (Act=68.0)
File: Signaux/promo2012/dix_etienne_2012.wav
SENT-START pause dix SENT-END  ==  [72 frames] -51.7769 [Ac=-3727.9 LM=0.0] (Act=68.6)
File: Signaux/promo2012/dix_gabrielides_2012.wav
SENT-START pause dix pause SENT-END  ==  [88 frames] -55.2450 [Ac=-4861.6 LM=0.0] (Act=68.9)
File: Signaux/promo2012/dix_hyliass_2012.wav
SENT-START dix SENT-END  ==  [68 frames] -68.4901 [Ac=-4657.3 LM=0.0] (Act=68.5)
File: Signaux/promo2012/dix_jean_2012.wav
SENT-START dix SENT-END  ==  [71 frames] -55.0110 [Ac=-3905.8 LM=0.0] (Act=68.6)
File: Signaux/promo2012/dix_nabil_2012.wav
SENT-START dix SENT-END  ==  [55 frames] -70.0648 [Ac=-3853.6 LM=0.0] (Act=68.2)
File: Signaux/promo2012/dix_thomas_2012.wav
SENT-START diviser pause SENT-END  ==  [58 frames] -58.1557 [Ac=-3373.0 LM=0.0] (Act=68.3)
File: Signaux/promo2012/douze_alban_2012.wav
SENT-START douze SENT-END  ==  [43 frames] -56.0894 [Ac=-2411.8 LM=0.0] (Act=67.7)
File: Signaux/promo2012/douze_brice_2012.wav
SENT-START douze SENT-END  ==  [58 frames] -52.2702 [Ac=-3031.7 LM=0.0] (Act=68.3)
File: Signaux/promo2012/douze_dominique_2012.wav
SENT-START douze SENT-END  ==  [41 frames] -54.3676 [Ac=-2229.1 LM=0.0] (Act=67.5)
File: Signaux/promo2012/douze_eric_2012.wav
SENT-START douze pause SENT-END  ==  [75 frames] -54.4043 [Ac=-4080.3 LM=0.0] (Act=68.7)
File: Signaux/promo2012/douze_etienne_2012.wav
SENT-START douze SENT-END  ==  [69 frames] -53.9155 [Ac=-3720.2 LM=0.0] (Act=68.5)
File: Signaux/promo2012/douze_gabrielides_2012.wav
SENT-START pause douze pause SENT-END  ==  [146 frames] -44.3890 [Ac=-6480.8 LM=0.0] (Act=69.3)
File: Signaux/promo2012/douze_hyliass_2012.wav
SENT-START douze SENT-END  ==  [100 frames] -72.0403 [Ac=-7204.0 LM=0.0] (Act=69.0)
File: Signaux/promo2012/douze_jean_2012.wav
SENT-START douze SENT-END  ==  [71 frames] -53.7708 [Ac=-3817.7 LM=0.0] (Act=68.6)
File: Signaux/promo2012/douze_nabil_2012.wav
SENT-START douze SENT-END  ==  [53 frames] -73.9086 [Ac=-3917.2 LM=0.0] (Act=68.1)
File: Signaux/promo2012/douze_thomas_2012.wav
SENT-START douze SENT-END  ==  [67 frames] -56.2407 [Ac=-3768.1 LM=0.0] (Act=68.5)
File: Signaux/promo2012/egal_alban_2012.wav
SENT-START pause egal pause SENT-END  ==  [57 frames] -54.9470 [Ac=-3132.0 LM=0.0] (Act=68.2)
File: Signaux/promo2012/egal_brice_2012.wav
SENT-START egal pause SENT-END  ==  [63 frames] -55.5733 [Ac=-3501.1 LM=0.0] (Act=68.4)
File: Signaux/promo2012/egal_dominique_2012.wav
SENT-START egal SENT-END  ==  [42 frames] -57.4196 [Ac=-2411.6 LM=0.0] (Act=67.6)
File: Signaux/promo2012/egal_eric_2012.wav
SENT-START pause egal SENT-END  ==  [70 frames] -53.5468 [Ac=-3748.3 LM=0.0] (Act=68.6)
File: Signaux/promo2012/egal_etienne_2012.wav
SENT-START egal SENT-END  ==  [62 frames] -54.7834 [Ac=-3396.6 LM=0.0] (Act=68.4)
File: Signaux/promo2012/egal_gabrielides_2012.wav
SENT-START egal pause SENT-END  ==  [89 frames] -52.8342 [Ac=-4702.2 LM=0.0] (Act=68.9)
File: Signaux/promo2012/egal_hyliass_2012.wav
SENT-START egal SENT-END  ==  [60 frames] -56.3217 [Ac=-3379.3 LM=0.0] (Act=68.3)
File: Signaux/promo2012/egal_jean_2012.wav
SENT-START egal SENT-END  ==  [69 frames] -57.4965 [Ac=-3967.3 LM=0.0] (Act=68.5)
File: Signaux/promo2012/egal_nabil_2012.wav
SENT-START egal SENT-END  ==  [70 frames] -74.6777 [Ac=-5227.4 LM=0.0] (Act=68.6)
File: Signaux/promo2012/egal_thomas_2012.wav
SENT-START egal SENT-END  ==  [45 frames] -57.3809 [Ac=-2582.1 LM=0.0] (Act=67.8)
File: Signaux/promo2012/et_alban_2012.wav
SENT-START multiplier pause SENT-END  ==  [32 frames] -59.3066 [Ac=-1897.8 LM=0.0] (Act=66.8)
File: Signaux/promo2012/et_brice_2012.wav
SENT-START plus SENT-END  ==  [22 frames] -57.3262 [Ac=-1261.2 LM=0.0] (Act=65.4)
File: Signaux/promo2012/et_dominique_2012.wav
SENT-START et SENT-END  ==  [16 frames] -48.3529 [Ac=-773.6 LM=0.0] (Act=63.7)
File: Signaux/promo2012/et_eric_2012.wav
SENT-START diviser SENT-END  ==  [24 frames] -57.9546 [Ac=-1390.9 LM=0.0] (Act=65.8)
File: Signaux/promo2012/et_etienne_2012.wav
SENT-START et SENT-END  ==  [15 frames] -63.8683 [Ac=-958.0 LM=0.0] (Act=63.3)
File: Signaux/promo2012/et_gabrielides_2012.wav
SENT-START et SENT-END  ==  [26 frames] -63.4680 [Ac=-1650.2 LM=0.0] (Act=66.1)
File: Signaux/promo2012/et_hyliass_2012.wav
SENT-START et SENT-END  ==  [25 frames] -59.6762 [Ac=-1491.9 LM=0.0] (Act=66.0)
File: Signaux/promo2012/et_jean_2012.wav
SENT-START et SENT-END  ==  [23 frames] -54.6753 [Ac=-1257.5 LM=0.0] (Act=65.6)
File: Signaux/promo2012/et_nabil_2012.wav
SENT-START et SENT-END  ==  [32 frames] -63.0229 [Ac=-2016.7 LM=0.0] (Act=66.8)
File: Signaux/promo2012/et_thomas_2012.wav
SENT-START et SENT-END  ==  [11 frames] -53.7002 [Ac=-590.7 LM=0.0] (Act=60.8)
File: Signaux/promo2012/fois_alban_2012.wav
SENT-START pause fois SENT-END  ==  [39 frames] -52.9626 [Ac=-2065.5 LM=0.0] (Act=67.4)
File: Signaux/promo2012/fois_brice_2012.wav
SENT-START pause trois pause SENT-END  ==  [42 frames] -51.3571 [Ac=-2157.0 LM=0.0] (Act=67.6)
File: Signaux/promo2012/fois_dominique_2012.wav
SENT-START fois SENT-END  ==  [42 frames] -53.4239 [Ac=-2243.8 LM=0.0] (Act=67.6)
File: Signaux/promo2012/fois_eric_2012.wav
SENT-START fois pause SENT-END  ==  [50 frames] -50.5810 [Ac=-2529.0 LM=0.0] (Act=68.0)
File: Signaux/promo2012/fois_etienne_2012.wav
SENT-START pause fois SENT-END  ==  [54 frames] -53.7738 [Ac=-2903.8 LM=0.0] (Act=68.1)
File: Signaux/promo2012/fois_gabrielides_2012.wav
SENT-START pause fois SENT-END  ==  [38 frames] -56.2364 [Ac=-2137.0 LM=0.0] (Act=67.3)
File: Signaux/promo2012/fois_hyliass_2012.wav
SENT-START fois SENT-END  ==  [41 frames] -75.8973 [Ac=-3111.8 LM=0.0] (Act=67.5)
File: Signaux/promo2012/fois_jean_2012.wav
SENT-START fois SENT-END  ==  [49 frames] -52.2238 [Ac=-2559.0 LM=0.0] (Act=67.9)
File: Signaux/promo2012/fois_nabil_2012.wav
SENT-START fois SENT-END  ==  [47 frames] -69.6177 [Ac=-3272.0 LM=0.0] (Act=67.9)
File: Signaux/promo2012/fois_thomas_2012.wav
SENT-START fois SENT-END  ==  [44 frames] -55.0847 [Ac=-2423.7 LM=0.0] (Act=67.7)
File: Signaux/promo2012/huit_alban_2012.wav
SENT-START huit SENT-END  ==  [43 frames] -47.7724 [Ac=-2054.2 LM=0.0] (Act=67.7)
File: Signaux/promo2012/huit_brice_2012.wav
SENT-START pause huit SENT-END  ==  [71 frames] -48.0655 [Ac=-3412.7 LM=0.0] (Act=68.6)
File: Signaux/promo2012/huit_dominique_2012.wav
SENT-START huit SENT-END  ==  [44 frames] -53.9518 [Ac=-2373.9 LM=0.0] (Act=67.7)
File: Signaux/promo2012/huit_eric_2012.wav
SENT-START pause huit pause SENT-END  ==  [66 frames] -52.2282 [Ac=-3447.1 LM=0.0] (Act=68.5)
File: Signaux/promo2012/huit_etienne_2012.wav
SENT-START huit SENT-END  ==  [58 frames] -52.9860 [Ac=-3073.2 LM=0.0] (Act=68.3)
File: Signaux/promo2012/huit_gabrielides_2012.wav
SENT-START huit SENT-END  ==  [99 frames] -49.1985 [Ac=-4870.6 LM=0.0] (Act=69.0)
File: Signaux/promo2012/huit_hyliass_2012.wav
SENT-START huit SENT-END  ==  [62 frames] -71.2792 [Ac=-4419.3 LM=0.0] (Act=68.4)
File: Signaux/promo2012/huit_jean_2012.wav
SENT-START huit SENT-END  ==  [59 frames] -52.5798 [Ac=-3102.2 LM=0.0] (Act=68.3)
File: Signaux/promo2012/huit_nabil_2012.wav
SENT-START huit SENT-END  ==  [51 frames] -76.6058 [Ac=-3906.9 LM=0.0] (Act=68.0)
File: Signaux/promo2012/huit_thomas_2012.wav
SENT-START huit SENT-END  ==  [43 frames] -64.5759 [Ac=-2776.8 LM=0.0] (Act=67.7)
File: Signaux/promo2012/moins_alban_2012.wav
SENT-START pause moins SENT-END  ==  [35 frames] -48.7991 [Ac=-1708.0 LM=0.0] (Act=67.1)
File: Signaux/promo2012/moins_brice_2012.wav
SENT-START pause moins pause SENT-END  ==  [45 frames] -48.2989 [Ac=-2173.4 LM=0.0] (Act=67.8)
File: Signaux/promo2012/moins_dominique_2012.wav
SENT-START moins SENT-END  ==  [33 frames] -51.1545 [Ac=-1688.1 LM=0.0] (Act=66.9)
File: Signaux/promo2012/moins_eric_2012.wav
SENT-START moins SENT-END  ==  [33 frames] -55.2734 [Ac=-1824.0 LM=0.0] (Act=66.9)
File: Signaux/promo2012/moins_etienne_2012.wav
SENT-START moins SENT-END  ==  [35 frames] -49.5915 [Ac=-1735.7 LM=0.0] (Act=67.1)
File: Signaux/promo2012/moins_gabrielides_2012.wav
SENT-START moins pause SENT-END  ==  [37 frames] -46.4977 [Ac=-1720.4 LM=0.0] (Act=67.3)
File: Signaux/promo2012/moins_hyliass_2012.wav
SENT-START moins SENT-END  ==  [47 frames] -75.4704 [Ac=-3547.1 LM=0.0] (Act=67.9)
File: Signaux/promo2012/moins_jean_2012.wav
SENT-START moins SENT-END  ==  [48 frames] -48.5994 [Ac=-2332.8 LM=0.0] (Act=67.9)
File: Signaux/promo2012/moins_nabil_2012.wav
SENT-START moins SENT-END  ==  [51 frames] -62.8552 [Ac=-3205.6 LM=0.0] (Act=68.0)
File: Signaux/promo2012/moins_thomas_2012.wav
SENT-START moins SENT-END  ==  [27 frames] -56.4612 [Ac=-1524.5 LM=0.0] (Act=66.3)
File: Signaux/promo2012/multiplier_alban_2012.wav
SENT-START multiplier SENT-END  ==  [85 frames] -51.1396 [Ac=-4346.9 LM=0.0] (Act=68.8)
File: Signaux/promo2012/multiplier_brice_2012.wav
SENT-START multiplier pause SENT-END  ==  [101 frames] -51.6277 [Ac=-5214.4 LM=0.0] (Act=69.0)
File: Signaux/promo2012/multiplier_dominique_2012.wav
SENT-START multiplier SENT-END  ==  [70 frames] -52.5319 [Ac=-3677.2 LM=0.0] (Act=68.6)
File: Signaux/promo2012/multiplier_eric_2012.wav
SENT-START multiplier pause SENT-END  ==  [116 frames] -50.7399 [Ac=-5885.8 LM=0.0] (Act=69.1)
File: Signaux/promo2012/multiplier_etienne_2012.wav
SENT-START multiplier SENT-END  ==  [94 frames] -55.1562 [Ac=-5184.7 LM=0.0] (Act=68.9)
File: Signaux/promo2012/multiplier_gabrielides_2012.wav
SENT-START multiplier SENT-END  ==  [91 frames] -56.4238 [Ac=-5134.6 LM=0.0] (Act=68.9)
File: Signaux/promo2012/multiplier_hyliass_2012.wav
SENT-START multiplier SENT-END  ==  [89 frames] -70.4364 [Ac=-6268.8 LM=0.0] (Act=68.9)
File: Signaux/promo2012/multiplier_jean_2012.wav
SENT-START multiplier SENT-END  ==  [86 frames] -55.4753 [Ac=-4770.9 LM=0.0] (Act=68.8)
File: Signaux/promo2012/multiplier_nabil_2012.wav
SENT-START multiplier SENT-END  ==  [116 frames] -67.9549 [Ac=-7882.8 LM=0.0] (Act=69.1)
File: Signaux/promo2012/multiplier_thomas_2012.wav
SENT-START multiplier SENT-END  ==  [77 frames] -56.8802 [Ac=-4379.8 LM=0.0] (Act=68.7)
File: Signaux/promo2012/neuf_alban_2012.wav
SENT-START neuf SENT-END  ==  [36 frames] -49.4148 [Ac=-1778.9 LM=0.0] (Act=67.2)
File: Signaux/promo2012/neuf_brice_2012.wav
SENT-START neuf SENT-END  ==  [63 frames] -46.9534 [Ac=-2958.1 LM=0.0] (Act=68.4)
File: Signaux/promo2012/neuf_dominique_2012.wav
SENT-START neuf SENT-END  ==  [38 frames] -53.7017 [Ac=-2040.7 LM=0.0] (Act=67.3)
File: Signaux/promo2012/neuf_eric_2012.wav
SENT-START quatre SENT-END  ==  [57 frames] -52.8223 [Ac=-3010.9 LM=0.0] (Act=68.2)
File: Signaux/promo2012/neuf_etienne_2012.wav
SENT-START neuf SENT-END  ==  [55 frames] -51.2339 [Ac=-2817.9 LM=0.0] (Act=68.2)
File: Signaux/promo2012/neuf_gabrielides_2012.wav
SENT-START pause neuf SENT-END  ==  [200 frames] -46.6048 [Ac=-9321.0 LM=0.0] (Act=69.5)
File: Signaux/promo2012/neuf_hyliass_2012.wav
SENT-START neuf SENT-END  ==  [58 frames] -77.0161 [Ac=-4466.9 LM=0.0] (Act=68.3)
File: Signaux/promo2012/neuf_jean_2012.wav
SENT-START neuf SENT-END  ==  [55 frames] -47.3635 [Ac=-2605.0 LM=0.0] (Act=68.2)
File: Signaux/promo2012/neuf_nabil_2012.wav
SENT-START neuf SENT-END  ==  [47 frames] -72.2107 [Ac=-3393.9 LM=0.0] (Act=67.9)
File: Signaux/promo2012/neuf_thomas_2012.wav
SENT-START neuf SENT-END  ==  [50 frames] -54.5347 [Ac=-2726.7 LM=0.0] (Act=68.0)
File: Signaux/promo2012/onze_alban_2012.wav
SENT-START pause vingt pause SENT-END  ==  [42 frames] -50.9570 [Ac=-2140.2 LM=0.0] (Act=67.6)
File: Signaux/promo2012/onze_brice_2012.wav
SENT-START onze pause SENT-END  ==  [55 frames] -50.4991 [Ac=-2777.5 LM=0.0] (Act=68.2)
File: Signaux/promo2012/onze_dominique_2012.wav
SENT-START onze SENT-END  ==  [41 frames] -52.2380 [Ac=-2141.8 LM=0.0] (Act=67.5)
File: Signaux/promo2012/onze_eric_2012.wav
SENT-START onze pause SENT-END  ==  [64 frames] -49.5033 [Ac=-3168.2 LM=0.0] (Act=68.4)
File: Signaux/promo2012/onze_etienne_2012.wav
SENT-START onze SENT-END  ==  [54 frames] -49.0215 [Ac=-2647.2 LM=0.0] (Act=68.1)
File: Signaux/promo2012/onze_gabrielides_2012.wav
SENT-START pause onze pause SENT-END  ==  [115 frames] -45.8116 [Ac=-5268.3 LM=0.0] (Act=69.1)
File: Signaux/promo2012/onze_hyliass_2012.wav
SENT-START onze SENT-END  ==  [53 frames] -75.8699 [Ac=-4021.1 LM=0.0] (Act=68.1)
File: Signaux/promo2012/onze_jean_2012.wav
SENT-START onze SENT-END  ==  [66 frames] -51.4554 [Ac=-3396.1 LM=0.0] (Act=68.5)
File: Signaux/promo2012/onze_nabil_2012.wav
SENT-START trente SENT-END  ==  [62 frames] -71.7144 [Ac=-4446.3 LM=0.0] (Act=68.4)
File: Signaux/promo2012/onze_thomas_2012.wav
SENT-START onze SENT-END  ==  [54 frames] -54.3006 [Ac=-2932.2 LM=0.0] (Act=68.1)
File: Signaux/promo2012/par_alban_2012.wav
SENT-START par SENT-END  ==  [34 frames] -48.9504 [Ac=-1664.3 LM=0.0] (Act=67.0)
File: Signaux/promo2012/par_brice_2012.wav
SENT-START par SENT-END  ==  [43 frames] -52.8697 [Ac=-2273.4 LM=0.0] (Act=67.7)
File: Signaux/promo2012/par_dominique_2012.wav
SENT-START par SENT-END  ==  [39 frames] -48.6324 [Ac=-1896.7 LM=0.0] (Act=67.4)
File: Signaux/promo2012/par_eric_2012.wav
SENT-START par SENT-END  ==  [42 frames] -46.9932 [Ac=-1973.7 LM=0.0] (Act=67.6)
File: Signaux/promo2012/par_etienne_2012.wav
SENT-START pause par pause SENT-END  ==  [75 frames] -50.6431 [Ac=-3798.2 LM=0.0] (Act=68.7)
File: Signaux/promo2012/par_gabrielides_2012.wav
SENT-START par SENT-END  ==  [37 frames] -51.0599 [Ac=-1889.2 LM=0.0] (Act=67.3)
File: Signaux/promo2012/par_hyliass_2012.wav
SENT-START par SENT-END  ==  [24 frames] -63.4762 [Ac=-1523.4 LM=0.0] (Act=65.8)
File: Signaux/promo2012/par_jean_2012.wav
SENT-START par SENT-END  ==  [54 frames] -51.6087 [Ac=-2786.9 LM=0.0] (Act=68.1)
File: Signaux/promo2012/par_nabil_2012.wav
SENT-START par SENT-END  ==  [46 frames] -68.7979 [Ac=-3164.7 LM=0.0] (Act=67.8)
File: Signaux/promo2012/par_thomas_2012.wav
SENT-START par SENT-END  ==  [31 frames] -50.1315 [Ac=-1554.1 LM=0.0] (Act=66.7)
File: Signaux/promo2012/pause.wav
SENT-START pause sept pause SENT-END  ==  [3872 frames] -34.5018 [Ac=-133591.1 LM=0.0] (Act=70.0)
File: Signaux/promo2012/plus_alban_2012.wav
SENT-START plus SENT-END  ==  [48 frames] -49.7569 [Ac=-2388.3 LM=0.0] (Act=67.9)
File: Signaux/promo2012/plus_brice_2012.wav
SENT-START plus SENT-END  ==  [67 frames] -51.8227 [Ac=-3472.1 LM=0.0] (Act=68.5)
File: Signaux/promo2012/plus_dominique_2012.wav
SENT-START plus SENT-END  ==  [47 frames] -50.4988 [Ac=-2373.4 LM=0.0] (Act=67.9)
File: Signaux/promo2012/plus_eric_2012.wav
SENT-START plus SENT-END  ==  [55 frames] -53.4183 [Ac=-2938.0 LM=0.0] (Act=68.2)
File: Signaux/promo2012/plus_etienne_2012.wav
SENT-START plus SENT-END  ==  [75 frames] -51.7301 [Ac=-3879.8 LM=0.0] (Act=68.7)
File: Signaux/promo2012/plus_gabrielides_2012.wav
SENT-START plus SENT-END  ==  [58 frames] -52.4051 [Ac=-3039.5 LM=0.0] (Act=68.3)
File: Signaux/promo2012/plus_hyliass_2012.wav
SENT-START plus SENT-END  ==  [55 frames] -68.5832 [Ac=-3772.1 LM=0.0] (Act=68.2)
File: Signaux/promo2012/plus_jean_2012.wav
SENT-START plus SENT-END  ==  [52 frames] -54.0859 [Ac=-2812.5 LM=0.0] (Act=68.1)
File: Signaux/promo2012/plus_nabil_2012.wav
SENT-START plus SENT-END  ==  [49 frames] -65.8524 [Ac=-3226.8 LM=0.0] (Act=67.9)
File: Signaux/promo2012/plus_thomas_2012.wav
SENT-START plus SENT-END  ==  [17 frames] -67.4566 [Ac=-1146.8 LM=0.0] (Act=64.1)
File: Signaux/promo2012/quarante_alban_2012.wav
SENT-START pause quarante SENT-END  ==  [70 frames] -52.0758 [Ac=-3645.3 LM=0.0] (Act=68.6)
File: Signaux/promo2012/quarante_brice_2012.wav
SENT-START quarante SENT-END  ==  [85 frames] -51.0282 [Ac=-4337.4 LM=0.0] (Act=68.8)
File: Signaux/promo2012/quarante_dominique_2012.wav
SENT-START pause quarante SENT-END  ==  [52 frames] -52.1766 [Ac=-2713.2 LM=0.0] (Act=68.1)
File: Signaux/promo2012/quarante_eric_2012.wav
SENT-START quarante SENT-END  ==  [70 frames] -55.0397 [Ac=-3852.8 LM=0.0] (Act=68.6)
File: Signaux/promo2012/quarante_etienne_2012.wav
SENT-START pause quarante SENT-END  ==  [75 frames] -54.7532 [Ac=-4106.5 LM=0.0] (Act=68.7)
File: Signaux/promo2012/quarante_gabrielides_2012.wav
SENT-START quarante SENT-END  ==  [94 frames] -51.0697 [Ac=-4800.6 LM=0.0] (Act=68.9)
File: Signaux/promo2012/quarante_hyliass_2012.wav
SENT-START quarante SENT-END  ==  [74 frames] -73.4816 [Ac=-5437.6 LM=0.0] (Act=68.6)
File: Signaux/promo2012/quarante_jean_2012.wav
SENT-START quarante SENT-END  ==  [68 frames] -51.6348 [Ac=-3511.2 LM=0.0] (Act=68.5)
File: Signaux/promo2012/quarante_nabil_2012.wav
SENT-START quarante SENT-END  ==  [82 frames] -71.4598 [Ac=-5859.7 LM=0.0] (Act=68.8)
File: Signaux/promo2012/quarante_thomas_2012.wav
SENT-START quarante SENT-END  ==  [63 frames] -56.8724 [Ac=-3583.0 LM=0.0] (Act=68.4)
File: Signaux/promo2012/quatorze_alban_2012.wav
SENT-START quatorze SENT-END  ==  [62 frames] -52.9081 [Ac=-3280.3 LM=0.0] (Act=68.4)
File: Signaux/promo2012/quatorze_brice_2012.wav
SENT-START quatorze SENT-END  ==  [68 frames] -51.8279 [Ac=-3524.3 LM=0.0] (Act=68.5)
File: Signaux/promo2012/quatorze_dominique_2012.wav
SENT-START quatorze SENT-END  ==  [62 frames] -54.9715 [Ac=-3408.2 LM=0.0] (Act=68.4)
File: Signaux/promo2012/quatorze_eric_2012.wav
SENT-START quatorze SENT-END  ==  [54 frames] -60.9903 [Ac=-3293.5 LM=0.0] (Act=68.1)
File: Signaux/promo2012/quatorze_etienne_2012.wav
SENT-START pause quatorze SENT-END  ==  [83 frames] -51.2328 [Ac=-4252.3 LM=0.0] (Act=68.8)
File: Signaux/promo2012/quatorze_gabrielides_2012.wav
SENT-START pause quatorze SENT-END  ==  [130 frames] -53.9638 [Ac=-7015.3 LM=0.0] (Act=69.2)
File: Signaux/promo2012/quatorze_hyliass_2012.wav
SENT-START quatorze SENT-END  ==  [63 frames] -73.1976 [Ac=-4611.5 LM=0.0] (Act=68.4)
File: Signaux/promo2012/quatorze_jean_2012.wav
SENT-START quatorze pause SENT-END  ==  [77 frames] -52.3869 [Ac=-4033.8 LM=0.0] (Act=68.7)
File: Signaux/promo2012/quatorze_nabil_2012.wav
SENT-START quatorze SENT-END  ==  [83 frames] -71.5085 [Ac=-5935.2 LM=0.0] (Act=68.8)
File: Signaux/promo2012/quatorze_thomas_2012.wav
SENT-START quatorze pause SENT-END  ==  [89 frames] -56.4546 [Ac=-5024.5 LM=0.0] (Act=68.9)
File: Signaux/promo2012/quatre_alban_2012.wav
SENT-START quatre pause SENT-END  ==  [37 frames] -53.1512 [Ac=-1966.6 LM=0.0] (Act=67.3)
File: Signaux/promo2012/quatre_brice_2012.wav
SENT-START pause quatre SENT-END  ==  [48 frames] -53.5412 [Ac=-2570.0 LM=0.0] (Act=67.9)
File: Signaux/promo2012/quatre_dominique_2012.wav
SENT-START pause quatre SENT-END  ==  [52 frames] -50.0333 [Ac=-2601.7 LM=0.0] (Act=68.1)
File: Signaux/promo2012/quatre_eric_2012.wav
SENT-START pause quatre pause SENT-END  ==  [51 frames] -54.8438 [Ac=-2797.0 LM=0.0] (Act=68.0)
File: Signaux/promo2012/quatre_etienne_2012.wav
SENT-START pause quatre SENT-END  ==  [57 frames] -53.1251 [Ac=-3028.1 LM=0.0] (Act=68.2)
File: Signaux/promo2012/quatre_gabrielides_2012.wav
SENT-START quatre pause SENT-END  ==  [61 frames] -50.4564 [Ac=-3077.8 LM=0.0] (Act=68.3)
File: Signaux/promo2012/quatre_hyliass_2012.wav
SENT-START quatre SENT-END  ==  [47 frames] -72.4847 [Ac=-3406.8 LM=0.0] (Act=67.9)
File: Signaux/promo2012/quatre_jean_2012.wav
SENT-START quatre SENT-END  ==  [39 frames] -55.0552 [Ac=-2147.2 LM=0.0] (Act=67.4)
File: Signaux/promo2012/quatre_nabil_2012.wav
SENT-START quatre SENT-END  ==  [43 frames] -70.1187 [Ac=-3015.1 LM=0.0] (Act=67.7)
File: Signaux/promo2012/quatre_thomas_2012.wav
SENT-START quatre SENT-END  ==  [18 frames] -59.2604 [Ac=-1066.7 LM=0.0] (Act=64.4)
File: Signaux/promo2012/quinze_alban_2012.wav
SENT-START pause quinze SENT-END  ==  [48 frames] -52.0982 [Ac=-2500.7 LM=0.0] (Act=67.9)
File: Signaux/promo2012/quinze_brice_2012.wav
SENT-START quarante SENT-END  ==  [56 frames] -54.7813 [Ac=-3067.8 LM=0.0] (Act=68.2)
File: Signaux/promo2012/quinze_dominique_2012.wav
SENT-START quinze SENT-END  ==  [47 frames] -50.0384 [Ac=-2351.8 LM=0.0] (Act=67.9)
File: Signaux/promo2012/quinze_eric_2012.wav
SENT-START quinze SENT-END  ==  [61 frames] -54.5215 [Ac=-3325.8 LM=0.0] (Act=68.3)
File: Signaux/promo2012/quinze_etienne_2012.wav
SENT-START pause quinze pause SENT-END  ==  [73 frames] -50.3801 [Ac=-3677.7 LM=0.0] (Act=68.6)
File: Signaux/promo2012/quinze_gabrielides_2012.wav
SENT-START pause quinze pause SENT-END  ==  [113 frames] -49.0397 [Ac=-5541.5 LM=0.0] (Act=69.1)
File: Signaux/promo2012/quinze_hyliass_2012.wav
SENT-START quarante SENT-END  ==  [44 frames] -80.1776 [Ac=-3527.8 LM=0.0] (Act=67.7)
File: Signaux/promo2012/quinze_jean_2012.wav
SENT-START quinze pause SENT-END  ==  [69 frames] -48.5706 [Ac=-3351.4 LM=0.0] (Act=68.5)
File: Signaux/promo2012/quinze_nabil_2012.wav
SENT-START quinze SENT-END  ==  [66 frames] -76.7232 [Ac=-5063.7 LM=0.0] (Act=68.5)
File: Signaux/promo2012/quinze_thomas_2012.wav
SENT-START quinze pause SENT-END  ==  [69 frames] -50.5179 [Ac=-3485.7 LM=0.0] (Act=68.5)
File: Signaux/promo2012/seize_alban_2012.wav
SENT-START pause treize SENT-END  ==  [58 frames] -51.6344 [Ac=-2994.8 LM=0.0] (Act=68.3)
File: Signaux/promo2012/seize_brice_2012.wav
SENT-START seize SENT-END  ==  [63 frames] -51.3737 [Ac=-3236.5 LM=0.0] (Act=68.4)
File: Signaux/promo2012/seize_dominique_2012.wav
SENT-START seize SENT-END  ==  [60 frames] -53.2315 [Ac=-3193.9 LM=0.0] (Act=68.3)
File: Signaux/promo2012/seize_eric_2012.wav
SENT-START seize SENT-END  ==  [65 frames] -55.5163 [Ac=-3608.6 LM=0.0] (Act=68.4)
File: Signaux/promo2012/seize_etienne_2012.wav
SENT-START seize SENT-END  ==  [81 frames] -52.4743 [Ac=-4250.4 LM=0.0] (Act=68.8)
File: Signaux/promo2012/seize_gabrielides_2012.wav
SENT-START seize pause SENT-END  ==  [116 frames] -52.8588 [Ac=-6131.6 LM=0.0] (Act=69.1)
File: Signaux/promo2012/seize_hyliass_2012.wav
SENT-START seize SENT-END  ==  [54 frames] -66.8790 [Ac=-3611.5 LM=0.0] (Act=68.1)
File: Signaux/promo2012/seize_jean_2012.wav
SENT-START pause seize pause SENT-END  ==  [72 frames] -52.1919 [Ac=-3757.8 LM=0.0] (Act=68.6)
File: Signaux/promo2012/seize_nabil_2012.wav
SENT-START seize SENT-END  ==  [62 frames] -72.4506 [Ac=-4491.9 LM=0.0] (Act=68.4)
File: Signaux/promo2012/seize_thomas_2012.wav
SENT-START pause seize pause SENT-END  ==  [64 frames] -54.0340 [Ac=-3458.2 LM=0.0] (Act=68.4)
File: Signaux/promo2012/sept_alban_2012.wav
SENT-START sept SENT-END  ==  [38 frames] -51.9611 [Ac=-1974.5 LM=0.0] (Act=67.3)
File: Signaux/promo2012/sept_brice_2012.wav
SENT-START pause sept SENT-END  ==  [79 frames] -50.2033 [Ac=-3966.1 LM=0.0] (Act=68.7)
File: Signaux/promo2012/sept_dominique_2012.wav
SENT-START pause sept SENT-END  ==  [40 frames] -52.9609 [Ac=-2118.4 LM=0.0] (Act=67.5)
File: Signaux/promo2012/sept_eric_2012.wav
SENT-START sept SENT-END  ==  [51 frames] -58.6987 [Ac=-2993.6 LM=0.0] (Act=68.0)
File: Signaux/promo2012/sept_etienne_2012.wav
SENT-START sept SENT-END  ==  [74 frames] -52.1602 [Ac=-3859.9 LM=0.0] (Act=68.6)
File: Signaux/promo2012/sept_gabrielides_2012.wav
SENT-START pause sept SENT-END  ==  [69 frames] -55.0422 [Ac=-3797.9 LM=0.0] (Act=68.5)
File: Signaux/promo2012/sept_hyliass_2012.wav
SENT-START sept SENT-END  ==  [65 frames] -74.8122 [Ac=-4862.8 LM=0.0] (Act=68.4)
File: Signaux/promo2012/sept_jean_2012.wav
SENT-START sept SENT-END  ==  [55 frames] -55.1900 [Ac=-3035.4 LM=0.0] (Act=68.2)
File: Signaux/promo2012/sept_nabil_2012.wav
SENT-START sept SENT-END  ==  [56 frames] -79.9985 [Ac=-4479.9 LM=0.0] (Act=68.2)
File: Signaux/promo2012/sept_thomas_2012.wav
SENT-START pause sept pause SENT-END  ==  [73 frames] -53.7069 [Ac=-3920.6 LM=0.0] (Act=68.6)
File: Signaux/promo2012/six_alban_2012.wav
SENT-START six SENT-END  ==  [46 frames] -50.7883 [Ac=-2336.3 LM=0.0] (Act=67.8)
File: Signaux/promo2012/six_brice_2012.wav
SENT-START six SENT-END  ==  [65 frames] -49.9261 [Ac=-3245.2 LM=0.0] (Act=68.4)
File: Signaux/promo2012/six_dominique_2012.wav
SENT-START six SENT-END  ==  [44 frames] -50.2086 [Ac=-2209.2 LM=0.0] (Act=67.7)
File: Signaux/promo2012/six_eric_2012.wav
SENT-START six pause SENT-END  ==  [74 frames] -49.9427 [Ac=-3695.8 LM=0.0] (Act=68.6)
File: Signaux/promo2012/six_etienne_2012.wav
SENT-START six SENT-END  ==  [76 frames] -51.8381 [Ac=-3939.7 LM=0.0] (Act=68.7)
File: Signaux/promo2012/six_gabrielides_2012.wav
SENT-START pause six pause SENT-END  ==  [100 frames] -51.9021 [Ac=-5190.2 LM=0.0] (Act=69.0)
File: Signaux/promo2012/six_hyliass_2012.wav
SENT-START six SENT-END  ==  [71 frames] -73.1957 [Ac=-5196.9 LM=0.0] (Act=68.6)
File: Signaux/promo2012/six_jean_2012.wav
SENT-START six SENT-END  ==  [61 frames] -54.4199 [Ac=-3319.6 LM=0.0] (Act=68.3)
File: Signaux/promo2012/six_nabil_2012.wav
SENT-START six SENT-END  ==  [52 frames] -71.1869 [Ac=-3701.7 LM=0.0] (Act=68.1)
File: Signaux/promo2012/six_thomas_2012.wav
SENT-START pause six SENT-END  ==  [69 frames] -55.8118 [Ac=-3851.0 LM=0.0] (Act=68.5)
File: Signaux/promo2012/soixante_alban_2012.wav
SENT-START soixante pause SENT-END  ==  [76 frames] -56.9081 [Ac=-4325.0 LM=0.0] (Act=68.7)
File: Signaux/promo2012/soixante_brice_2012.wav
SENT-START soixante pause SENT-END  ==  [104 frames] -52.9260 [Ac=-5504.3 LM=0.0] (Act=69.0)
File: Signaux/promo2012/soixante_dominique_2012.wav
SENT-START soixante SENT-END  ==  [80 frames] -57.5674 [Ac=-4605.4 LM=0.0] (Act=68.7)
File: Signaux/promo2012/soixante_eric_2012.wav
SENT-START pause soixante pause SENT-END  ==  [88 frames] -54.6410 [Ac=-4808.4 LM=0.0] (Act=68.9)
File: Signaux/promo2012/soixante_etienne_2012.wav
SENT-START soixante SENT-END  ==  [68 frames] -56.9697 [Ac=-3873.9 LM=0.0] (Act=68.5)
File: Signaux/promo2012/soixante_gabrielides_2012.wav
SENT-START soixante SENT-END  ==  [112 frames] -58.3372 [Ac=-6533.8 LM=0.0] (Act=69.1)
File: Signaux/promo2012/soixante_hyliass_2012.wav
SENT-START soixante SENT-END  ==  [90 frames] -76.0043 [Ac=-6840.4 LM=0.0] (Act=68.9)
File: Signaux/promo2012/soixante_jean_2012.wav
SENT-START soixante SENT-END  ==  [71 frames] -56.5512 [Ac=-4015.1 LM=0.0] (Act=68.6)
File: Signaux/promo2012/soixante_nabil_2012.wav
SENT-START soixante SENT-END  ==  [88 frames] -74.7552 [Ac=-6578.5 LM=0.0] (Act=68.9)
File: Signaux/promo2012/soixante_thomas_2012.wav
SENT-START soixante pause SENT-END  ==  [81 frames] -54.4512 [Ac=-4410.5 LM=0.0] (Act=68.8)
File: Signaux/promo2012/sur_alban_2012.wav
SENT-START sur SENT-END  ==  [41 frames] -52.8105 [Ac=-2165.2 LM=0.0] (Act=67.5)
File: Signaux/promo2012/sur_brice_2012.wav
SENT-START sur SENT-END  ==  [48 frames] -52.8236 [Ac=-2535.5 LM=0.0] (Act=67.9)
File: Signaux/promo2012/sur_dominique_2012.wav
SENT-START sur SENT-END  ==  [46 frames] -56.8070 [Ac=-2613.1 LM=0.0] (Act=67.8)
File: Signaux/promo2012/sur_eric_2012.wav
SENT-START pause sur SENT-END  ==  [47 frames] -56.4185 [Ac=-2651.7 LM=0.0] (Act=67.9)
File: Signaux/promo2012/sur_etienne_2012.wav
SENT-START sur pause SENT-END  ==  [102 frames] -49.9243 [Ac=-5092.3 LM=0.0] (Act=69.0)
File: Signaux/promo2012/sur_gabrielides_2012.wav
SENT-START sur pause SENT-END  ==  [48 frames] -57.5014 [Ac=-2760.1 LM=0.0] (Act=67.9)
File: Signaux/promo2012/sur_hyliass_2012.wav
SENT-START sur SENT-END  ==  [61 frames] -56.8213 [Ac=-3466.1 LM=0.0] (Act=68.3)
File: Signaux/promo2012/sur_jean_2012.wav
SENT-START pause sur SENT-END  ==  [62 frames] -54.3263 [Ac=-3368.2 LM=0.0] (Act=68.4)
File: Signaux/promo2012/sur_nabil_2012.wav
SENT-START douze SENT-END  ==  [51 frames] -78.0701 [Ac=-3981.6 LM=0.0] (Act=68.0)
File: Signaux/promo2012/sur_thomas_2012.wav
SENT-START pause sur SENT-END  ==  [50 frames] -57.9572 [Ac=-2897.9 LM=0.0] (Act=68.0)
File: Signaux/promo2012/treize_alban_2012.wav
SENT-START treize SENT-END  ==  [52 frames] -53.4184 [Ac=-2777.8 LM=0.0] (Act=68.1)
File: Signaux/promo2012/treize_brice_2012.wav
SENT-START treize pause SENT-END  ==  [56 frames] -50.0211 [Ac=-2801.2 LM=0.0] (Act=68.2)
File: Signaux/promo2012/treize_dominique_2012.wav
SENT-START treize SENT-END  ==  [37 frames] -52.4460 [Ac=-1940.5 LM=0.0] (Act=67.3)
File: Signaux/promo2012/treize_eric_2012.wav
SENT-START treize SENT-END  ==  [56 frames] -52.4015 [Ac=-2934.5 LM=0.0] (Act=68.2)
File: Signaux/promo2012/treize_etienne_2012.wav
SENT-START pause treize pause SENT-END  ==  [80 frames] -48.6531 [Ac=-3892.2 LM=0.0] (Act=68.7)
File: Signaux/promo2012/treize_gabrielides_2012.wav
SENT-START pause treize pause SENT-END  ==  [112 frames] -47.5983 [Ac=-5331.0 LM=0.0] (Act=69.1)
File: Signaux/promo2012/treize_hyliass_2012.wav
SENT-START treize SENT-END  ==  [49 frames] -66.9935 [Ac=-3282.7 LM=0.0] (Act=67.9)
File: Signaux/promo2012/treize_jean_2012.wav
SENT-START treize SENT-END  ==  [61 frames] -52.3162 [Ac=-3191.3 LM=0.0] (Act=68.3)
File: Signaux/promo2012/treize_nabil_2012.wav
SENT-START treize SENT-END  ==  [67 frames] -61.1526 [Ac=-4097.2 LM=0.0] (Act=68.5)
File: Signaux/promo2012/treize_thomas_2012.wav
SENT-START treize SENT-END  ==  [53 frames] -55.0807 [Ac=-2919.3 LM=0.0] (Act=68.1)
File: Signaux/promo2012/trente_alban_2012.wav
SENT-START pause trente pause SENT-END  ==  [56 frames] -52.3705 [Ac=-2932.7 LM=0.0] (Act=68.2)
File: Signaux/promo2012/trente_brice_2012.wav
SENT-START trente pause SENT-END  ==  [78 frames] -51.2472 [Ac=-3997.3 LM=0.0] (Act=68.7)
File: Signaux/promo2012/trente_dominique_2012.wav
SENT-START pause trente SENT-END  ==  [45 frames] -56.1919 [Ac=-2528.6 LM=0.0] (Act=67.8)
File: Signaux/promo2012/trente_eric_2012.wav
SENT-START trente SENT-END  ==  [67 frames] -52.4791 [Ac=-3516.1 LM=0.0] (Act=68.5)
File: Signaux/promo2012/trente_etienne_2012.wav
SENT-START pause trente SENT-END  ==  [64 frames] -54.4356 [Ac=-3483.9 LM=0.0] (Act=68.4)
File: Signaux/promo2012/trente_gabrielides_2012.wav
SENT-START trente pause SENT-END  ==  [57 frames] -51.3213 [Ac=-2925.3 LM=0.0] (Act=68.2)
File: Signaux/promo2012/trente_hyliass_2012.wav
SENT-START trente SENT-END  ==  [53 frames] -75.4101 [Ac=-3996.7 LM=0.0] (Act=68.1)
File: Signaux/promo2012/trente_jean_2012.wav
SENT-START trente SENT-END  ==  [54 frames] -53.4780 [Ac=-2887.8 LM=0.0] (Act=68.1)
File: Signaux/promo2012/trente_nabil_2012.wav
SENT-START trente SENT-END  ==  [60 frames] -70.3987 [Ac=-4223.9 LM=0.0] (Act=68.3)
File: Signaux/promo2012/trente_thomas_2012.wav
SENT-START trente pause SENT-END  ==  [59 frames] -52.4962 [Ac=-3097.3 LM=0.0] (Act=68.3)
File: Signaux/promo2012/trois_alban_2012.wav
SENT-START pause trois pause SENT-END  ==  [47 frames] -54.6425 [Ac=-2568.2 LM=0.0] (Act=67.9)
File: Signaux/promo2012/trois_brice_2012.wav
SENT-START trois SENT-END  ==  [24 frames] -53.6812 [Ac=-1288.3 LM=0.0] (Act=65.8)
File: Signaux/promo2012/trois_dominique_2012.wav
SENT-START pause trois pause SENT-END  ==  [47 frames] -51.7901 [Ac=-2434.1 LM=0.0] (Act=67.9)
File: Signaux/promo2012/trois_eric_2012.wav
SENT-START trois pause SENT-END  ==  [35 frames] -54.2901 [Ac=-1900.2 LM=0.0] (Act=67.1)
File: Signaux/promo2012/trois_etienne_2012.wav
SENT-START pause trois pause SENT-END  ==  [58 frames] -55.5323 [Ac=-3220.9 LM=0.0] (Act=68.3)
File: Signaux/promo2012/trois_gabrielides_2012.wav
SENT-START trois SENT-END  ==  [43 frames] -53.2964 [Ac=-2291.7 LM=0.0] (Act=67.7)
File: Signaux/promo2012/trois_hyliass_2012.wav
SENT-START trois SENT-END  ==  [34 frames] -73.6038 [Ac=-2502.5 LM=0.0] (Act=67.0)
File: Signaux/promo2012/trois_jean_2012.wav
SENT-START trois SENT-END  ==  [49 frames] -54.2896 [Ac=-2660.2 LM=0.0] (Act=67.9)
File: Signaux/promo2012/trois_nabil_2012.wav
SENT-START trois SENT-END  ==  [36 frames] -71.3533 [Ac=-2568.7 LM=0.0] (Act=67.2)
File: Signaux/promo2012/trois_thomas_2012.wav
SENT-START trois SENT-END  ==  [33 frames] -60.7198 [Ac=-2003.8 LM=0.0] (Act=66.9)
File: Signaux/promo2012/un_alban_2012.wav
SENT-START quatre pause SENT-END  ==  [22 frames] -56.5142 [Ac=-1243.3 LM=0.0] (Act=65.4)
File: Signaux/promo2012/un_brice_2012.wav
SENT-START trente SENT-END  ==  [23 frames] -61.4882 [Ac=-1414.2 LM=0.0] (Act=65.6)
File: Signaux/promo2012/un_dominique_2012.wav
SENT-START cinq SENT-END  ==  [26 frames] -58.6788 [Ac=-1525.6 LM=0.0] (Act=66.1)
File: Signaux/promo2012/un_eric_2012.wav
SENT-START pause quarante pause SENT-END  ==  [39 frames] -55.6058 [Ac=-2168.6 LM=0.0] (Act=67.4)
File: Signaux/promo2012/un_etienne_2012.wav
SENT-START un SENT-END  ==  [14 frames] -52.0413 [Ac=-728.6 LM=0.0] (Act=62.8)
File: Signaux/promo2012/un_gabrielides_2012.wav
SENT-START un SENT-END  ==  [27 frames] -53.7807 [Ac=-1452.1 LM=0.0] (Act=66.3)
File: Signaux/promo2012/un_hyliass_2012.wav
SENT-START cinq SENT-END  ==  [26 frames] -64.1155 [Ac=-1667.0 LM=0.0] (Act=66.1)
File: Signaux/promo2012/un_jean_2012.wav
SENT-START quinze SENT-END  ==  [28 frames] -54.5756 [Ac=-1528.1 LM=0.0] (Act=66.4)
File: Signaux/promo2012/un_nabil_2012.wav
SENT-START un SENT-END  ==  [22 frames] -62.1452 [Ac=-1367.2 LM=0.0] (Act=65.4)
File: Signaux/promo2012/un_thomas_2012.wav
SENT-START un pause SENT-END  ==  [26 frames] -56.1558 [Ac=-1460.1 LM=0.0] (Act=66.1)
File: Signaux/promo2012/vingt_alban_2012.wav
SENT-START vingt pause SENT-END  ==  [44 frames] -55.4632 [Ac=-2440.4 LM=0.0] (Act=67.7)
File: Signaux/promo2012/vingt_brice_2012.wav
SENT-START moins pause SENT-END  ==  [42 frames] -53.0513 [Ac=-2228.2 LM=0.0] (Act=67.6)
File: Signaux/promo2012/vingt_dominique_2012.wav
SENT-START par SENT-END  ==  [22 frames] -53.5940 [Ac=-1179.1 LM=0.0] (Act=65.4)
File: Signaux/promo2012/vingt_eric_2012.wav
SENT-START moins SENT-END  ==  [29 frames] -57.6533 [Ac=-1671.9 LM=0.0] (Act=66.5)
File: Signaux/promo2012/vingt_etienne_2012.wav
SENT-START moins SENT-END  ==  [26 frames] -51.3333 [Ac=-1334.7 LM=0.0] (Act=66.1)
File: Signaux/promo2012/vingt_gabrielides_2012.wav
SENT-START pause fois pause SENT-END  ==  [143 frames] -43.6856 [Ac=-6247.0 LM=0.0] (Act=69.3)
File: Signaux/promo2012/vingt_hyliass_2012.wav
SENT-START vingt SENT-END  ==  [60 frames] -70.9054 [Ac=-4254.3 LM=0.0] (Act=68.3)
File: Signaux/promo2012/vingt_jean_2012.wav
SENT-START vingt pause SENT-END  ==  [58 frames] -51.8127 [Ac=-3005.1 LM=0.0] (Act=68.3)
File: Signaux/promo2012/vingt_nabil_2012.wav
SENT-START vingt SENT-END  ==  [47 frames] -70.6886 [Ac=-3322.4 LM=0.0] (Act=67.9)
File: Signaux/promo2012/vingt_thomas_2012.wav
SENT-START pause vingt SENT-END  ==  [62 frames] -54.6359 [Ac=-3387.4 LM=0.0] (Act=68.4)
File: Signaux/promo2012/zero_alban_2012.wav
SENT-START zero SENT-END  ==  [67 frames] -52.4047 [Ac=-3511.1 LM=0.0] (Act=68.5)
File: Signaux/promo2012/zero_brice_2012.wav
SENT-START zero SENT-END  ==  [50 frames] -57.7172 [Ac=-2885.9 LM=0.0] (Act=68.0)
File: Signaux/promo2012/zero_dominique_2012.wav
SENT-START pause zero pause SENT-END  ==  [66 frames] -50.0984 [Ac=-3306.5 LM=0.0] (Act=68.5)
File: Signaux/promo2012/zero_eric_2012.wav
SENT-START zero pause SENT-END  ==  [70 frames] -50.3663 [Ac=-3525.6 LM=0.0] (Act=68.6)
File: Signaux/promo2012/zero_etienne_2012.wav
SENT-START zero SENT-END  ==  [61 frames] -55.1734 [Ac=-3365.6 LM=0.0] (Act=68.3)
File: Signaux/promo2012/zero_gabrielides_2012.wav
SENT-START zero SENT-END  ==  [60 frames] -54.4617 [Ac=-3267.7 LM=0.0] (Act=68.3)
File: Signaux/promo2012/zero_hyliass_2012.wav
SENT-START zero SENT-END  ==  [42 frames] -68.9781 [Ac=-2897.1 LM=0.0] (Act=67.6)
File: Signaux/promo2012/zero_jean_2012.wav
SENT-START zero SENT-END  ==  [60 frames] -52.6630 [Ac=-3159.8 LM=0.0] (Act=68.3)
File: Signaux/promo2012/zero_nabil_2012.wav
SENT-START zero SENT-END  ==  [48 frames] -75.6457 [Ac=-3631.0 LM=0.0] (Act=67.9)
File: Signaux/promo2012/zero_thomas_2012.wav
SENT-START zero SENT-END  ==  [52 frames] -55.1130 [Ac=-2865.9 LM=0.0] (Act=68.1)
