Aligned transcription: Labels/cinq_eric_2012.lab vs Resultats/cinq_eric_2012.rec
 LAB: cinq     
 REC: quarante 
Aligned transcription: Labels/cinq_etienne_2012.lab vs Resultats/cinq_etienne_2012.rec
 LAB: cinq       
 REC: cinq pause 
Aligned transcription: Labels/cinq_gabrielides_2012.lab vs Resultats/cinq_gabrielides_2012.rec
 LAB:           cinq  
 REC: cinquante pause 
Aligned transcription: Labels/cinq_jean_2012.lab vs Resultats/cinq_jean_2012.rec
 LAB:       cinq 
 REC: pause cinq 
Aligned transcription: Labels/cinquante_alban_2012.lab vs Resultats/cinquante_alban_2012.rec
 LAB:       cinquante 
 REC: pause cinquante 
Aligned transcription: Labels/cinquante_brice_2012.lab vs Resultats/cinquante_brice_2012.rec
 LAB: cinquante       
 REC: cinquante pause 
Aligned transcription: Labels/cinquante_gabrielides_2012.lab vs Resultats/cinquante_gabrielides_2012.rec
 LAB:       cinquante 
 REC: pause cinquante 
Aligned transcription: Labels/cinquante_hyliass_2012.lab vs Resultats/cinquante_hyliass_2012.rec
 LAB: cinquante 
 REC: quatorze  
Aligned transcription: Labels/cinquante_nabil_2012.lab vs Resultats/cinquante_nabil_2012.rec
 LAB: cinquante 
 REC: quarante  
Aligned transcription: Labels/deux_alban_2012.lab vs Resultats/deux_alban_2012.rec
 LAB: deux       
 REC: deux pause 
Aligned transcription: Labels/deux_dominique_2012.lab vs Resultats/deux_dominique_2012.rec
 LAB: deux       
 REC: deux pause 
Aligned transcription: Labels/deux_eric_2012.lab vs Resultats/deux_eric_2012.rec
 LAB: deux       
 REC: deux pause 
Aligned transcription: Labels/deux_etienne_2012.lab vs Resultats/deux_etienne_2012.rec
 LAB:       deux 
 REC: pause deux 
Aligned transcription: Labels/deux_gabrielides_2012.lab vs Resultats/deux_gabrielides_2012.rec
 LAB:       deux 
 REC: pause deux 
Aligned transcription: Labels/deux_jean_2012.lab vs Resultats/deux_jean_2012.rec
 LAB:       deux 
 REC: pause deux 
Aligned transcription: Labels/deux_nabil_2012.lab vs Resultats/deux_nabil_2012.rec
 LAB: deux  
 REC: douze 
Aligned transcription: Labels/diviser_alban_2012.lab vs Resultats/diviser_alban_2012.rec
 LAB: diviser       
 REC: diviser pause 
Aligned transcription: Labels/diviser_eric_2012.lab vs Resultats/diviser_eric_2012.rec
 LAB:       diviser       
 REC: pause diviser pause 
Aligned transcription: Labels/dix_alban_2012.lab vs Resultats/dix_alban_2012.rec
 LAB: dix 
 REC: six 
Aligned transcription: Labels/dix_etienne_2012.lab vs Resultats/dix_etienne_2012.rec
 LAB:       dix 
 REC: pause dix 
Aligned transcription: Labels/dix_gabrielides_2012.lab vs Resultats/dix_gabrielides_2012.rec
 LAB:       dix       
 REC: pause dix pause 
Aligned transcription: Labels/dix_thomas_2012.lab vs Resultats/dix_thomas_2012.rec
 LAB:         dix   
 REC: diviser pause 
Aligned transcription: Labels/douze_eric_2012.lab vs Resultats/douze_eric_2012.rec
 LAB: douze       
 REC: douze pause 
Aligned transcription: Labels/douze_gabrielides_2012.lab vs Resultats/douze_gabrielides_2012.rec
 LAB:       douze       
 REC: pause douze pause 
Aligned transcription: Labels/egal_alban_2012.lab vs Resultats/egal_alban_2012.rec
 LAB:       egal       
 REC: pause egal pause 
Aligned transcription: Labels/egal_brice_2012.lab vs Resultats/egal_brice_2012.rec
 LAB: egal       
 REC: egal pause 
Aligned transcription: Labels/egal_eric_2012.lab vs Resultats/egal_eric_2012.rec
 LAB:       egal 
 REC: pause egal 
Aligned transcription: Labels/egal_gabrielides_2012.lab vs Resultats/egal_gabrielides_2012.rec
 LAB: egal       
 REC: egal pause 
Aligned transcription: Labels/et_alban_2012.lab vs Resultats/et_alban_2012.rec
 LAB:            et    
 REC: multiplier pause 
Aligned transcription: Labels/et_brice_2012.lab vs Resultats/et_brice_2012.rec
 LAB: et   
 REC: plus 
Aligned transcription: Labels/et_eric_2012.lab vs Resultats/et_eric_2012.rec
 LAB: et      
 REC: diviser 
Aligned transcription: Labels/fois_alban_2012.lab vs Resultats/fois_alban_2012.rec
 LAB:       fois 
 REC: pause fois 
Aligned transcription: Labels/fois_brice_2012.lab vs Resultats/fois_brice_2012.rec
 LAB:             fois  
 REC: pause trois pause 
Aligned transcription: Labels/fois_eric_2012.lab vs Resultats/fois_eric_2012.rec
 LAB: fois       
 REC: fois pause 
Aligned transcription: Labels/fois_etienne_2012.lab vs Resultats/fois_etienne_2012.rec
 LAB:       fois 
 REC: pause fois 
Aligned transcription: Labels/fois_gabrielides_2012.lab vs Resultats/fois_gabrielides_2012.rec
 LAB:       fois 
 REC: pause fois 
Aligned transcription: Labels/huit_brice_2012.lab vs Resultats/huit_brice_2012.rec
 LAB:       huit 
 REC: pause huit 
Aligned transcription: Labels/huit_eric_2012.lab vs Resultats/huit_eric_2012.rec
 LAB:       huit       
 REC: pause huit pause 
Aligned transcription: Labels/moins_alban_2012.lab vs Resultats/moins_alban_2012.rec
 LAB:       moins 
 REC: pause moins 
Aligned transcription: Labels/moins_brice_2012.lab vs Resultats/moins_brice_2012.rec
 LAB:       moins       
 REC: pause moins pause 
Aligned transcription: Labels/moins_gabrielides_2012.lab vs Resultats/moins_gabrielides_2012.rec
 LAB: moins       
 REC: moins pause 
Aligned transcription: Labels/multiplier_brice_2012.lab vs Resultats/multiplier_brice_2012.rec
 LAB: multiplier       
 REC: multiplier pause 
Aligned transcription: Labels/multiplier_eric_2012.lab vs Resultats/multiplier_eric_2012.rec
 LAB: multiplier       
 REC: multiplier pause 
Aligned transcription: Labels/neuf_eric_2012.lab vs Resultats/neuf_eric_2012.rec
 LAB: neuf   
 REC: quatre 
Aligned transcription: Labels/neuf_gabrielides_2012.lab vs Resultats/neuf_gabrielides_2012.rec
 LAB:       neuf 
 REC: pause neuf 
Aligned transcription: Labels/onze_alban_2012.lab vs Resultats/onze_alban_2012.rec
 LAB:             onze  
 REC: pause vingt pause 
Aligned transcription: Labels/onze_brice_2012.lab vs Resultats/onze_brice_2012.rec
 LAB: onze       
 REC: onze pause 
Aligned transcription: Labels/onze_eric_2012.lab vs Resultats/onze_eric_2012.rec
 LAB: onze       
 REC: onze pause 
Aligned transcription: Labels/onze_gabrielides_2012.lab vs Resultats/onze_gabrielides_2012.rec
 LAB:       onze       
 REC: pause onze pause 
Aligned transcription: Labels/onze_nabil_2012.lab vs Resultats/onze_nabil_2012.rec
 LAB: onze   
 REC: trente 
Aligned transcription: Labels/par_etienne_2012.lab vs Resultats/par_etienne_2012.rec
 LAB:       par       
 REC: pause par pause 
Aligned transcription: Labels/pause.lab vs Resultats/pause.rec
 LAB: pause pause pause pause pause pause pause 
 REC:                         pause sept  pause 
Aligned transcription: Labels/quarante_alban_2012.lab vs Resultats/quarante_alban_2012.rec
 LAB:       quarante 
 REC: pause quarante 
Aligned transcription: Labels/quarante_dominique_2012.lab vs Resultats/quarante_dominique_2012.rec
 LAB:       quarante 
 REC: pause quarante 
Aligned transcription: Labels/quarante_etienne_2012.lab vs Resultats/quarante_etienne_2012.rec
 LAB:       quarante 
 REC: pause quarante 
Aligned transcription: Labels/quatorze_etienne_2012.lab vs Resultats/quatorze_etienne_2012.rec
 LAB:       quatorze 
 REC: pause quatorze 
Aligned transcription: Labels/quatorze_gabrielides_2012.lab vs Resultats/quatorze_gabrielides_2012.rec
 LAB:       quatorze 
 REC: pause quatorze 
Aligned transcription: Labels/quatorze_jean_2012.lab vs Resultats/quatorze_jean_2012.rec
 LAB: quatorze       
 REC: quatorze pause 
Aligned transcription: Labels/quatorze_thomas_2012.lab vs Resultats/quatorze_thomas_2012.rec
 LAB: quatorze       
 REC: quatorze pause 
Aligned transcription: Labels/quatre_alban_2012.lab vs Resultats/quatre_alban_2012.rec
 LAB: quatre       
 REC: quatre pause 
Aligned transcription: Labels/quatre_brice_2012.lab vs Resultats/quatre_brice_2012.rec
 LAB:       quatre 
 REC: pause quatre 
Aligned transcription: Labels/quatre_dominique_2012.lab vs Resultats/quatre_dominique_2012.rec
 LAB:       quatre 
 REC: pause quatre 
Aligned transcription: Labels/quatre_eric_2012.lab vs Resultats/quatre_eric_2012.rec
 LAB:       quatre       
 REC: pause quatre pause 
Aligned transcription: Labels/quatre_etienne_2012.lab vs Resultats/quatre_etienne_2012.rec
 LAB:       quatre 
 REC: pause quatre 
Aligned transcription: Labels/quatre_gabrielides_2012.lab vs Resultats/quatre_gabrielides_2012.rec
 LAB: quatre       
 REC: quatre pause 
Aligned transcription: Labels/quinze_alban_2012.lab vs Resultats/quinze_alban_2012.rec
 LAB:       quinze 
 REC: pause quinze 
Aligned transcription: Labels/quinze_brice_2012.lab vs Resultats/quinze_brice_2012.rec
 LAB: quinze   
 REC: quarante 
Aligned transcription: Labels/quinze_etienne_2012.lab vs Resultats/quinze_etienne_2012.rec
 LAB:       quinze       
 REC: pause quinze pause 
Aligned transcription: Labels/quinze_gabrielides_2012.lab vs Resultats/quinze_gabrielides_2012.rec
 LAB:       quinze       
 REC: pause quinze pause 
Aligned transcription: Labels/quinze_hyliass_2012.lab vs Resultats/quinze_hyliass_2012.rec
 LAB: quinze   
 REC: quarante 
Aligned transcription: Labels/quinze_jean_2012.lab vs Resultats/quinze_jean_2012.rec
 LAB: quinze       
 REC: quinze pause 
Aligned transcription: Labels/quinze_thomas_2012.lab vs Resultats/quinze_thomas_2012.rec
 LAB: quinze       
 REC: quinze pause 
Aligned transcription: Labels/seize_alban_2012.lab vs Resultats/seize_alban_2012.rec
 LAB:       seize  
 REC: pause treize 
Aligned transcription: Labels/seize_gabrielides_2012.lab vs Resultats/seize_gabrielides_2012.rec
 LAB: seize       
 REC: seize pause 
Aligned transcription: Labels/seize_jean_2012.lab vs Resultats/seize_jean_2012.rec
 LAB:       seize       
 REC: pause seize pause 
Aligned transcription: Labels/seize_thomas_2012.lab vs Resultats/seize_thomas_2012.rec
 LAB:       seize       
 REC: pause seize pause 
Aligned transcription: Labels/sept_brice_2012.lab vs Resultats/sept_brice_2012.rec
 LAB:       sept 
 REC: pause sept 
Aligned transcription: Labels/sept_dominique_2012.lab vs Resultats/sept_dominique_2012.rec
 LAB:       sept 
 REC: pause sept 
Aligned transcription: Labels/sept_gabrielides_2012.lab vs Resultats/sept_gabrielides_2012.rec
 LAB:       sept 
 REC: pause sept 
Aligned transcription: Labels/sept_thomas_2012.lab vs Resultats/sept_thomas_2012.rec
 LAB:       sept       
 REC: pause sept pause 
Aligned transcription: Labels/six_eric_2012.lab vs Resultats/six_eric_2012.rec
 LAB: six       
 REC: six pause 
Aligned transcription: Labels/six_gabrielides_2012.lab vs Resultats/six_gabrielides_2012.rec
 LAB:       six       
 REC: pause six pause 
Aligned transcription: Labels/six_thomas_2012.lab vs Resultats/six_thomas_2012.rec
 LAB:       six 
 REC: pause six 
Aligned transcription: Labels/soixante_alban_2012.lab vs Resultats/soixante_alban_2012.rec
 LAB: soixante       
 REC: soixante pause 
Aligned transcription: Labels/soixante_brice_2012.lab vs Resultats/soixante_brice_2012.rec
 LAB: soixante       
 REC: soixante pause 
Aligned transcription: Labels/soixante_eric_2012.lab vs Resultats/soixante_eric_2012.rec
 LAB:       soixante       
 REC: pause soixante pause 
Aligned transcription: Labels/soixante_thomas_2012.lab vs Resultats/soixante_thomas_2012.rec
 LAB: soixante       
 REC: soixante pause 
Aligned transcription: Labels/sur_eric_2012.lab vs Resultats/sur_eric_2012.rec
 LAB:       sur 
 REC: pause sur 
Aligned transcription: Labels/sur_etienne_2012.lab vs Resultats/sur_etienne_2012.rec
 LAB: sur       
 REC: sur pause 
Aligned transcription: Labels/sur_gabrielides_2012.lab vs Resultats/sur_gabrielides_2012.rec
 LAB: sur       
 REC: sur pause 
Aligned transcription: Labels/sur_jean_2012.lab vs Resultats/sur_jean_2012.rec
 LAB:       sur 
 REC: pause sur 
Aligned transcription: Labels/sur_nabil_2012.lab vs Resultats/sur_nabil_2012.rec
 LAB: sur   
 REC: douze 
Aligned transcription: Labels/sur_thomas_2012.lab vs Resultats/sur_thomas_2012.rec
 LAB:       sur 
 REC: pause sur 
Aligned transcription: Labels/treize_brice_2012.lab vs Resultats/treize_brice_2012.rec
 LAB: treize       
 REC: treize pause 
Aligned transcription: Labels/treize_etienne_2012.lab vs Resultats/treize_etienne_2012.rec
 LAB:       treize       
 REC: pause treize pause 
Aligned transcription: Labels/treize_gabrielides_2012.lab vs Resultats/treize_gabrielides_2012.rec
 LAB:       treize       
 REC: pause treize pause 
Aligned transcription: Labels/trente_alban_2012.lab vs Resultats/trente_alban_2012.rec
 LAB:       trente       
 REC: pause trente pause 
Aligned transcription: Labels/trente_brice_2012.lab vs Resultats/trente_brice_2012.rec
 LAB: trente       
 REC: trente pause 
Aligned transcription: Labels/trente_dominique_2012.lab vs Resultats/trente_dominique_2012.rec
 LAB:       trente 
 REC: pause trente 
Aligned transcription: Labels/trente_etienne_2012.lab vs Resultats/trente_etienne_2012.rec
 LAB:       trente 
 REC: pause trente 
Aligned transcription: Labels/trente_gabrielides_2012.lab vs Resultats/trente_gabrielides_2012.rec
 LAB: trente       
 REC: trente pause 
Aligned transcription: Labels/trente_thomas_2012.lab vs Resultats/trente_thomas_2012.rec
 LAB: trente       
 REC: trente pause 
Aligned transcription: Labels/trois_alban_2012.lab vs Resultats/trois_alban_2012.rec
 LAB:       trois       
 REC: pause trois pause 
Aligned transcription: Labels/trois_dominique_2012.lab vs Resultats/trois_dominique_2012.rec
 LAB:       trois       
 REC: pause trois pause 
Aligned transcription: Labels/trois_eric_2012.lab vs Resultats/trois_eric_2012.rec
 LAB: trois       
 REC: trois pause 
Aligned transcription: Labels/trois_etienne_2012.lab vs Resultats/trois_etienne_2012.rec
 LAB:       trois       
 REC: pause trois pause 
Aligned transcription: Labels/un_alban_2012.lab vs Resultats/un_alban_2012.rec
 LAB:        un    
 REC: quatre pause 
Aligned transcription: Labels/un_brice_2012.lab vs Resultats/un_brice_2012.rec
 LAB: un     
 REC: trente 
Aligned transcription: Labels/un_dominique_2012.lab vs Resultats/un_dominique_2012.rec
 LAB: un   
 REC: cinq 
Aligned transcription: Labels/un_eric_2012.lab vs Resultats/un_eric_2012.rec
 LAB:                un    
 REC: pause quarante pause 
Aligned transcription: Labels/un_hyliass_2012.lab vs Resultats/un_hyliass_2012.rec
 LAB: un   
 REC: cinq 
Aligned transcription: Labels/un_jean_2012.lab vs Resultats/un_jean_2012.rec
 LAB: un     
 REC: quinze 
Aligned transcription: Labels/un_thomas_2012.lab vs Resultats/un_thomas_2012.rec
 LAB: un       
 REC: un pause 
Aligned transcription: Labels/vingt_alban_2012.lab vs Resultats/vingt_alban_2012.rec
 LAB: vingt       
 REC: vingt pause 
Aligned transcription: Labels/vingt_brice_2012.lab vs Resultats/vingt_brice_2012.rec
 LAB:       vingt 
 REC: moins pause 
Aligned transcription: Labels/vingt_dominique_2012.lab vs Resultats/vingt_dominique_2012.rec
 LAB: vingt 
 REC: par   
Aligned transcription: Labels/vingt_eric_2012.lab vs Resultats/vingt_eric_2012.rec
 LAB: vingt 
 REC: moins 
Aligned transcription: Labels/vingt_etienne_2012.lab vs Resultats/vingt_etienne_2012.rec
 LAB: vingt 
 REC: moins 
Aligned transcription: Labels/vingt_gabrielides_2012.lab vs Resultats/vingt_gabrielides_2012.rec
 LAB:            vingt 
 REC: pause fois pause 
Aligned transcription: Labels/vingt_jean_2012.lab vs Resultats/vingt_jean_2012.rec
 LAB: vingt       
 REC: vingt pause 
Aligned transcription: Labels/vingt_thomas_2012.lab vs Resultats/vingt_thomas_2012.rec
 LAB:       vingt 
 REC: pause vingt 
Aligned transcription: Labels/zero_dominique_2012.lab vs Resultats/zero_dominique_2012.rec
 LAB:       zero       
 REC: pause zero pause 
Aligned transcription: Labels/zero_eric_2012.lab vs Resultats/zero_eric_2012.rec
 LAB: zero       
 REC: zero pause 
====================== HTK Results Analysis =======================
  Date: Sun Dec 21 13:33:39 2014
  Ref : Labels/
  Rec : Resultats/cinq_alban_2012.rec
      : Resultats/cinq_brice_2012.rec
      : Resultats/cinq_dominique_2012.rec
      : Resultats/cinq_eric_2012.rec
      : Resultats/cinq_etienne_2012.rec
------------------------ Overall Results --------------------------
SENT: %Correct=60.45 [H=188, S=123, N=311]
WORD: %Corr=89.27, Acc=48.26 [H=283, D=4, S=30, I=130, N=317]
------------------------ Confusion Matrix -------------------------
       c   c   d   d   d   d   e   e   f   h   m   m   n   o   p   p   q   q   q   q   s   s   s   s   s   t   t   t   u   v   z   p 
       i   i   e   i   i   o   g   t   o   u   o   u   e   n   a   l   u   u   u   u   e   e   i   o   u   r   r   r   n   i   e   a 
       n   n   u   v   x   u   a       i   i   i   l   u   z   r   u   a   a   a   i   i   p   x   i   r   e   e   o       n   r   u 
       q   q   x   i       z   l       s   t   n   t   f   e       s   r   t   t   n   z   t       x       i   n   i       g   o   s 
           u       s       e                   s   i                   a   o   r   z   e           a       z   t   s       t       e  Del [ %c / %e]
cinq   8   0   0   0   0   0   0   0   0   0   0   0   0   0   0   0   1   0   0   0   0   0   0   0   0   0   0   0   0   0   0   1    0 [80.0/0.6]
cinq   0   8   0   0   0   0   0   0   0   0   0   0   0   0   0   0   1   1   0   0   0   0   0   0   0   0   0   0   0   0   0   0    0 [80.0/0.6]
deux   0   0   9   0   0   1   0   0   0   0   0   0   0   0   0   0   0   0   0   0   0   0   0   0   0   0   0   0   0   0   0   0    0 [90.0/0.3]
divi   0   0   0  10   0   0   0   0   0   0   0   0   0   0   0   0   0   0   0   0   0   0   0   0   0   0   0   0   0   0   0   0    0
 dix   0   0   0   0   8   0   0   0   0   0   0   0   0   0   0   0   0   0   0   0   0   0   1   0   0   0   0   0   0   0   0   1    0 [80.0/0.6]
douz   0   0   0   0   0  10   0   0   0   0   0   0   0   0   0   0   0   0   0   0   0   0   0   0   0   0   0   0   0   0   0   0    0
egal   0   0   0   0   0   0  10   0   0   0   0   0   0   0   0   0   0   0   0   0   0   0   0   0   0   0   0   0   0   0   0   0    0
  et   0   0   0   1   0   0   0   7   0   0   0   0   0   0   0   1   0   0   0   0   0   0   0   0   0   0   0   0   0   0   0   1    0 [70.0/0.9]
fois   0   0   0   0   0   0   0   0   9   0   0   0   0   0   0   0   0   0   0   0   0   0   0   0   0   0   0   0   0   0   0   1    0 [90.0/0.3]
huit   0   0   0   0   0   0   0   0   0  10   0   0   0   0   0   0   0   0   0   0   0   0   0   0   0   0   0   0   0   0   0   0    0
moin   0   0   0   0   0   0   0   0   0   0  10   0   0   0   0   0   0   0   0   0   0   0   0   0   0   0   0   0   0   0   0   0    0
mult   0   0   0   0   0   0   0   0   0   0   0  10   0   0   0   0   0   0   0   0   0   0   0   0   0   0   0   0   0   0   0   0    0
neuf   0   0   0   0   0   0   0   0   0   0   0   0   9   0   0   0   0   0   1   0   0   0   0   0   0   0   0   0   0   0   0   0    0 [90.0/0.3]
onze   0   0   0   0   0   0   0   0   0   0   0   0   0   8   0   0   0   0   0   0   0   0   0   0   0   0   1   0   0   0   0   1    0 [80.0/0.6]
 par   0   0   0   0   0   0   0   0   0   0   0   0   0   0  10   0   0   0   0   0   0   0   0   0   0   0   0   0   0   0   0   0    0
plus   0   0   0   0   0   0   0   0   0   0   0   0   0   0   0  10   0   0   0   0   0   0   0   0   0   0   0   0   0   0   0   0    0
quar   0   0   0   0   0   0   0   0   0   0   0   0   0   0   0   0  10   0   0   0   0   0   0   0   0   0   0   0   0   0   0   0    0
quat   0   0   0   0   0   0   0   0   0   0   0   0   0   0   0   0   0  10   0   0   0   0   0   0   0   0   0   0   0   0   0   0    0
quat   0   0   0   0   0   0   0   0   0   0   0   0   0   0   0   0   0   0  10   0   0   0   0   0   0   0   0   0   0   0   0   0    0
quin   0   0   0   0   0   0   0   0   0   0   0   0   0   0   0   0   2   0   0   8   0   0   0   0   0   0   0   0   0   0   0   0    0 [80.0/0.6]
seiz   0   0   0   0   0   0   0   0   0   0   0   0   0   0   0   0   0   0   0   0   9   0   0   0   0   1   0   0   0   0   0   0    0 [90.0/0.3]
sept   0   0   0   0   0   0   0   0   0   0   0   0   0   0   0   0   0   0   0   0   0  10   0   0   0   0   0   0   0   0   0   0    0
 six   0   0   0   0   0   0   0   0   0   0   0   0   0   0   0   0   0   0   0   0   0   0  10   0   0   0   0   0   0   0   0   0    0
soix   0   0   0   0   0   0   0   0   0   0   0   0   0   0   0   0   0   0   0   0   0   0   0  10   0   0   0   0   0   0   0   0    0
 sur   0   0   0   0   0   1   0   0   0   0   0   0   0   0   0   0   0   0   0   0   0   0   0   0   9   0   0   0   0   0   0   0    0 [90.0/0.3]
trei   0   0   0   0   0   0   0   0   0   0   0   0   0   0   0   0   0   0   0   0   0   0   0   0   0  10   0   0   0   0   0   0    0
tren   0   0   0   0   0   0   0   0   0   0   0   0   0   0   0   0   0   0   0   0   0   0   0   0   0   0  10   0   0   0   0   0    0
troi   0   0   0   0   0   0   0   0   0   0   0   0   0   0   0   0   0   0   0   0   0   0   0   0   0   0   0  10   0   0   0   0    0
  un   2   0   0   0   0   0   0   0   0   0   0   0   0   0   0   0   0   0   0   1   0   0   0   0   0   0   1   0   4   0   0   2    0 [40.0/1.9]
ving   0   0   0   0   0   0   0   0   0   0   2   0   0   0   1   0   0   0   0   0   0   0   0   0   0   0   0   0   0   5   0   2    0 [50.0/1.6]
zero   0   0   0   0   0   0   0   0   0   0   0   0   0   0   0   0   0   0   0   0   0   0   0   0   0   0   0   0   0   0  10   0    0
paus   0   0   0   0   0   0   0   0   0   0   0   0   0   0   0   0   0   0   0   0   0   1   0   0   0   0   0   0   0   0   0   2    4 [66.7/0.3]
Ins    0   1   0   1   0   0   0   0   1   0   1   1   0   0   0   0   1   0   1   0   0   0   0   0   0   0   0   1   0   1   0 121
===================================================================
