Aligned transcription: Labels/cinq_eric_2012.lab vs Resultats/cinq_eric_2012.rec
 LAB: cinq     
 REC: quarante 
Aligned transcription: Labels/cinq_gabrielides_2012.lab vs Resultats/cinq_gabrielides_2012.rec
 LAB: cinq      
 REC: cinquante 
Aligned transcription: Labels/cinquante_hyliass_2012.lab vs Resultats/cinquante_hyliass_2012.rec
 LAB: cinquante 
 REC: quatorze  
Aligned transcription: Labels/cinquante_nabil_2012.lab vs Resultats/cinquante_nabil_2012.rec
 LAB: cinquante 
 REC: quarante  
Aligned transcription: Labels/deux_nabil_2012.lab vs Resultats/deux_nabil_2012.rec
 LAB: deux  
 REC: douze 
Aligned transcription: Labels/dix_alban_2012.lab vs Resultats/dix_alban_2012.rec
 LAB: dix 
 REC: six 
Aligned transcription: Labels/dix_thomas_2012.lab vs Resultats/dix_thomas_2012.rec
 LAB: dix     
 REC: diviser 
Aligned transcription: Labels/et_alban_2012.lab vs Resultats/et_alban_2012.rec
 LAB: et         
 REC: multiplier 
Aligned transcription: Labels/et_brice_2012.lab vs Resultats/et_brice_2012.rec
 LAB: et   
 REC: plus 
Aligned transcription: Labels/et_eric_2012.lab vs Resultats/et_eric_2012.rec
 LAB: et      
 REC: diviser 
Aligned transcription: Labels/fois_brice_2012.lab vs Resultats/fois_brice_2012.rec
 LAB: fois  
 REC: trois 
Aligned transcription: Labels/neuf_eric_2012.lab vs Resultats/neuf_eric_2012.rec
 LAB: neuf   
 REC: quatre 
Aligned transcription: Labels/onze_alban_2012.lab vs Resultats/onze_alban_2012.rec
 LAB: onze  
 REC: vingt 
Aligned transcription: Labels/onze_nabil_2012.lab vs Resultats/onze_nabil_2012.rec
 LAB: onze   
 REC: trente 
Aligned transcription: Labels/pause.lab vs Resultats/pause.rec
 LAB:      
 REC: sept 
Aligned transcription: Labels/quinze_brice_2012.lab vs Resultats/quinze_brice_2012.rec
 LAB: quinze   
 REC: quarante 
Aligned transcription: Labels/quinze_hyliass_2012.lab vs Resultats/quinze_hyliass_2012.rec
 LAB: quinze   
 REC: quarante 
Aligned transcription: Labels/seize_alban_2012.lab vs Resultats/seize_alban_2012.rec
 LAB: seize  
 REC: treize 
Aligned transcription: Labels/sur_nabil_2012.lab vs Resultats/sur_nabil_2012.rec
 LAB: sur   
 REC: douze 
Aligned transcription: Labels/un_alban_2012.lab vs Resultats/un_alban_2012.rec
 LAB: un     
 REC: quatre 
Aligned transcription: Labels/un_brice_2012.lab vs Resultats/un_brice_2012.rec
 LAB: un     
 REC: trente 
Aligned transcription: Labels/un_dominique_2012.lab vs Resultats/un_dominique_2012.rec
 LAB: un   
 REC: cinq 
Aligned transcription: Labels/un_eric_2012.lab vs Resultats/un_eric_2012.rec
 LAB: un       
 REC: quarante 
Aligned transcription: Labels/un_hyliass_2012.lab vs Resultats/un_hyliass_2012.rec
 LAB: un   
 REC: cinq 
Aligned transcription: Labels/un_jean_2012.lab vs Resultats/un_jean_2012.rec
 LAB: un     
 REC: quinze 
Aligned transcription: Labels/vingt_brice_2012.lab vs Resultats/vingt_brice_2012.rec
 LAB: vingt 
 REC: moins 
Aligned transcription: Labels/vingt_dominique_2012.lab vs Resultats/vingt_dominique_2012.rec
 LAB: vingt 
 REC: par   
Aligned transcription: Labels/vingt_eric_2012.lab vs Resultats/vingt_eric_2012.rec
 LAB: vingt 
 REC: moins 
Aligned transcription: Labels/vingt_etienne_2012.lab vs Resultats/vingt_etienne_2012.rec
 LAB: vingt 
 REC: moins 
Aligned transcription: Labels/vingt_gabrielides_2012.lab vs Resultats/vingt_gabrielides_2012.rec
 LAB: vingt 
 REC: fois  
====================== HTK Results Analysis =======================
  Date: Sun Dec 21 13:37:34 2014
  Ref : Labels/
  Rec : Resultats/cinq_alban_2012.rec
      : Resultats/cinq_brice_2012.rec
      : Resultats/cinq_dominique_2012.rec
      : Resultats/cinq_eric_2012.rec
      : Resultats/cinq_etienne_2012.rec
------------------------ Overall Results --------------------------
SENT: %Correct=90.35 [H=281, S=30, N=311]
WORD: %Corr=90.65, Acc=90.32 [H=281, D=0, S=29, I=1, N=310]
------------------------ Confusion Matrix -------------------------
       c   c   d   d   d   d   e   e   f   h   m   m   n   o   p   p   q   q   q   q   s   s   s   s   s   t   t   t   u   v   z 
       i   i   e   i   i   o   g   t   o   u   o   u   e   n   a   l   u   u   u   u   e   e   i   o   u   r   r   r   n   i   e 
       n   n   u   v   x   u   a       i   i   i   l   u   z   r   u   a   a   a   i   i   p   x   i   r   e   e   o       n   r 
       q   q   x   i       z   l       s   t   n   t   f   e       s   r   t   t   n   z   t       x       i   n   i       g   o 
           u       s       e                   s   i                   a   o   r   z   e           a       z   t   s       t      Del [ %c / %e]
cinq   8   1   0   0   0   0   0   0   0   0   0   0   0   0   0   0   1   0   0   0   0   0   0   0   0   0   0   0   0   0   0    0 [80.0/0.6]
cinq   0   8   0   0   0   0   0   0   0   0   0   0   0   0   0   0   1   1   0   0   0   0   0   0   0   0   0   0   0   0   0    0 [80.0/0.6]
deux   0   0   9   0   0   1   0   0   0   0   0   0   0   0   0   0   0   0   0   0   0   0   0   0   0   0   0   0   0   0   0    0 [90.0/0.3]
divi   0   0   0  10   0   0   0   0   0   0   0   0   0   0   0   0   0   0   0   0   0   0   0   0   0   0   0   0   0   0   0    0
 dix   0   0   0   1   8   0   0   0   0   0   0   0   0   0   0   0   0   0   0   0   0   0   1   0   0   0   0   0   0   0   0    0 [80.0/0.6]
douz   0   0   0   0   0  10   0   0   0   0   0   0   0   0   0   0   0   0   0   0   0   0   0   0   0   0   0   0   0   0   0    0
egal   0   0   0   0   0   0  10   0   0   0   0   0   0   0   0   0   0   0   0   0   0   0   0   0   0   0   0   0   0   0   0    0
  et   0   0   0   1   0   0   0   7   0   0   0   1   0   0   0   1   0   0   0   0   0   0   0   0   0   0   0   0   0   0   0    0 [70.0/1.0]
fois   0   0   0   0   0   0   0   0   9   0   0   0   0   0   0   0   0   0   0   0   0   0   0   0   0   0   0   1   0   0   0    0 [90.0/0.3]
huit   0   0   0   0   0   0   0   0   0  10   0   0   0   0   0   0   0   0   0   0   0   0   0   0   0   0   0   0   0   0   0    0
moin   0   0   0   0   0   0   0   0   0   0  10   0   0   0   0   0   0   0   0   0   0   0   0   0   0   0   0   0   0   0   0    0
mult   0   0   0   0   0   0   0   0   0   0   0  10   0   0   0   0   0   0   0   0   0   0   0   0   0   0   0   0   0   0   0    0
neuf   0   0   0   0   0   0   0   0   0   0   0   0   9   0   0   0   0   0   1   0   0   0   0   0   0   0   0   0   0   0   0    0 [90.0/0.3]
onze   0   0   0   0   0   0   0   0   0   0   0   0   0   8   0   0   0   0   0   0   0   0   0   0   0   0   1   0   0   1   0    0 [80.0/0.6]
 par   0   0   0   0   0   0   0   0   0   0   0   0   0   0  10   0   0   0   0   0   0   0   0   0   0   0   0   0   0   0   0    0
plus   0   0   0   0   0   0   0   0   0   0   0   0   0   0   0  10   0   0   0   0   0   0   0   0   0   0   0   0   0   0   0    0
quar   0   0   0   0   0   0   0   0   0   0   0   0   0   0   0   0  10   0   0   0   0   0   0   0   0   0   0   0   0   0   0    0
quat   0   0   0   0   0   0   0   0   0   0   0   0   0   0   0   0   0  10   0   0   0   0   0   0   0   0   0   0   0   0   0    0
quat   0   0   0   0   0   0   0   0   0   0   0   0   0   0   0   0   0   0  10   0   0   0   0   0   0   0   0   0   0   0   0    0
quin   0   0   0   0   0   0   0   0   0   0   0   0   0   0   0   0   2   0   0   8   0   0   0   0   0   0   0   0   0   0   0    0 [80.0/0.6]
seiz   0   0   0   0   0   0   0   0   0   0   0   0   0   0   0   0   0   0   0   0   9   0   0   0   0   1   0   0   0   0   0    0 [90.0/0.3]
sept   0   0   0   0   0   0   0   0   0   0   0   0   0   0   0   0   0   0   0   0   0  10   0   0   0   0   0   0   0   0   0    0
 six   0   0   0   0   0   0   0   0   0   0   0   0   0   0   0   0   0   0   0   0   0   0  10   0   0   0   0   0   0   0   0    0
soix   0   0   0   0   0   0   0   0   0   0   0   0   0   0   0   0   0   0   0   0   0   0   0  10   0   0   0   0   0   0   0    0
 sur   0   0   0   0   0   1   0   0   0   0   0   0   0   0   0   0   0   0   0   0   0   0   0   0   9   0   0   0   0   0   0    0 [90.0/0.3]
trei   0   0   0   0   0   0   0   0   0   0   0   0   0   0   0   0   0   0   0   0   0   0   0   0   0  10   0   0   0   0   0    0
tren   0   0   0   0   0   0   0   0   0   0   0   0   0   0   0   0   0   0   0   0   0   0   0   0   0   0  10   0   0   0   0    0
troi   0   0   0   0   0   0   0   0   0   0   0   0   0   0   0   0   0   0   0   0   0   0   0   0   0   0   0  10   0   0   0    0
  un   2   0   0   0   0   0   0   0   0   0   0   0   0   0   0   0   1   0   1   1   0   0   0   0   0   0   1   0   4   0   0    0 [40.0/1.9]
ving   0   0   0   0   0   0   0   0   1   0   3   0   0   0   1   0   0   0   0   0   0   0   0   0   0   0   0   0   0   5   0    0 [50.0/1.6]
zero   0   0   0   0   0   0   0   0   0   0   0   0   0   0   0   0   0   0   0   0   0   0   0   0   0   0   0   0   0   0  10    0
Ins    0   0   0   0   0   0   0   0   0   0   0   0   0   0   0   0   0   0   0   0   0   1   0   0   0   0   0   0   0   0   0
===================================================================
