Aligned transcription: Labels/cinq_jeremy_2013.lab vs Resultats/cinq_jeremy_2013.rec
 LAB: cinq     
 REC: quarante 
Aligned transcription: Labels/cinq_louis_2013.lab vs Resultats/cinq_louis_2013.rec
 LAB: cinq 
 REC: sept 
Aligned transcription: Labels/cinq_rohdri_2013.lab vs Resultats/cinq_rohdri_2013.rec
 LAB:       cinq      
 REC: pause cinquante 
Aligned transcription: Labels/cinq_veysseire_2014.lab vs Resultats/cinq_veysseire_2014.rec
 LAB: cinq     
 REC: quarante 
Aligned transcription: Labels/cinquante_veysseire_2014.lab vs Resultats/cinquante_veysseire_2014.rec
 LAB: cinquante 
 REC: quarante  
Aligned transcription: Labels/deux_jeremy_2013.lab vs Resultats/deux_jeremy_2013.rec
 LAB: deux 
 REC: neuf 
Aligned transcription: Labels/deux_louis_2013.lab vs Resultats/deux_louis_2013.rec
 LAB: deux  
 REC: douze 
Aligned transcription: Labels/deux_veysseire_2014.lab vs Resultats/deux_veysseire_2014.rec
 LAB: deux  
 REC: vingt 
Aligned transcription: Labels/diviser_jeremy_2013.lab vs Resultats/diviser_jeremy_2013.rec
 LAB: diviser 
 REC: douze   
Aligned transcription: Labels/diviser_louis_2013.lab vs Resultats/diviser_louis_2013.rec
 LAB: diviser 
 REC: sept    
Aligned transcription: Labels/diviser_veysseire_2014.lab vs Resultats/diviser_veysseire_2014.rec
 LAB: diviser 
 REC: six     
Aligned transcription: Labels/dix_jeremy_2013.lab vs Resultats/dix_jeremy_2013.rec
 LAB: dix  
 REC: huit 
Aligned transcription: Labels/dix_louis_2013.lab vs Resultats/dix_louis_2013.rec
 LAB: dix  
 REC: sept 
Aligned transcription: Labels/dix_rohdri_2013.lab vs Resultats/dix_rohdri_2013.rec
 LAB: dix 
 REC: six 
Aligned transcription: Labels/dix_veysseire_2014.lab vs Resultats/dix_veysseire_2014.rec
 LAB: dix 
 REC: six 
Aligned transcription: Labels/et_veysseire_2014.lab vs Resultats/et_veysseire_2014.rec
 LAB: et   
 REC: huit 
Aligned transcription: Labels/fois_veysseire_2014.lab vs Resultats/fois_veysseire_2014.rec
 LAB: fois     
 REC: quarante 
Aligned transcription: Labels/huit_louis_2013.lab vs Resultats/huit_louis_2013.rec
 LAB: huit 
 REC: neuf 
Aligned transcription: Labels/huit_veysseire_2014.lab vs Resultats/huit_veysseire_2014.rec
 LAB: huit 
 REC: six  
Aligned transcription: Labels/moins_jeremy_2013.lab vs Resultats/moins_jeremy_2013.rec
 LAB: moins 
 REC: vingt 
Aligned transcription: Labels/moins_louis_2013.lab vs Resultats/moins_louis_2013.rec
 LAB: moins 
 REC: vingt 
Aligned transcription: Labels/moins_veysseire_2014.lab vs Resultats/moins_veysseire_2014.rec
 LAB: moins    
 REC: quarante 
Aligned transcription: Labels/multiplier_jeremy_2013.lab vs Resultats/multiplier_jeremy_2013.rec
 LAB: multiplier 
 REC: quatorze   
Aligned transcription: Labels/multiplier_louis_2013.lab vs Resultats/multiplier_louis_2013.rec
 LAB: multiplier 
 REC: huit       
Aligned transcription: Labels/multiplier_veysseire_2014.lab vs Resultats/multiplier_veysseire_2014.rec
 LAB: multiplier 
 REC: huit       
Aligned transcription: Labels/neuf_jeremy_2013.lab vs Resultats/neuf_jeremy_2013.rec
 LAB: neuf 
 REC: sept 
Aligned transcription: Labels/neuf_rohdri_2013.lab vs Resultats/neuf_rohdri_2013.rec
 LAB: neuf  
 REC: douze 
Aligned transcription: Labels/neuf_veysseire_2014.lab vs Resultats/neuf_veysseire_2014.rec
 LAB: neuf 
 REC: huit 
Aligned transcription: Labels/onze_veysseire_2014.lab vs Resultats/onze_veysseire_2014.rec
 LAB: onze     
 REC: soixante 
Aligned transcription: Labels/par_veysseire_2014.lab vs Resultats/par_veysseire_2014.rec
 LAB: par      
 REC: quarante 
Aligned transcription: Labels/plus_jeremy_2013.lab vs Resultats/plus_jeremy_2013.rec
 LAB: plus 
 REC: neuf 
Aligned transcription: Labels/plus_louis_2013.lab vs Resultats/plus_louis_2013.rec
 LAB: plus  
 REC: douze 
Aligned transcription: Labels/plus_veysseire_2014.lab vs Resultats/plus_veysseire_2014.rec
 LAB: plus     
 REC: quatorze 
Aligned transcription: Labels/quatre_jeremy_2013.lab vs Resultats/quatre_jeremy_2013.rec
 LAB: quatre 
 REC: sept   
Aligned transcription: Labels/quatre_louis_2013.lab vs Resultats/quatre_louis_2013.rec
 LAB: quatre 
 REC: neuf   
Aligned transcription: Labels/quatre_veysseire_2014.lab vs Resultats/quatre_veysseire_2014.rec
 LAB: quatre   
 REC: quarante 
Aligned transcription: Labels/sept_louis_2013.lab vs Resultats/sept_louis_2013.rec
 LAB: sept  
 REC: vingt 
Aligned transcription: Labels/sur_veysseire_2014.lab vs Resultats/sur_veysseire_2014.rec
 LAB: sur 
 REC: six 
Aligned transcription: Labels/treize_veysseire_2014.lab vs Resultats/treize_veysseire_2014.rec
 LAB: treize 
 REC: neuf   
Aligned transcription: Labels/trente_veysseire_2014.lab vs Resultats/trente_veysseire_2014.rec
 LAB: trente   
 REC: quarante 
Aligned transcription: Labels/trois_jeremy_2013.lab vs Resultats/trois_jeremy_2013.rec
 LAB: trois    
 REC: soixante 
Aligned transcription: Labels/trois_louis_2013.lab vs Resultats/trois_louis_2013.rec
 LAB: trois    
 REC: soixante 
Aligned transcription: Labels/trois_veysseire_2014.lab vs Resultats/trois_veysseire_2014.rec
 LAB: trois    
 REC: soixante 
Aligned transcription: Labels/un_jeremy_2013.lab vs Resultats/un_jeremy_2013.rec
 LAB: un    
 REC: vingt 
Aligned transcription: Labels/un_louis_2013.lab vs Resultats/un_louis_2013.rec
 LAB: un    
 REC: vingt 
Aligned transcription: Labels/un_rohdri_2013.lab vs Resultats/un_rohdri_2013.rec
 LAB: un       
 REC: quarante 
Aligned transcription: Labels/un_veysseire_2014.lab vs Resultats/un_veysseire_2014.rec
 LAB: un    
 REC: vingt 
Aligned transcription: Labels/zero_veysseire_2014.lab vs Resultats/zero_veysseire_2014.rec
 LAB: zero     
 REC: quatorze 
====================== HTK Results Analysis =======================
  Date: Sun Dec 21 19:06:00 2014
  Ref : Labels/
  Rec : Resultats/cinq_jeremy_2013.rec
      : Resultats/cinq_louis_2013.rec
      : Resultats/cinq_rohdri_2013.rec
      : Resultats/cinq_veysseire_2014.rec
      : Resultats/cinquante_veysseire_2014.rec
------------------------ Overall Results --------------------------
SENT: %Correct=34.25 [H=25, S=48, N=73]
WORD: %Corr=34.25, Acc=32.88 [H=25, D=0, S=48, I=1, N=73]
------------------------ Confusion Matrix -------------------------
       c   d   d   d   e   h   m   m   n   p   q   q   q   q   s   s   s   s   t   v   p 
       i   e   i   o   g   u   o   u   e   l   u   u   u   u   e   e   i   o   r   i   a 
       n   u   v   u   a   i   i   l   u   u   a   a   a   i   i   p   x   i   o   n   u 
       q   x   i   z   l   t   n   t   f   s   r   t   t   n   z   t       x   i   g   s 
       u       s   e           s   i           a   o   r   z   e           a   s   t   e  Del [ %c / %e]
cinq   1   0   0   0   0   0   0   0   0   0   2   0   0   0   0   1   0   0   0   0   0    0 [ 0.0/5.5]
cinq   0   0   0   0   0   0   0   0   0   0   1   0   0   0   0   0   0   0   0   0   0    0 [ 0.0/1.4]
deux   0   1   0   1   0   0   0   0   1   0   0   0   0   0   0   0   0   0   0   1   0    0 [25.0/4.1]
divi   0   0   1   1   0   0   0   0   0   0   0   0   0   0   0   1   1   0   0   0   0    0 [25.0/4.1]
 dix   0   0   0   0   0   1   0   0   0   0   0   0   0   0   0   1   2   0   0   0   0    0 [ 0.0/5.5]
douz   0   0   0   1   0   0   0   0   0   0   0   0   0   0   0   0   0   0   0   0   0    0
egal   0   0   0   0   1   0   0   0   0   0   0   0   0   0   0   0   0   0   0   0   0    0
  et   0   0   0   0   0   1   0   0   0   0   0   0   0   0   0   0   0   0   0   0   0    0 [ 0.0/1.4]
fois   0   0   0   0   0   0   0   0   0   0   1   0   0   0   0   0   0   0   0   0   0    0 [ 0.0/1.4]
huit   0   0   0   0   0   2   0   0   1   0   0   0   0   0   0   0   1   0   0   0   0    0 [50.0/2.7]
moin   0   0   0   0   0   0   1   0   0   0   1   0   0   0   0   0   0   0   0   2   0    0 [25.0/4.1]
mult   0   0   0   0   0   2   0   1   0   0   0   1   0   0   0   0   0   0   0   0   0    0 [25.0/4.1]
neuf   0   0   0   1   0   1   0   0   1   0   0   0   0   0   0   1   0   0   0   0   0    0 [25.0/4.1]
onze   0   0   0   0   0   0   0   0   0   0   0   0   0   0   0   0   0   1   0   0   0    0 [ 0.0/1.4]
 par   0   0   0   0   0   0   0   0   0   0   1   0   0   0   0   0   0   0   0   0   0    0 [ 0.0/1.4]
plus   0   0   0   1   0   0   0   0   1   1   0   1   0   0   0   0   0   0   0   0   0    0 [25.0/4.1]
quar   0   0   0   0   0   0   0   0   0   0   1   0   0   0   0   0   0   0   0   0   0    0
quat   0   0   0   0   0   0   0   0   0   0   0   1   0   0   0   0   0   0   0   0   0    0
quat   0   0   0   0   0   0   0   0   1   0   1   0   1   0   0   1   0   0   0   0   0    0 [25.0/4.1]
quin   0   0   0   0   0   0   0   0   0   0   0   0   0   1   0   0   0   0   0   0   0    0
seiz   0   0   0   0   0   0   0   0   0   0   0   0   0   0   1   0   0   0   0   0   0    0
sept   0   0   0   0   0   0   0   0   0   0   0   0   0   0   0   3   0   0   0   1   0    0 [75.0/1.4]
 six   0   0   0   0   0   0   0   0   0   0   0   0   0   0   0   0   4   0   0   0   0    0
soix   0   0   0   0   0   0   0   0   0   0   0   0   0   0   0   0   0   1   0   0   0    0
 sur   0   0   0   0   0   0   0   0   0   0   0   0   0   0   0   0   1   0   0   0   0    0 [ 0.0/1.4]
trei   0   0   0   0   0   0   0   0   1   0   0   0   0   0   0   0   0   0   0   0   0    0 [ 0.0/1.4]
tren   0   0   0   0   0   0   0   0   0   0   1   0   0   0   0   0   0   0   0   0   0    0 [ 0.0/1.4]
troi   0   0   0   0   0   0   0   0   0   0   0   0   0   0   0   0   0   3   1   0   0    0 [25.0/4.1]
  un   0   0   0   0   0   0   0   0   0   0   1   0   0   0   0   0   0   0   0   3   0    0 [ 0.0/5.5]
ving   0   0   0   0   0   0   0   0   0   0   0   0   0   0   0   0   0   0   0   1   0    0
zero   0   0   0   0   0   0   0   0   0   0   0   1   0   0   0   0   0   0   0   0   0    0 [ 0.0/1.4]
Ins    0   0   0   0   0   0   0   0   0   0   0   0   0   0   0   0   0   0   0   0   1
===================================================================
