====================== HTK Results Analysis =======================
  Date: Sun Dec 21 13:36:28 2014
  Ref : Labels/
  Rec : Resultats/cinq_alban_2012.rec
      : Resultats/cinq_brice_2012.rec
      : Resultats/cinq_dominique_2012.rec
      : Resultats/cinq_eric_2012.rec
      : Resultats/cinq_etienne_2012.rec
------------------------ Overall Results --------------------------
SENT: %Correct=60.45 [H=188, S=123, N=311]
WORD: %Corr=89.27, Acc=48.26 [H=283, D=4, S=30, I=130, N=317]
------------------------ Confusion Matrix -------------------------
       c   c   d   d   d   d   e   e   f   h   m   m   n   o   p   p   q   q   q   q   s   s   s   s   s   t   t   t   u   v   z   p 
       i   i   e   i   i   o   g   t   o   u   o   u   e   n   a   l   u   u   u   u   e   e   i   o   u   r   r   r   n   i   e   a 
       n   n   u   v   x   u   a       i   i   i   l   u   z   r   u   a   a   a   i   i   p   x   i   r   e   e   o       n   r   u 
       q   q   x   i       z   l       s   t   n   t   f   e       s   r   t   t   n   z   t       x       i   n   i       g   o   s 
           u       s       e                   s   i                   a   o   r   z   e           a       z   t   s       t       e  Del [ %c / %e]
cinq   8   0   0   0   0   0   0   0   0   0   0   0   0   0   0   0   1   0   0   0   0   0   0   0   0   0   0   0   0   0   0   1    0 [80.0/0.6]
cinq   0   8   0   0   0   0   0   0   0   0   0   0   0   0   0   0   1   1   0   0   0   0   0   0   0   0   0   0   0   0   0   0    0 [80.0/0.6]
deux   0   0   9   0   0   1   0   0   0   0   0   0   0   0   0   0   0   0   0   0   0   0   0   0   0   0   0   0   0   0   0   0    0 [90.0/0.3]
divi   0   0   0  10   0   0   0   0   0   0   0   0   0   0   0   0   0   0   0   0   0   0   0   0   0   0   0   0   0   0   0   0    0
 dix   0   0   0   0   8   0   0   0   0   0   0   0   0   0   0   0   0   0   0   0   0   0   1   0   0   0   0   0   0   0   0   1    0 [80.0/0.6]
douz   0   0   0   0   0  10   0   0   0   0   0   0   0   0   0   0   0   0   0   0   0   0   0   0   0   0   0   0   0   0   0   0    0
egal   0   0   0   0   0   0  10   0   0   0   0   0   0   0   0   0   0   0   0   0   0   0   0   0   0   0   0   0   0   0   0   0    0
  et   0   0   0   1   0   0   0   7   0   0   0   0   0   0   0   1   0   0   0   0   0   0   0   0   0   0   0   0   0   0   0   1    0 [70.0/0.9]
fois   0   0   0   0   0   0   0   0   9   0   0   0   0   0   0   0   0   0   0   0   0   0   0   0   0   0   0   0   0   0   0   1    0 [90.0/0.3]
huit   0   0   0   0   0   0   0   0   0  10   0   0   0   0   0   0   0   0   0   0   0   0   0   0   0   0   0   0   0   0   0   0    0
moin   0   0   0   0   0   0   0   0   0   0  10   0   0   0   0   0   0   0   0   0   0   0   0   0   0   0   0   0   0   0   0   0    0
mult   0   0   0   0   0   0   0   0   0   0   0  10   0   0   0   0   0   0   0   0   0   0   0   0   0   0   0   0   0   0   0   0    0
neuf   0   0   0   0   0   0   0   0   0   0   0   0   9   0   0   0   0   0   1   0   0   0   0   0   0   0   0   0   0   0   0   0    0 [90.0/0.3]
onze   0   0   0   0   0   0   0   0   0   0   0   0   0   8   0   0   0   0   0   0   0   0   0   0   0   0   1   0   0   0   0   1    0 [80.0/0.6]
 par   0   0   0   0   0   0   0   0   0   0   0   0   0   0  10   0   0   0   0   0   0   0   0   0   0   0   0   0   0   0   0   0    0
plus   0   0   0   0   0   0   0   0   0   0   0   0   0   0   0  10   0   0   0   0   0   0   0   0   0   0   0   0   0   0   0   0    0
quar   0   0   0   0   0   0   0   0   0   0   0   0   0   0   0   0  10   0   0   0   0   0   0   0   0   0   0   0   0   0   0   0    0
quat   0   0   0   0   0   0   0   0   0   0   0   0   0   0   0   0   0  10   0   0   0   0   0   0   0   0   0   0   0   0   0   0    0
quat   0   0   0   0   0   0   0   0   0   0   0   0   0   0   0   0   0   0  10   0   0   0   0   0   0   0   0   0   0   0   0   0    0
quin   0   0   0   0   0   0   0   0   0   0   0   0   0   0   0   0   2   0   0   8   0   0   0   0   0   0   0   0   0   0   0   0    0 [80.0/0.6]
seiz   0   0   0   0   0   0   0   0   0   0   0   0   0   0   0   0   0   0   0   0   9   0   0   0   0   1   0   0   0   0   0   0    0 [90.0/0.3]
sept   0   0   0   0   0   0   0   0   0   0   0   0   0   0   0   0   0   0   0   0   0  10   0   0   0   0   0   0   0   0   0   0    0
 six   0   0   0   0   0   0   0   0   0   0   0   0   0   0   0   0   0   0   0   0   0   0  10   0   0   0   0   0   0   0   0   0    0
soix   0   0   0   0   0   0   0   0   0   0   0   0   0   0   0   0   0   0   0   0   0   0   0  10   0   0   0   0   0   0   0   0    0
 sur   0   0   0   0   0   1   0   0   0   0   0   0   0   0   0   0   0   0   0   0   0   0   0   0   9   0   0   0   0   0   0   0    0 [90.0/0.3]
trei   0   0   0   0   0   0   0   0   0   0   0   0   0   0   0   0   0   0   0   0   0   0   0   0   0  10   0   0   0   0   0   0    0
tren   0   0   0   0   0   0   0   0   0   0   0   0   0   0   0   0   0   0   0   0   0   0   0   0   0   0  10   0   0   0   0   0    0
troi   0   0   0   0   0   0   0   0   0   0   0   0   0   0   0   0   0   0   0   0   0   0   0   0   0   0   0  10   0   0   0   0    0
  un   2   0   0   0   0   0   0   0   0   0   0   0   0   0   0   0   0   0   0   1   0   0   0   0   0   0   1   0   4   0   0   2    0 [40.0/1.9]
ving   0   0   0   0   0   0   0   0   0   0   2   0   0   0   1   0   0   0   0   0   0   0   0   0   0   0   0   0   0   5   0   2    0 [50.0/1.6]
zero   0   0   0   0   0   0   0   0   0   0   0   0   0   0   0   0   0   0   0   0   0   0   0   0   0   0   0   0   0   0  10   0    0
paus   0   0   0   0   0   0   0   0   0   0   0   0   0   0   0   0   0   0   0   0   0   1   0   0   0   0   0   0   0   0   0   2    4 [66.7/0.3]
Ins    0   1   0   1   0   0   0   0   1   0   1   1   0   0   0   0   1   0   1   0   0   0   0   0   0   0   0   1   0   1   0 121
===================================================================
====================== HTK Results Analysis =======================
  Date: Sun Dec 21 13:36:39 2014
  Ref : Labels/
  Rec : Resultats/cinq_alban_2012.rec
      : Resultats/cinq_brice_2012.rec
      : Resultats/cinq_dominique_2012.rec
      : Resultats/cinq_eric_2012.rec
      : Resultats/cinq_etienne_2012.rec
------------------------ Overall Results --------------------------
SENT: %Correct=60.45 [H=188, S=123, N=311]
WORD: %Corr=89.27, Acc=48.26 [H=283, D=4, S=30, I=130, N=317]
------------------------ Confusion Matrix -------------------------
       c   c   d   d   d   d   e   e   f   h   m   m   n   o   p   p   q   q   q   q   s   s   s   s   s   t   t   t   u   v   z   p 
       i   i   e   i   i   o   g   t   o   u   o   u   e   n   a   l   u   u   u   u   e   e   i   o   u   r   r   r   n   i   e   a 
       n   n   u   v   x   u   a       i   i   i   l   u   z   r   u   a   a   a   i   i   p   x   i   r   e   e   o       n   r   u 
       q   q   x   i       z   l       s   t   n   t   f   e       s   r   t   t   n   z   t       x       i   n   i       g   o   s 
           u       s       e                   s   i                   a   o   r   z   e           a       z   t   s       t       e  Del [ %c / %e]
cinq   8   0   0   0   0   0   0   0   0   0   0   0   0   0   0   0   1   0   0   0   0   0   0   0   0   0   0   0   0   0   0   1    0 [80.0/0.6]
cinq   0   8   0   0   0   0   0   0   0   0   0   0   0   0   0   0   1   1   0   0   0   0   0   0   0   0   0   0   0   0   0   0    0 [80.0/0.6]
deux   0   0   9   0   0   1   0   0   0   0   0   0   0   0   0   0   0   0   0   0   0   0   0   0   0   0   0   0   0   0   0   0    0 [90.0/0.3]
divi   0   0   0  10   0   0   0   0   0   0   0   0   0   0   0   0   0   0   0   0   0   0   0   0   0   0   0   0   0   0   0   0    0
 dix   0   0   0   0   8   0   0   0   0   0   0   0   0   0   0   0   0   0   0   0   0   0   1   0   0   0   0   0   0   0   0   1    0 [80.0/0.6]
douz   0   0   0   0   0  10   0   0   0   0   0   0   0   0   0   0   0   0   0   0   0   0   0   0   0   0   0   0   0   0   0   0    0
egal   0   0   0   0   0   0  10   0   0   0   0   0   0   0   0   0   0   0   0   0   0   0   0   0   0   0   0   0   0   0   0   0    0
  et   0   0   0   1   0   0   0   7   0   0   0   0   0   0   0   1   0   0   0   0   0   0   0   0   0   0   0   0   0   0   0   1    0 [70.0/0.9]
fois   0   0   0   0   0   0   0   0   9   0   0   0   0   0   0   0   0   0   0   0   0   0   0   0   0   0   0   0   0   0   0   1    0 [90.0/0.3]
huit   0   0   0   0   0   0   0   0   0  10   0   0   0   0   0   0   0   0   0   0   0   0   0   0   0   0   0   0   0   0   0   0    0
moin   0   0   0   0   0   0   0   0   0   0  10   0   0   0   0   0   0   0   0   0   0   0   0   0   0   0   0   0   0   0   0   0    0
mult   0   0   0   0   0   0   0   0   0   0   0  10   0   0   0   0   0   0   0   0   0   0   0   0   0   0   0   0   0   0   0   0    0
neuf   0   0   0   0   0   0   0   0   0   0   0   0   9   0   0   0   0   0   1   0   0   0   0   0   0   0   0   0   0   0   0   0    0 [90.0/0.3]
onze   0   0   0   0   0   0   0   0   0   0   0   0   0   8   0   0   0   0   0   0   0   0   0   0   0   0   1   0   0   0   0   1    0 [80.0/0.6]
 par   0   0   0   0   0   0   0   0   0   0   0   0   0   0  10   0   0   0   0   0   0   0   0   0   0   0   0   0   0   0   0   0    0
plus   0   0   0   0   0   0   0   0   0   0   0   0   0   0   0  10   0   0   0   0   0   0   0   0   0   0   0   0   0   0   0   0    0
quar   0   0   0   0   0   0   0   0   0   0   0   0   0   0   0   0  10   0   0   0   0   0   0   0   0   0   0   0   0   0   0   0    0
quat   0   0   0   0   0   0   0   0   0   0   0   0   0   0   0   0   0  10   0   0   0   0   0   0   0   0   0   0   0   0   0   0    0
quat   0   0   0   0   0   0   0   0   0   0   0   0   0   0   0   0   0   0  10   0   0   0   0   0   0   0   0   0   0   0   0   0    0
quin   0   0   0   0   0   0   0   0   0   0   0   0   0   0   0   0   2   0   0   8   0   0   0   0   0   0   0   0   0   0   0   0    0 [80.0/0.6]
seiz   0   0   0   0   0   0   0   0   0   0   0   0   0   0   0   0   0   0   0   0   9   0   0   0   0   1   0   0   0   0   0   0    0 [90.0/0.3]
sept   0   0   0   0   0   0   0   0   0   0   0   0   0   0   0   0   0   0   0   0   0  10   0   0   0   0   0   0   0   0   0   0    0
 six   0   0   0   0   0   0   0   0   0   0   0   0   0   0   0   0   0   0   0   0   0   0  10   0   0   0   0   0   0   0   0   0    0
soix   0   0   0   0   0   0   0   0   0   0   0   0   0   0   0   0   0   0   0   0   0   0   0  10   0   0   0   0   0   0   0   0    0
 sur   0   0   0   0   0   1   0   0   0   0   0   0   0   0   0   0   0   0   0   0   0   0   0   0   9   0   0   0   0   0   0   0    0 [90.0/0.3]
trei   0   0   0   0   0   0   0   0   0   0   0   0   0   0   0   0   0   0   0   0   0   0   0   0   0  10   0   0   0   0   0   0    0
tren   0   0   0   0   0   0   0   0   0   0   0   0   0   0   0   0   0   0   0   0   0   0   0   0   0   0  10   0   0   0   0   0    0
troi   0   0   0   0   0   0   0   0   0   0   0   0   0   0   0   0   0   0   0   0   0   0   0   0   0   0   0  10   0   0   0   0    0
  un   2   0   0   0   0   0   0   0   0   0   0   0   0   0   0   0   0   0   0   1   0   0   0   0   0   0   1   0   4   0   0   2    0 [40.0/1.9]
ving   0   0   0   0   0   0   0   0   0   0   2   0   0   0   1   0   0   0   0   0   0   0   0   0   0   0   0   0   0   5   0   2    0 [50.0/1.6]
zero   0   0   0   0   0   0   0   0   0   0   0   0   0   0   0   0   0   0   0   0   0   0   0   0   0   0   0   0   0   0  10   0    0
paus   0   0   0   0   0   0   0   0   0   0   0   0   0   0   0   0   0   0   0   0   0   1   0   0   0   0   0   0   0   0   0   2    4 [66.7/0.3]
Ins    0   1   0   1   0   0   0   0   1   0   1   1   0   0   0   0   1   0   1   0   0   0   0   0   0   0   0   1   0   1   0 121
===================================================================
